{"D:\\online-learning-platform\\online-learning-platform\\frontend\\src\\components\\HelloWorld.vue": {"path":"D:\\online-learning-platform\\online-learning-platform\\frontend\\src\\components\\HelloWorld.vue","statementMap":{"0":{"start":{"line":8,"column":13},"end":{"line":8,"column":20}},"1":{"start":{"line":14,"column":7},"end":{"line":14,"column":null}},"2":{"start":{"line":15,"column":34},"end":{"line":15,"column":43}}},"fnMap":{"0":{"name":"(anonymous_0)","decl":{"start":{"line":15,"column":32},"end":{"line":15,"column":34}},"loc":{"start":{"line":15,"column":34},"end":{"line":15,"column":43}},"line":15}},"branchMap":{"0":{"loc":{"start":{"line":15,"column":32},"end":{"line":15,"column":43}},"type":"binary-expr","locations":[{"start":{"line":15,"column":32},"end":{"line":15,"column":34}},{"start":{"line":15,"column":32},"end":{"line":15,"column":43}}],"line":15},"1":{"loc":{"start":{"line":16,"column":4},"end":{"line":19,"column":8}},"type":"binary-expr","locations":[{"start":{"line":16,"column":4},"end":{"line":16,"column":7}},{"start":{"line":16,"column":4},"end":{"line":19,"column":8}}],"line":16},"2":{"loc":{"start":{"line":22,"column":2},"end":{"line":27,"column":6}},"type":"binary-expr","locations":[{"start":{"line":22,"column":2},"end":{"line":22,"column":5}},{"start":{"line":22,"column":2},"end":{"line":27,"column":6}}],"line":22},"3":{"loc":{"start":{"line":28,"column":2},"end":{"line":35,"column":6}},"type":"binary-expr","locations":[{"start":{"line":28,"column":2},"end":{"line":28,"column":5}},{"start":{"line":28,"column":2},"end":{"line":35,"column":6}}],"line":28},"4":{"loc":{"start":{"line":36,"column":2},"end":{"line":36,"column":76}},"type":"binary-expr","locations":[{"start":{"line":36,"column":2},"end":{"line":36,"column":5}},{"start":{"line":36,"column":2},"end":{"line":36,"column":76}}],"line":36}},"s":{"0":2,"1":1,"2":3},"f":{"0":3},"b":{"0":[5,2],"1":[5,2],"2":[5,2],"3":[5,2],"4":[5,2]},"meta":{"lastBranch":5,"lastFunction":1,"lastStatement":3,"seen":{"s:8:13:8:20":0,"s:14:7:14:Infinity":1,"b:15:32:15:34:15:32:15:43":0,"f:15:32:15:34":0,"s:15:34:15:43":2,"b:16:4:16:7:16:4:19:8":1,"b:22:2:22:5:22:2:27:6":2,"b:28:2:28:5:28:2:35:6":3,"b:36:2:36:5:36:2:36:76":4},"fnNames":{}}}
,"D:\\online-learning-platform\\online-learning-platform\\frontend\\src\\views\\Admin.vue": {"path":"D:\\online-learning-platform\\online-learning-platform\\frontend\\src\\views\\Admin.vue","statementMap":{"0":{"start":{"line":206,"column":14},"end":{"line":206,"column":26}},"1":{"start":{"line":207,"column":17},"end":{"line":207,"column":34}},"2":{"start":{"line":210,"column":23},"end":{"line":210,"column":30}},"3":{"start":{"line":211,"column":24},"end":{"line":220,"column":1}},"4":{"start":{"line":212,"column":2},"end":{"line":219,"column":3}},"5":{"start":{"line":213,"column":16},"end":{"line":213,"column":72}},"6":{"start":{"line":214,"column":4},"end":{"line":216,"column":5}},"7":{"start":{"line":215,"column":6},"end":{"line":215,"column":44}},"8":{"start":{"line":218,"column":4},"end":{"line":218,"column":38}},"9":{"start":{"line":223,"column":18},"end":{"line":223,"column":26}},"10":{"start":{"line":224,"column":15},"end":{"line":224,"column":26}},"11":{"start":{"line":225,"column":21},"end":{"line":225,"column":32}},"12":{"start":{"line":226,"column":18},"end":{"line":226,"column":29}},"13":{"start":{"line":227,"column":18},"end":{"line":227,"column":29}},"14":{"start":{"line":229,"column":18},"end":{"line":229,"column":118}},"15":{"start":{"line":232,"column":28},"end":{"line":232,"column":39}},"16":{"start":{"line":233,"column":27},"end":{"line":233,"column":37}},"17":{"start":{"line":234,"column":24},"end":{"line":234,"column":32}},"18":{"start":{"line":235,"column":22},"end":{"line":235,"column":75}},"19":{"start":{"line":236,"column":21},"end":{"line":236,"column":32}},"20":{"start":{"line":238,"column":16},"end":{"line":238,"column":24}},"21":{"start":{"line":239,"column":20},"end":{"line":239,"column":31}},"22":{"start":{"line":240,"column":19},"end":{"line":240,"column":29}},"23":{"start":{"line":241,"column":20},"end":{"line":241,"column":30}},"24":{"start":{"line":243,"column":25},"end":{"line":247,"column":1}},"25":{"start":{"line":244,"column":2},"end":{"line":244,"column":25}},"26":{"start":{"line":245,"column":2},"end":{"line":246,"column":46}},"27":{"start":{"line":245,"column":28},"end":{"line":245,"column":57}},"28":{"start":{"line":245,"column":44},"end":{"line":245,"column":56}},"29":{"start":{"line":246,"column":7},"end":{"line":246,"column":46}},"30":{"start":{"line":246,"column":34},"end":{"line":246,"column":46}},"31":{"start":{"line":249,"column":21},"end":{"line":255,"column":1}},"32":{"start":{"line":250,"column":2},"end":{"line":250,"column":22}},"33":{"start":{"line":251,"column":2},"end":{"line":254,"column":81}},"34":{"start":{"line":252,"column":16},"end":{"line":252,"column":68}},"35":{"start":{"line":253,"column":4},"end":{"line":253,"column":76}},"36":{"start":{"line":253,"column":28},"end":{"line":253,"column":61}},"37":{"start":{"line":253,"column":62},"end":{"line":253,"column":74}},"38":{"start":{"line":254,"column":20},"end":{"line":254,"column":45}},"39":{"start":{"line":254,"column":58},"end":{"line":254,"column":79}},"40":{"start":{"line":257,"column":22},"end":{"line":261,"column":1}},"41":{"start":{"line":258,"column":2},"end":{"line":258,"column":27}},"42":{"start":{"line":259,"column":2},"end":{"line":259,"column":116}},"43":{"start":{"line":260,"column":2},"end":{"line":260,"column":28}},"44":{"start":{"line":263,"column":25},"end":{"line":263,"column":120}},"45":{"start":{"line":263,"column":36},"end":{"line":263,"column":60}},"46":{"start":{"line":263,"column":61},"end":{"line":263,"column":91}},"47":{"start":{"line":263,"column":92},"end":{"line":263,"column":118}},"48":{"start":{"line":265,"column":19},"end":{"line":280,"column":1}},"49":{"start":{"line":266,"column":2},"end":{"line":268,"column":3}},"50":{"start":{"line":267,"column":4},"end":{"line":267,"column":42}},"51":{"start":{"line":269,"column":2},"end":{"line":269,"column":25}},"52":{"start":{"line":270,"column":2},"end":{"line":279,"column":82}},"53":{"start":{"line":271,"column":4},"end":{"line":277,"column":5}},"54":{"start":{"line":272,"column":6},"end":{"line":272,"column":99}},"55":{"start":{"line":273,"column":6},"end":{"line":273,"column":34}},"56":{"start":{"line":275,"column":6},"end":{"line":275,"column":77}},"57":{"start":{"line":276,"column":6},"end":{"line":276,"column":35}},"58":{"start":{"line":278,"column":4},"end":{"line":278,"column":32}},"59":{"start":{"line":278,"column":33},"end":{"line":278,"column":47}},"60":{"start":{"line":279,"column":20},"end":{"line":279,"column":43}},"61":{"start":{"line":279,"column":56},"end":{"line":279,"column":80}},"62":{"start":{"line":284,"column":21},"end":{"line":295,"column":1}},"63":{"start":{"line":285,"column":18},"end":{"line":285,"column":103}},"64":{"start":{"line":286,"column":17},"end":{"line":286,"column":44}},"65":{"start":{"line":288,"column":2},"end":{"line":290,"column":3}},"66":{"start":{"line":289,"column":4},"end":{"line":289,"column":51}},"67":{"start":{"line":291,"column":2},"end":{"line":293,"column":3}},"68":{"start":{"line":292,"column":4},"end":{"line":292,"column":36}},"69":{"start":{"line":294,"column":2},"end":{"line":294,"column":26}},"70":{"start":{"line":298,"column":28},"end":{"line":305,"column":1}},"71":{"start":{"line":299,"column":2},"end":{"line":304,"column":3}},"72":{"start":{"line":300,"column":4},"end":{"line":300,"column":42}},"73":{"start":{"line":301,"column":4},"end":{"line":301,"column":32}},"74":{"start":{"line":303,"column":4},"end":{"line":303,"column":31}},"75":{"start":{"line":307,"column":27},"end":{"line":312,"column":1}},"76":{"start":{"line":308,"column":2},"end":{"line":311,"column":45}},"77":{"start":{"line":309,"column":16},"end":{"line":309,"column":83}},"78":{"start":{"line":310,"column":4},"end":{"line":310,"column":73}},"79":{"start":{"line":310,"column":28},"end":{"line":310,"column":56}},"80":{"start":{"line":310,"column":57},"end":{"line":310,"column":71}},"81":{"start":{"line":311,"column":20},"end":{"line":311,"column":43}},"82":{"start":{"line":315,"column":27},"end":{"line":320,"column":1}},"83":{"start":{"line":316,"column":2},"end":{"line":319,"column":20}},"84":{"start":{"line":317,"column":16},"end":{"line":317,"column":89}},"85":{"start":{"line":318,"column":4},"end":{"line":318,"column":64}},"86":{"start":{"line":318,"column":26},"end":{"line":318,"column":64}},"87":{"start":{"line":321,"column":27},"end":{"line":324,"column":1}},"88":{"start":{"line":322,"column":2},"end":{"line":322,"column":37}},"89":{"start":{"line":322,"column":38},"end":{"line":322,"column":72}},"90":{"start":{"line":322,"column":73},"end":{"line":322,"column":108}},"91":{"start":{"line":323,"column":2},"end":{"line":323,"column":104}},"92":{"start":{"line":325,"column":19},"end":{"line":335,"column":1}},"93":{"start":{"line":326,"column":2},"end":{"line":326,"column":107}},"94":{"start":{"line":326,"column":70},"end":{"line":326,"column":107}},"95":{"start":{"line":327,"column":2},"end":{"line":327,"column":28}},"96":{"start":{"line":328,"column":2},"end":{"line":334,"column":60}},"97":{"start":{"line":329,"column":16},"end":{"line":329,"column":132}},"98":{"start":{"line":330,"column":4},"end":{"line":333,"column":5}},"99":{"start":{"line":331,"column":6},"end":{"line":331,"column":35}},"100":{"start":{"line":331,"column":36},"end":{"line":331,"column":90}},"101":{"start":{"line":332,"column":6},"end":{"line":332,"column":108}},"102":{"start":{"line":334,"column":31},"end":{"line":334,"column":58}},"103":{"start":{"line":336,"column":22},"end":{"line":341,"column":1}},"104":{"start":{"line":337,"column":2},"end":{"line":340,"column":20}},"105":{"start":{"line":338,"column":16},"end":{"line":338,"column":85}},"106":{"start":{"line":339,"column":4},"end":{"line":339,"column":106}},"107":{"start":{"line":339,"column":28},"end":{"line":339,"column":55}},"108":{"start":{"line":339,"column":56},"end":{"line":339,"column":104}},"109":{"start":{"line":344,"column":19},"end":{"line":350,"column":1}},"110":{"start":{"line":345,"column":2},"end":{"line":345,"column":27}},"111":{"start":{"line":346,"column":2},"end":{"line":349,"column":59}},"112":{"start":{"line":347,"column":16},"end":{"line":347,"column":66}},"113":{"start":{"line":348,"column":4},"end":{"line":348,"column":56}},"114":{"start":{"line":348,"column":26},"end":{"line":348,"column":56}},"115":{"start":{"line":349,"column":31},"end":{"line":349,"column":57}},"116":{"start":{"line":351,"column":25},"end":{"line":356,"column":1}},"117":{"start":{"line":352,"column":2},"end":{"line":355,"column":20}},"118":{"start":{"line":353,"column":16},"end":{"line":353,"column":79}},"119":{"start":{"line":354,"column":4},"end":{"line":354,"column":75}},"120":{"start":{"line":354,"column":28},"end":{"line":354,"column":60}},"121":{"start":{"line":354,"column":61},"end":{"line":354,"column":73}},"122":{"start":{"line":358,"column":19},"end":{"line":367,"column":1}},"123":{"start":{"line":359,"column":2},"end":{"line":359,"column":55}},"124":{"start":{"line":359,"column":49},"end":{"line":359,"column":55}},"125":{"start":{"line":360,"column":19},"end":{"line":360,"column":50}},"126":{"start":{"line":360,"column":64},"end":{"line":360,"column":96}},"127":{"start":{"line":361,"column":24},"end":{"line":361,"column":26}},"128":{"start":{"line":362,"column":2},"end":{"line":362,"column":116}},"129":{"start":{"line":362,"column":39},"end":{"line":362,"column":113}},"130":{"start":{"line":363,"column":18},"end":{"line":363,"column":99}},"131":{"start":{"line":363,"column":57},"end":{"line":363,"column":97}},"132":{"start":{"line":364,"column":2},"end":{"line":364,"column":320}},"133":{"start":{"line":365,"column":2},"end":{"line":365,"column":561}},"134":{"start":{"line":366,"column":2},"end":{"line":366,"column":84}},"135":{"start":{"line":366,"column":44},"end":{"line":366,"column":62}},"136":{"start":{"line":366,"column":63},"end":{"line":366,"column":81}},"137":{"start":{"line":370,"column":0},"end":{"line":373,"column":2}},"138":{"start":{"line":371,"column":2},"end":{"line":371,"column":16}},"139":{"start":{"line":372,"column":2},"end":{"line":372,"column":19}},"140":{"start":{"line":2,"column":7},"end":{"line":2,"column":null}},"141":{"start":{"line":20,"column":13},"end":{"line":20,"column":null}},"142":{"start":{"line":27,"column":48},"end":{"line":27,"column":null}},"143":{"start":{"line":35,"column":21},"end":{"line":35,"column":43}},"144":{"start":{"line":41,"column":21},"end":{"line":41,"column":43}},"145":{"start":{"line":67,"column":46},"end":{"line":67,"column":null}},"146":{"start":{"line":68,"column":15},"end":{"line":68,"column":null}},"147":{"start":{"line":84,"column":24},"end":{"line":84,"column":79}},"148":{"start":{"line":106,"column":48},"end":{"line":106,"column":null}},"149":{"start":{"line":114,"column":49},"end":{"line":114,"column":105}},"150":{"start":{"line":178,"column":15},"end":{"line":178,"column":null}},"151":{"start":{"line":179,"column":17},"end":{"line":179,"column":null}},"152":{"start":{"line":180,"column":20},"end":{"line":180,"column":93}},"153":{"start":{"line":181,"column":19},"end":{"line":181,"column":121}},"154":{"start":{"line":2,"column":2},"end":{"line":192,"column":158}},"155":{"start":{"line":23,"column":17},"end":{"line":106,"column":48}},"156":{"start":{"line":8,"column":14},"end":{"line":21,"column":80}},"157":{"start":{"line":12,"column":25},"end":{"line":17,"column":68}},"158":{"start":{"line":11,"column":45},"end":{"line":11,"column":62}},"159":{"start":{"line":14,"column":43},"end":{"line":14,"column":60}},"160":{"start":{"line":17,"column":51},"end":{"line":17,"column":68}},"161":{"start":{"line":21,"column":34},"end":{"line":21,"column":61}},"162":{"start":{"line":21,"column":68},"end":{"line":21,"column":80}},"163":{"start":{"line":65,"column":14},"end":{"line":106,"column":48}},"164":{"start":{"line":37,"column":21},"end":{"line":47,"column":70}},"165":{"start":{"line":36,"column":24},"end":{"line":35,"column":91}},"166":{"start":{"line":34,"column":51},"end":{"line":35,"column":91}},"167":{"start":{"line":42,"column":24},"end":{"line":41,"column":89}},"168":{"start":{"line":40,"column":52},"end":{"line":41,"column":89}},"169":{"start":{"line":48,"column":24},"end":{"line":47,"column":70}},"170":{"start":{"line":46,"column":52},"end":{"line":47,"column":70}},"171":{"start":{"line":57,"column":21},"end":{"line":61,"column":null}},"172":{"start":{"line":56,"column":24},"end":{"line":55,"column":null}},"173":{"start":{"line":54,"column":62},"end":{"line":55,"column":null}},"174":{"start":{"line":62,"column":24},"end":{"line":61,"column":null}},"175":{"start":{"line":60,"column":64},"end":{"line":61,"column":null}},"176":{"start":{"line":70,"column":84},"end":{"line":70,"column":96}},"177":{"start":{"line":102,"column":23},"end":{"line":73,"column":null}},"178":{"start":{"line":74,"column":65},"end":{"line":98,"column":85}},"179":{"start":{"line":76,"column":41},"end":{"line":77,"column":89}},"180":{"start":{"line":83,"column":41},"end":{"line":84,"column":121}},"181":{"start":{"line":89,"column":41},"end":{"line":90,"column":127}},"182":{"start":{"line":90,"column":127},"end":{"line":90,"column":127}},"183":{"start":{"line":94,"column":41},"end":{"line":98,"column":85}},"184":{"start":{"line":95,"column":57},"end":{"line":95,"column":88}},"185":{"start":{"line":95,"column":92},"end":{"line":95,"column":104}},"186":{"start":{"line":96,"column":57},"end":{"line":96,"column":86}},"187":{"start":{"line":96,"column":88},"end":{"line":96,"column":100}},"188":{"start":{"line":97,"column":140},"end":{"line":97,"column":null}},"189":{"start":{"line":98,"column":85},"end":{"line":98,"column":85}},"190":{"start":{"line":98,"column":73},"end":{"line":98,"column":85}},"191":{"start":{"line":127,"column":23},"end":{"line":111,"column":null}},"192":{"start":{"line":112,"column":67},"end":{"line":123,"column":87}},"193":{"start":{"line":114,"column":41},"end":{"line":114,"column":130}},"194":{"start":{"line":118,"column":41},"end":{"line":118,"column":116}},"195":{"start":{"line":118,"column":105},"end":{"line":118,"column":116}},"196":{"start":{"line":121,"column":41},"end":{"line":123,"column":87}},"197":{"start":{"line":122,"column":149},"end":{"line":122,"column":null}},"198":{"start":{"line":123,"column":87},"end":{"line":123,"column":87}},"199":{"start":{"line":123,"column":75},"end":{"line":123,"column":87}},"200":{"start":{"line":133,"column":24},"end":{"line":133,"column":40}},"201":{"start":{"line":169,"column":64},"end":{"line":170,"column":110}},"202":{"start":{"line":169,"column":27},"end":{"line":169,"column":50}},"203":{"start":{"line":169,"column":52},"end":{"line":169,"column":64}},"204":{"start":{"line":170,"column":110},"end":{"line":170,"column":110}},"205":{"start":{"line":167,"column":16},"end":{"line":166,"column":132}},"206":{"start":{"line":135,"column":115},"end":{"line":166,"column":132}},"207":{"start":{"line":135,"column":100},"end":{"line":135,"column":100}},"208":{"start":{"line":135,"column":54},"end":{"line":135,"column":72}},"209":{"start":{"line":138,"column":97},"end":{"line":138,"column":97}},"210":{"start":{"line":138,"column":29},"end":{"line":138,"column":54}},"211":{"start":{"line":147,"column":22},"end":{"line":146,"column":66}},"212":{"start":{"line":142,"column":30},"end":{"line":142,"column":51}},"213":{"start":{"line":143,"column":65},"end":{"line":146,"column":66}},"214":{"start":{"line":160,"column":22},"end":{"line":163,"column":16}},"215":{"start":{"line":158,"column":102},"end":{"line":159,"column":74}},"216":{"start":{"line":159,"column":64},"end":{"line":159,"column":74}},"217":{"start":{"line":165,"column":104},"end":{"line":165,"column":104}},"218":{"start":{"line":165,"column":54},"end":{"line":165,"column":76}},"219":{"start":{"line":166,"column":132},"end":{"line":166,"column":132}},"220":{"start":{"line":166,"column":54},"end":{"line":166,"column":78}},"221":{"start":{"line":174,"column":24},"end":{"line":174,"column":47}},"222":{"start":{"line":175,"column":85},"end":{"line":192,"column":158}},"223":{"start":{"line":177,"column":58},"end":{"line":183,"column":88}},"224":{"start":{"line":177,"column":8},"end":{"line":183,"column":88}},"225":{"start":{"line":184,"column":16},"end":{"line":183,"column":88}},"226":{"start":{"line":183,"column":50},"end":{"line":183,"column":74}},"227":{"start":{"line":183,"column":76},"end":{"line":183,"column":88}},"228":{"start":{"line":187,"column":23},"end":{"line":187,"column":36}},"229":{"start":{"line":189,"column":153},"end":{"line":192,"column":158}},"230":{"start":{"line":189,"column":138},"end":{"line":189,"column":135}},"231":{"start":{"line":189,"column":74},"end":{"line":189,"column":106}},"232":{"start":{"line":190,"column":104},"end":{"line":190,"column":104}},"233":{"start":{"line":190,"column":54},"end":{"line":190,"column":76}},"234":{"start":{"line":191,"column":110},"end":{"line":191,"column":110}},"235":{"start":{"line":191,"column":56},"end":{"line":191,"column":82}},"236":{"start":{"line":192,"column":146},"end":{"line":192,"column":158}}},"fnMap":{"0":{"name":"(anonymous_0)","decl":{"start":{"line":211,"column":24},"end":{"line":211,"column":29}},"loc":{"start":{"line":211,"column":36},"end":{"line":220,"column":1}},"line":211},"1":{"name":"(anonymous_1)","decl":{"start":{"line":243,"column":25},"end":{"line":243,"column":26}},"loc":{"start":{"line":243,"column":36},"end":{"line":247,"column":1}},"line":243},"2":{"name":"(anonymous_2)","decl":{"start":{"line":245,"column":38},"end":{"line":245,"column":39}},"loc":{"start":{"line":245,"column":44},"end":{"line":245,"column":56}},"line":245},"3":{"name":"(anonymous_3)","decl":{"start":{"line":249,"column":21},"end":{"line":249,"column":26}},"loc":{"start":{"line":249,"column":33},"end":{"line":255,"column":1}},"line":249},"4":{"name":"(anonymous_4)","decl":{"start":{"line":257,"column":22},"end":{"line":257,"column":23}},"loc":{"start":{"line":257,"column":28},"end":{"line":261,"column":1}},"line":257},"5":{"name":"(anonymous_5)","decl":{"start":{"line":263,"column":25},"end":{"line":263,"column":26}},"loc":{"start":{"line":263,"column":34},"end":{"line":263,"column":120}},"line":263},"6":{"name":"(anonymous_6)","decl":{"start":{"line":265,"column":19},"end":{"line":265,"column":24}},"loc":{"start":{"line":265,"column":31},"end":{"line":280,"column":1}},"line":265},"7":{"name":"(anonymous_7)","decl":{"start":{"line":284,"column":21},"end":{"line":284,"column":22}},"loc":{"start":{"line":284,"column":31},"end":{"line":295,"column":1}},"line":284},"8":{"name":"(anonymous_8)","decl":{"start":{"line":298,"column":28},"end":{"line":298,"column":29}},"loc":{"start":{"line":298,"column":43},"end":{"line":305,"column":1}},"line":298},"9":{"name":"(anonymous_9)","decl":{"start":{"line":307,"column":27},"end":{"line":307,"column":32}},"loc":{"start":{"line":307,"column":47},"end":{"line":312,"column":1}},"line":307},"10":{"name":"(anonymous_10)","decl":{"start":{"line":315,"column":27},"end":{"line":315,"column":32}},"loc":{"start":{"line":315,"column":47},"end":{"line":320,"column":1}},"line":315},"11":{"name":"(anonymous_11)","decl":{"start":{"line":321,"column":27},"end":{"line":321,"column":32}},"loc":{"start":{"line":321,"column":45},"end":{"line":324,"column":1}},"line":321},"12":{"name":"(anonymous_12)","decl":{"start":{"line":325,"column":19},"end":{"line":325,"column":24}},"loc":{"start":{"line":325,"column":31},"end":{"line":335,"column":1}},"line":325},"13":{"name":"(anonymous_13)","decl":{"start":{"line":336,"column":22},"end":{"line":336,"column":27}},"loc":{"start":{"line":336,"column":43},"end":{"line":341,"column":1}},"line":336},"14":{"name":"(anonymous_14)","decl":{"start":{"line":344,"column":19},"end":{"line":344,"column":24}},"loc":{"start":{"line":344,"column":31},"end":{"line":350,"column":1}},"line":344},"15":{"name":"(anonymous_15)","decl":{"start":{"line":351,"column":25},"end":{"line":351,"column":30}},"loc":{"start":{"line":351,"column":43},"end":{"line":356,"column":1}},"line":351},"16":{"name":"(anonymous_16)","decl":{"start":{"line":358,"column":19},"end":{"line":358,"column":20}},"loc":{"start":{"line":358,"column":25},"end":{"line":367,"column":1}},"line":358},"17":{"name":"(anonymous_17)","decl":{"start":{"line":362,"column":27},"end":{"line":362,"column":33}},"loc":{"start":{"line":362,"column":37},"end":{"line":362,"column":115}},"line":362},"18":{"name":"(anonymous_18)","decl":{"start":{"line":363,"column":49},"end":{"line":363,"column":52}},"loc":{"start":{"line":363,"column":57},"end":{"line":363,"column":97}},"line":363},"19":{"name":"(anonymous_19)","decl":{"start":{"line":366,"column":36},"end":{"line":366,"column":37}},"loc":{"start":{"line":366,"column":42},"end":{"line":366,"column":83}},"line":366},"20":{"name":"(anonymous_20)","decl":{"start":{"line":370,"column":10},"end":{"line":370,"column":11}},"loc":{"start":{"line":370,"column":16},"end":{"line":373,"column":1}},"line":370},"21":{"name":"(anonymous_21)","decl":{"start":{"line":4,"column":6},"end":{"line":4,"column":16}},"loc":{"start":{"line":23,"column":17},"end":{"line":106,"column":48}},"line":23},"22":{"name":"(anonymous_22)","decl":{"start":{"line":5,"column":8},"end":{"line":5,"column":13}},"loc":{"start":{"line":8,"column":14},"end":{"line":21,"column":80}},"line":8},"23":{"name":"(anonymous_23)","decl":{"start":{"line":10,"column":10},"end":{"line":10,"column":24}},"loc":{"start":{"line":12,"column":25},"end":{"line":17,"column":68}},"line":12},"24":{"name":"(anonymous_24)","decl":{"start":{"line":11,"column":12},"end":{"line":11,"column":15}},"loc":{"start":{"line":11,"column":45},"end":{"line":11,"column":62}},"line":11},"25":{"name":"(anonymous_25)","decl":{"start":{"line":14,"column":12},"end":{"line":14,"column":15}},"loc":{"start":{"line":14,"column":43},"end":{"line":14,"column":60}},"line":14},"26":{"name":"(anonymous_26)","decl":{"start":{"line":17,"column":12},"end":{"line":17,"column":15}},"loc":{"start":{"line":17,"column":51},"end":{"line":17,"column":68}},"line":17},"27":{"name":"(anonymous_27)","decl":{"start":{"line":21,"column":32},"end":{"line":21,"column":34}},"loc":{"start":{"line":21,"column":34},"end":{"line":21,"column":61}},"line":21},"28":{"name":"(anonymous_28)","decl":{"start":{"line":21,"column":61},"end":{"line":21,"column":68}},"loc":{"start":{"line":21,"column":68},"end":{"line":21,"column":80}},"line":21},"29":{"name":"(anonymous_29)","decl":{"start":{"line":27,"column":8},"end":{"line":27,"column":21}},"loc":{"start":{"line":65,"column":14},"end":{"line":106,"column":48}},"line":65},"30":{"name":"(anonymous_30)","decl":{"start":{"line":32,"column":12},"end":{"line":32,"column":21}},"loc":{"start":{"line":37,"column":21},"end":{"line":47,"column":70}},"line":37},"31":{"name":"(anonymous_31)","decl":{"start":{"line":33,"column":14},"end":{"line":33,"column":23}},"loc":{"start":{"line":36,"column":24},"end":{"line":35,"column":91}},"line":36},"32":{"name":"(anonymous_32)","decl":{"start":{"line":34,"column":16},"end":{"line":34,"column":21}},"loc":{"start":{"line":34,"column":51},"end":{"line":35,"column":91}},"line":34},"33":{"name":"(anonymous_33)","decl":{"start":{"line":39,"column":14},"end":{"line":39,"column":23}},"loc":{"start":{"line":42,"column":24},"end":{"line":41,"column":89}},"line":42},"34":{"name":"(anonymous_34)","decl":{"start":{"line":40,"column":16},"end":{"line":40,"column":21}},"loc":{"start":{"line":40,"column":52},"end":{"line":41,"column":89}},"line":40},"35":{"name":"(anonymous_35)","decl":{"start":{"line":45,"column":14},"end":{"line":45,"column":23}},"loc":{"start":{"line":48,"column":24},"end":{"line":47,"column":70}},"line":48},"36":{"name":"(anonymous_36)","decl":{"start":{"line":46,"column":16},"end":{"line":46,"column":21}},"loc":{"start":{"line":46,"column":52},"end":{"line":47,"column":70}},"line":46},"37":{"name":"(anonymous_37)","decl":{"start":{"line":52,"column":12},"end":{"line":52,"column":21}},"loc":{"start":{"line":57,"column":21},"end":{"line":61,"column":null}},"line":57},"38":{"name":"(anonymous_38)","decl":{"start":{"line":53,"column":14},"end":{"line":53,"column":23}},"loc":{"start":{"line":56,"column":24},"end":{"line":55,"column":null}},"line":56},"39":{"name":"(anonymous_39)","decl":{"start":{"line":54,"column":16},"end":{"line":54,"column":20}},"loc":{"start":{"line":54,"column":62},"end":{"line":55,"column":null}},"line":54},"40":{"name":"(anonymous_40)","decl":{"start":{"line":59,"column":14},"end":{"line":59,"column":23}},"loc":{"start":{"line":62,"column":24},"end":{"line":61,"column":null}},"line":62},"41":{"name":"(anonymous_41)","decl":{"start":{"line":60,"column":16},"end":{"line":60,"column":20}},"loc":{"start":{"line":60,"column":64},"end":{"line":61,"column":null}},"line":60},"42":{"name":"(anonymous_42)","decl":{"start":{"line":70,"column":77},"end":{"line":70,"column":84}},"loc":{"start":{"line":70,"column":84},"end":{"line":70,"column":96}},"line":70},"43":{"name":"(anonymous_43)","decl":{"start":{"line":73,"column":12},"end":{"line":73,"column":23}},"loc":{"start":{"line":102,"column":23},"end":{"line":73,"column":null}},"line":102},"44":{"name":"(anonymous_44)","decl":{"start":{"line":74,"column":14},"end":{"line":74,"column":31}},"loc":{"start":{"line":74,"column":65},"end":{"line":98,"column":85}},"line":74},"45":{"name":"(anonymous_45)","decl":{"start":{"line":77,"column":18},"end":{"line":77,"column":29}},"loc":{"start":{"line":76,"column":41},"end":{"line":77,"column":89}},"line":76},"46":{"name":"(anonymous_46)","decl":{"start":{"line":84,"column":18},"end":{"line":84,"column":24}},"loc":{"start":{"line":83,"column":41},"end":{"line":84,"column":121}},"line":83},"47":{"name":"(anonymous_47)","decl":{"start":{"line":90,"column":18},"end":{"line":90,"column":26}},"loc":{"start":{"line":89,"column":41},"end":{"line":90,"column":127}},"line":89},"48":{"name":"(anonymous_48)","decl":{"start":{"line":90,"column":103},"end":{"line":90,"column":106}},"loc":{"start":{"line":90,"column":127},"end":{"line":90,"column":127}},"line":90},"49":{"name":"(anonymous_49)","decl":{"start":{"line":95,"column":18},"end":{"line":95,"column":29}},"loc":{"start":{"line":94,"column":41},"end":{"line":98,"column":85}},"line":94},"50":{"name":"(anonymous_50)","decl":{"start":{"line":95,"column":55},"end":{"line":95,"column":57}},"loc":{"start":{"line":95,"column":57},"end":{"line":95,"column":88}},"line":95},"51":{"name":"(anonymous_51)","decl":{"start":{"line":95,"column":88},"end":{"line":95,"column":92}},"loc":{"start":{"line":95,"column":92},"end":{"line":95,"column":104}},"line":95},"52":{"name":"(anonymous_52)","decl":{"start":{"line":96,"column":55},"end":{"line":96,"column":57}},"loc":{"start":{"line":96,"column":57},"end":{"line":96,"column":86}},"line":96},"53":{"name":"(anonymous_53)","decl":{"start":{"line":96,"column":86},"end":{"line":96,"column":88}},"loc":{"start":{"line":96,"column":88},"end":{"line":96,"column":100}},"line":96},"54":{"name":"(anonymous_54)","decl":{"start":{"line":97,"column":138},"end":{"line":97,"column":140}},"loc":{"start":{"line":97,"column":140},"end":{"line":97,"column":null}},"line":97},"55":{"name":"(anonymous_55)","decl":{"start":{"line":98,"column":41},"end":{"line":98,"column":52}},"loc":{"start":{"line":98,"column":85},"end":{"line":98,"column":85}},"line":98},"56":{"name":"(anonymous_56)","decl":{"start":{"line":98,"column":71},"end":{"line":98,"column":73}},"loc":{"start":{"line":98,"column":73},"end":{"line":98,"column":85}},"line":98},"57":{"name":"(anonymous_57)","decl":{"start":{"line":111,"column":12},"end":{"line":111,"column":23}},"loc":{"start":{"line":127,"column":23},"end":{"line":111,"column":null}},"line":127},"58":{"name":"(anonymous_58)","decl":{"start":{"line":112,"column":14},"end":{"line":112,"column":31}},"loc":{"start":{"line":112,"column":67},"end":{"line":123,"column":87}},"line":112},"59":{"name":"(anonymous_59)","decl":{"start":{"line":114,"column":43},"end":{"line":114,"column":49}},"loc":{"start":{"line":114,"column":41},"end":{"line":114,"column":130}},"line":114},"60":{"name":"(anonymous_60)","decl":{"start":{"line":118,"column":43},"end":{"line":118,"column":51}},"loc":{"start":{"line":118,"column":41},"end":{"line":118,"column":116}},"line":118},"61":{"name":"(anonymous_61)","decl":{"start":{"line":118,"column":76},"end":{"line":118,"column":79}},"loc":{"start":{"line":118,"column":105},"end":{"line":118,"column":116}},"line":118},"62":{"name":"(anonymous_62)","decl":{"start":{"line":122,"column":18},"end":{"line":122,"column":33}},"loc":{"start":{"line":121,"column":41},"end":{"line":123,"column":87}},"line":121},"63":{"name":"(anonymous_63)","decl":{"start":{"line":122,"column":147},"end":{"line":122,"column":149}},"loc":{"start":{"line":122,"column":149},"end":{"line":122,"column":null}},"line":122},"64":{"name":"(anonymous_64)","decl":{"start":{"line":123,"column":41},"end":{"line":123,"column":52}},"loc":{"start":{"line":123,"column":87},"end":{"line":123,"column":87}},"line":123},"65":{"name":"(anonymous_65)","decl":{"start":{"line":123,"column":71},"end":{"line":123,"column":75}},"loc":{"start":{"line":123,"column":75},"end":{"line":123,"column":87}},"line":123},"66":{"name":"(anonymous_66)","decl":{"start":{"line":133,"column":24},"end":{"line":133,"column":37}},"loc":{"start":{"line":133,"column":24},"end":{"line":133,"column":40}},"line":133},"67":{"name":"(anonymous_67)","decl":{"start":{"line":169,"column":8},"end":{"line":169,"column":20}},"loc":{"start":{"line":169,"column":64},"end":{"line":170,"column":110}},"line":169},"68":{"name":"(anonymous_68)","decl":{"start":{"line":169,"column":25},"end":{"line":169,"column":27}},"loc":{"start":{"line":169,"column":27},"end":{"line":169,"column":50}},"line":169},"69":{"name":"(anonymous_69)","decl":{"start":{"line":169,"column":50},"end":{"line":169,"column":52}},"loc":{"start":{"line":169,"column":52},"end":{"line":169,"column":64}},"line":169},"70":{"name":"(anonymous_70)","decl":{"start":{"line":170,"column":76},"end":{"line":170,"column":79}},"loc":{"start":{"line":170,"column":110},"end":{"line":170,"column":110}},"line":170},"71":{"name":"(anonymous_71)","decl":{"start":{"line":134,"column":6},"end":{"line":134,"column":16}},"loc":{"start":{"line":167,"column":16},"end":{"line":166,"column":132}},"line":167},"72":{"name":"(anonymous_72)","decl":{"start":{"line":135,"column":8},"end":{"line":135,"column":22}},"loc":{"start":{"line":135,"column":115},"end":{"line":166,"column":132}},"line":135},"73":{"name":"(anonymous_73)","decl":{"start":{"line":135,"column":35},"end":{"line":135,"column":54}},"loc":{"start":{"line":135,"column":100},"end":{"line":135,"column":100}},"line":135},"74":{"name":"(anonymous_74)","decl":{"start":{"line":135,"column":54},"end":{"line":135,"column":64}},"loc":{"start":{"line":135,"column":54},"end":{"line":135,"column":72}},"line":135},"75":{"name":"(anonymous_75)","decl":{"start":{"line":138,"column":10},"end":{"line":138,"column":29}},"loc":{"start":{"line":138,"column":97},"end":{"line":138,"column":97}},"line":138},"76":{"name":"(anonymous_76)","decl":{"start":{"line":138,"column":29},"end":{"line":138,"column":39}},"loc":{"start":{"line":138,"column":29},"end":{"line":138,"column":54}},"line":138},"77":{"name":"(anonymous_77)","decl":{"start":{"line":142,"column":10},"end":{"line":142,"column":30}},"loc":{"start":{"line":147,"column":22},"end":{"line":146,"column":66}},"line":147},"78":{"name":"(anonymous_78)","decl":{"start":{"line":142,"column":30},"end":{"line":142,"column":40}},"loc":{"start":{"line":142,"column":30},"end":{"line":142,"column":51}},"line":142},"79":{"name":"(anonymous_79)","decl":{"start":{"line":143,"column":12},"end":{"line":143,"column":23}},"loc":{"start":{"line":143,"column":65},"end":{"line":146,"column":66}},"line":143},"80":{"name":"(anonymous_80)","decl":{"start":{"line":150,"column":10},"end":{"line":150,"column":null}},"loc":{"start":{"line":160,"column":22},"end":{"line":163,"column":16}},"line":160},"81":{"name":"(anonymous_81)","decl":{"start":{"line":158,"column":12},"end":{"line":158,"column":23}},"loc":{"start":{"line":158,"column":102},"end":{"line":159,"column":74}},"line":158},"82":{"name":"(anonymous_82)","decl":{"start":{"line":159,"column":56},"end":{"line":159,"column":64}},"loc":{"start":{"line":159,"column":64},"end":{"line":159,"column":74}},"line":159},"83":{"name":"(anonymous_83)","decl":{"start":{"line":165,"column":35},"end":{"line":165,"column":54}},"loc":{"start":{"line":165,"column":104},"end":{"line":165,"column":104}},"line":165},"84":{"name":"(anonymous_84)","decl":{"start":{"line":165,"column":54},"end":{"line":165,"column":64}},"loc":{"start":{"line":165,"column":54},"end":{"line":165,"column":76}},"line":165},"85":{"name":"(anonymous_85)","decl":{"start":{"line":166,"column":35},"end":{"line":166,"column":54}},"loc":{"start":{"line":166,"column":132},"end":{"line":166,"column":132}},"line":166},"86":{"name":"(anonymous_86)","decl":{"start":{"line":166,"column":54},"end":{"line":166,"column":64}},"loc":{"start":{"line":166,"column":54},"end":{"line":166,"column":78}},"line":166},"87":{"name":"(anonymous_87)","decl":{"start":{"line":174,"column":24},"end":{"line":174,"column":44}},"loc":{"start":{"line":174,"column":24},"end":{"line":174,"column":47}},"line":174},"88":{"name":"(anonymous_88)","decl":{"start":{"line":175,"column":6},"end":{"line":175,"column":17}},"loc":{"start":{"line":175,"column":85},"end":{"line":192,"column":158}},"line":175},"89":{"name":"(anonymous_89)","decl":{"start":{"line":177,"column":26},"end":{"line":177,"column":33}},"loc":{"start":{"line":177,"column":58},"end":{"line":183,"column":88}},"line":177},"90":{"name":"(anonymous_90)","decl":{"start":{"line":177,"column":57},"end":{"line":177,"column":58}},"loc":{"start":{"line":177,"column":37},"end":{"line":183,"column":88}},"line":177},"91":{"name":"(anonymous_91)","decl":{"start":{"line":178,"column":10},"end":{"line":178,"column":15}},"loc":{"start":{"line":184,"column":16},"end":{"line":183,"column":88}},"line":184},"92":{"name":"(anonymous_92)","decl":{"start":{"line":183,"column":48},"end":{"line":183,"column":50}},"loc":{"start":{"line":183,"column":50},"end":{"line":183,"column":74}},"line":183},"93":{"name":"(anonymous_93)","decl":{"start":{"line":183,"column":74},"end":{"line":183,"column":76}},"loc":{"start":{"line":183,"column":76},"end":{"line":183,"column":88}},"line":183},"94":{"name":"(anonymous_94)","decl":{"start":{"line":187,"column":18},"end":{"line":187,"column":23}},"loc":{"start":{"line":187,"column":23},"end":{"line":187,"column":36}},"line":187},"95":{"name":"(anonymous_95)","decl":{"start":{"line":189,"column":8},"end":{"line":189,"column":22}},"loc":{"start":{"line":189,"column":153},"end":{"line":192,"column":158}},"line":189},"96":{"name":"(anonymous_96)","decl":{"start":{"line":189,"column":48},"end":{"line":189,"column":74}},"loc":{"start":{"line":189,"column":138},"end":{"line":189,"column":135}},"line":189},"97":{"name":"(anonymous_97)","decl":{"start":{"line":189,"column":74},"end":{"line":189,"column":88}},"loc":{"start":{"line":189,"column":74},"end":{"line":189,"column":106}},"line":189},"98":{"name":"(anonymous_98)","decl":{"start":{"line":190,"column":35},"end":{"line":190,"column":54}},"loc":{"start":{"line":190,"column":104},"end":{"line":190,"column":104}},"line":190},"99":{"name":"(anonymous_99)","decl":{"start":{"line":190,"column":54},"end":{"line":190,"column":68}},"loc":{"start":{"line":190,"column":54},"end":{"line":190,"column":76}},"line":190},"100":{"name":"(anonymous_100)","decl":{"start":{"line":191,"column":37},"end":{"line":191,"column":56}},"loc":{"start":{"line":191,"column":110},"end":{"line":191,"column":110}},"line":191},"101":{"name":"(anonymous_101)","decl":{"start":{"line":191,"column":56},"end":{"line":191,"column":70}},"loc":{"start":{"line":191,"column":56},"end":{"line":191,"column":82}},"line":191},"102":{"name":"(anonymous_102)","decl":{"start":{"line":192,"column":139},"end":{"line":192,"column":146}},"loc":{"start":{"line":192,"column":146},"end":{"line":192,"column":158}},"line":192}},"branchMap":{"0":{"loc":{"start":{"line":214,"column":4},"end":{"line":216,"column":5}},"type":"if","locations":[{"start":{"line":214,"column":4},"end":{"line":216,"column":5}},{"start":{},"end":{}}],"line":214},"1":{"loc":{"start":{"line":245,"column":2},"end":{"line":246,"column":46}},"type":"if","locations":[{"start":{"line":245,"column":2},"end":{"line":246,"column":46}},{"start":{"line":246,"column":7},"end":{"line":246,"column":46}}],"line":245},"2":{"loc":{"start":{"line":246,"column":7},"end":{"line":246,"column":46}},"type":"if","locations":[{"start":{"line":246,"column":7},"end":{"line":246,"column":46}},{"start":{},"end":{}}],"line":246},"3":{"loc":{"start":{"line":253,"column":4},"end":{"line":253,"column":76}},"type":"if","locations":[{"start":{"line":253,"column":4},"end":{"line":253,"column":76}},{"start":{},"end":{}}],"line":253},"4":{"loc":{"start":{"line":266,"column":2},"end":{"line":268,"column":3}},"type":"if","locations":[{"start":{"line":266,"column":2},"end":{"line":268,"column":3}},{"start":{},"end":{}}],"line":266},"5":{"loc":{"start":{"line":266,"column":6},"end":{"line":266,"column":59}},"type":"binary-expr","locations":[{"start":{"line":266,"column":6},"end":{"line":266,"column":29}},{"start":{"line":266,"column":33},"end":{"line":266,"column":59}}],"line":266},"6":{"loc":{"start":{"line":271,"column":4},"end":{"line":277,"column":5}},"type":"if","locations":[{"start":{"line":271,"column":4},"end":{"line":277,"column":5}},{"start":{"line":274,"column":11},"end":{"line":277,"column":5}}],"line":271},"7":{"loc":{"start":{"line":285,"column":18},"end":{"line":285,"column":103}},"type":"binary-expr","locations":[{"start":{"line":285,"column":18},"end":{"line":285,"column":44}},{"start":{"line":285,"column":48},"end":{"line":285,"column":73}},{"start":{"line":285,"column":77},"end":{"line":285,"column":103}}],"line":285},"8":{"loc":{"start":{"line":288,"column":2},"end":{"line":290,"column":3}},"type":"if","locations":[{"start":{"line":288,"column":2},"end":{"line":290,"column":3}},{"start":{},"end":{}}],"line":288},"9":{"loc":{"start":{"line":291,"column":2},"end":{"line":293,"column":3}},"type":"if","locations":[{"start":{"line":291,"column":2},"end":{"line":293,"column":3}},{"start":{},"end":{}}],"line":291},"10":{"loc":{"start":{"line":294,"column":9},"end":{"line":294,"column":26}},"type":"binary-expr","locations":[{"start":{"line":294,"column":9},"end":{"line":294,"column":16}},{"start":{"line":294,"column":20},"end":{"line":294,"column":26}}],"line":294},"11":{"loc":{"start":{"line":299,"column":2},"end":{"line":304,"column":3}},"type":"if","locations":[{"start":{"line":299,"column":2},"end":{"line":304,"column":3}},{"start":{"line":302,"column":9},"end":{"line":304,"column":3}}],"line":299},"12":{"loc":{"start":{"line":310,"column":4},"end":{"line":310,"column":73}},"type":"if","locations":[{"start":{"line":310,"column":4},"end":{"line":310,"column":73}},{"start":{},"end":{}}],"line":310},"13":{"loc":{"start":{"line":318,"column":4},"end":{"line":318,"column":64}},"type":"if","locations":[{"start":{"line":318,"column":4},"end":{"line":318,"column":64}},{"start":{},"end":{}}],"line":318},"14":{"loc":{"start":{"line":326,"column":2},"end":{"line":326,"column":107}},"type":"if","locations":[{"start":{"line":326,"column":2},"end":{"line":326,"column":107}},{"start":{},"end":{}}],"line":326},"15":{"loc":{"start":{"line":326,"column":6},"end":{"line":326,"column":68}},"type":"binary-expr","locations":[{"start":{"line":326,"column":6},"end":{"line":326,"column":33}},{"start":{"line":326,"column":37},"end":{"line":326,"column":68}}],"line":326},"16":{"loc":{"start":{"line":330,"column":4},"end":{"line":333,"column":5}},"type":"if","locations":[{"start":{"line":330,"column":4},"end":{"line":333,"column":5}},{"start":{},"end":{}}],"line":330},"17":{"loc":{"start":{"line":339,"column":4},"end":{"line":339,"column":106}},"type":"if","locations":[{"start":{"line":339,"column":4},"end":{"line":339,"column":106}},{"start":{},"end":{}}],"line":339},"18":{"loc":{"start":{"line":348,"column":4},"end":{"line":348,"column":56}},"type":"if","locations":[{"start":{"line":348,"column":4},"end":{"line":348,"column":56}},{"start":{},"end":{}}],"line":348},"19":{"loc":{"start":{"line":354,"column":4},"end":{"line":354,"column":75}},"type":"if","locations":[{"start":{"line":354,"column":4},"end":{"line":354,"column":75}},{"start":{},"end":{}}],"line":354},"20":{"loc":{"start":{"line":359,"column":2},"end":{"line":359,"column":55}},"type":"if","locations":[{"start":{"line":359,"column":2},"end":{"line":359,"column":55}},{"start":{},"end":{}}],"line":359},"21":{"loc":{"start":{"line":359,"column":6},"end":{"line":359,"column":47}},"type":"binary-expr","locations":[{"start":{"line":359,"column":6},"end":{"line":359,"column":24}},{"start":{"line":359,"column":28},"end":{"line":359,"column":47}}],"line":359},"22":{"loc":{"start":{"line":362,"column":73},"end":{"line":362,"column":108}},"type":"binary-expr","locations":[{"start":{"line":362,"column":73},"end":{"line":362,"column":103}},{"start":{"line":362,"column":107},"end":{"line":362,"column":108}}],"line":362},"23":{"loc":{"start":{"line":364,"column":255},"end":{"line":364,"column":314}},"type":"cond-expr","locations":[{"start":{"line":364,"column":276},"end":{"line":364,"column":283}},{"start":{"line":364,"column":286},"end":{"line":364,"column":314}}],"line":364},"24":{"loc":{"start":{"line":5,"column":8},"end":{"line":7,"column":42}},"type":"binary-expr","locations":[{"start":{"line":5,"column":8},"end":{"line":5,"column":13}},{"start":{"line":5,"column":8},"end":{"line":7,"column":42}}],"line":5},"25":{"loc":{"start":{"line":11,"column":45},"end":{"line":11,"column":62}},"type":"binary-expr","locations":[{"start":{"line":11,"column":45},"end":{"line":11,"column":51}},{"start":{"line":11,"column":45},"end":{"line":11,"column":62}}],"line":11},"26":{"loc":{"start":{"line":14,"column":43},"end":{"line":14,"column":60}},"type":"binary-expr","locations":[{"start":{"line":14,"column":43},"end":{"line":14,"column":49}},{"start":{"line":14,"column":43},"end":{"line":14,"column":60}}],"line":14},"27":{"loc":{"start":{"line":17,"column":51},"end":{"line":17,"column":68}},"type":"binary-expr","locations":[{"start":{"line":17,"column":51},"end":{"line":17,"column":57}},{"start":{"line":17,"column":51},"end":{"line":17,"column":68}}],"line":17},"28":{"loc":{"start":{"line":21,"column":32},"end":{"line":21,"column":61}},"type":"binary-expr","locations":[{"start":{"line":21,"column":32},"end":{"line":21,"column":34}},{"start":{"line":21,"column":32},"end":{"line":21,"column":61}}],"line":21},"29":{"loc":{"start":{"line":21,"column":68},"end":{"line":21,"column":80}},"type":"binary-expr","locations":[{"start":{"line":21,"column":68},"end":{"line":21,"column":80}},{"start":{"line":21,"column":68},"end":{"line":21,"column":80}}],"line":21},"30":{"loc":{"start":{"line":28,"column":10},"end":{"line":29,"column":90}},"type":"binary-expr","locations":[{"start":{"line":28,"column":10},"end":{"line":28,"column":15}},{"start":{"line":28,"column":10},"end":{"line":29,"column":90}}],"line":28},"31":{"loc":{"start":{"line":34,"column":16},"end":{"line":34,"column":51}},"type":"binary-expr","locations":[{"start":{"line":34,"column":16},"end":{"line":34,"column":21}},{"start":{"line":34,"column":16},"end":{"line":34,"column":51}}],"line":34},"32":{"loc":{"start":{"line":35,"column":64},"end":{"line":35,"column":91}},"type":"binary-expr","locations":[{"start":{"line":35,"column":64},"end":{"line":35,"column":70}},{"start":{"line":35,"column":64},"end":{"line":35,"column":91}}],"line":35},"33":{"loc":{"start":{"line":40,"column":16},"end":{"line":40,"column":52}},"type":"binary-expr","locations":[{"start":{"line":40,"column":16},"end":{"line":40,"column":21}},{"start":{"line":40,"column":16},"end":{"line":40,"column":52}}],"line":40},"34":{"loc":{"start":{"line":41,"column":62},"end":{"line":41,"column":89}},"type":"binary-expr","locations":[{"start":{"line":41,"column":62},"end":{"line":41,"column":68}},{"start":{"line":41,"column":62},"end":{"line":41,"column":89}}],"line":41},"35":{"loc":{"start":{"line":46,"column":52},"end":{"line":47,"column":70}},"type":"binary-expr","locations":[{"start":{"line":46,"column":52},"end":{"line":46,"column":null}},{"start":{"line":46,"column":52},"end":{"line":47,"column":70}}],"line":46},"36":{"loc":{"start":{"line":54,"column":16},"end":{"line":54,"column":62}},"type":"binary-expr","locations":[{"start":{"line":54,"column":16},"end":{"line":54,"column":20}},{"start":{"line":54,"column":16},"end":{"line":54,"column":62}}],"line":54},"37":{"loc":{"start":{"line":60,"column":16},"end":{"line":60,"column":64}},"type":"binary-expr","locations":[{"start":{"line":60,"column":16},"end":{"line":60,"column":20}},{"start":{"line":60,"column":16},"end":{"line":60,"column":64}}],"line":60},"38":{"loc":{"start":{"line":69,"column":12},"end":{"line":69,"column":87}},"type":"binary-expr","locations":[{"start":{"line":69,"column":12},"end":{"line":69,"column":17}},{"start":{"line":69,"column":12},"end":{"line":69,"column":87}}],"line":69},"39":{"loc":{"start":{"line":70,"column":84},"end":{"line":70,"column":96}},"type":"binary-expr","locations":[{"start":{"line":70,"column":84},"end":{"line":70,"column":96}},{"start":{"line":70,"column":84},"end":{"line":70,"column":96}}],"line":70},"40":{"loc":{"start":{"line":84,"column":79},"end":{"line":84,"column":121}},"type":"binary-expr","locations":[{"start":{"line":84,"column":79},"end":{"line":84,"column":101}},{"start":{"line":84,"column":101},"end":{"line":84,"column":121}}],"line":84},"41":{"loc":{"start":{"line":95,"column":92},"end":{"line":95,"column":104}},"type":"binary-expr","locations":[{"start":{"line":95,"column":92},"end":{"line":95,"column":104}},{"start":{"line":95,"column":92},"end":{"line":95,"column":104}}],"line":95},"42":{"loc":{"start":{"line":96,"column":88},"end":{"line":96,"column":100}},"type":"binary-expr","locations":[{"start":{"line":96,"column":88},"end":{"line":96,"column":100}},{"start":{"line":96,"column":88},"end":{"line":96,"column":100}}],"line":96},"43":{"loc":{"start":{"line":98,"column":73},"end":{"line":98,"column":85}},"type":"binary-expr","locations":[{"start":{"line":98,"column":73},"end":{"line":98,"column":85}},{"start":{"line":98,"column":73},"end":{"line":98,"column":85}}],"line":98},"44":{"loc":{"start":{"line":107,"column":10},"end":{"line":108,"column":95}},"type":"binary-expr","locations":[{"start":{"line":107,"column":10},"end":{"line":107,"column":15}},{"start":{"line":107,"column":10},"end":{"line":108,"column":95}}],"line":107},"45":{"loc":{"start":{"line":123,"column":75},"end":{"line":123,"column":87}},"type":"binary-expr","locations":[{"start":{"line":123,"column":75},"end":{"line":123,"column":87}},{"start":{"line":123,"column":75},"end":{"line":123,"column":87}}],"line":123},"46":{"loc":{"start":{"line":133,"column":24},"end":{"line":133,"column":40}},"type":"binary-expr","locations":[{"start":{"line":133,"column":24},"end":{"line":133,"column":37}},{"start":{"line":133,"column":24},"end":{"line":133,"column":40}}],"line":133},"47":{"loc":{"start":{"line":133,"column":47},"end":{"line":133,"column":86}},"type":"cond-expr","locations":[{"start":{"line":133,"column":57},"end":{"line":133,"column":86}},{"start":{"line":133,"column":57},"end":{"line":133,"column":86}}],"line":133},"48":{"loc":{"start":{"line":169,"column":25},"end":{"line":169,"column":50}},"type":"binary-expr","locations":[{"start":{"line":169,"column":25},"end":{"line":169,"column":27}},{"start":{"line":169,"column":25},"end":{"line":169,"column":50}}],"line":169},"49":{"loc":{"start":{"line":169,"column":52},"end":{"line":169,"column":64}},"type":"binary-expr","locations":[{"start":{"line":169,"column":52},"end":{"line":169,"column":64}},{"start":{"line":169,"column":52},"end":{"line":169,"column":64}}],"line":169},"50":{"loc":{"start":{"line":170,"column":79},"end":{"line":170,"column":110}},"type":"cond-expr","locations":[{"start":{"line":170,"column":89},"end":{"line":170,"column":110}},{"start":{"line":170,"column":89},"end":{"line":170,"column":110}}],"line":170},"51":{"loc":{"start":{"line":135,"column":54},"end":{"line":135,"column":72}},"type":"binary-expr","locations":[{"start":{"line":135,"column":54},"end":{"line":135,"column":64}},{"start":{"line":135,"column":54},"end":{"line":135,"column":72}}],"line":135},"52":{"loc":{"start":{"line":138,"column":29},"end":{"line":138,"column":54}},"type":"binary-expr","locations":[{"start":{"line":138,"column":29},"end":{"line":138,"column":39}},{"start":{"line":138,"column":29},"end":{"line":138,"column":54}}],"line":138},"53":{"loc":{"start":{"line":142,"column":30},"end":{"line":142,"column":51}},"type":"binary-expr","locations":[{"start":{"line":142,"column":30},"end":{"line":142,"column":40}},{"start":{"line":142,"column":30},"end":{"line":142,"column":51}}],"line":142},"54":{"loc":{"start":{"line":158,"column":23},"end":{"line":159,"column":74}},"type":"cond-expr","locations":[{"start":{"line":158,"column":12},"end":{"line":158,"column":102}},{"start":{"line":159,"column":12},"end":{"line":159,"column":74}}],"line":158},"55":{"loc":{"start":{"line":161,"column":10},"end":{"line":163,"column":16}},"type":"binary-expr","locations":[{"start":{"line":161,"column":10},"end":{"line":161,"column":15}},{"start":{"line":161,"column":10},"end":{"line":163,"column":16}}],"line":161},"56":{"loc":{"start":{"line":165,"column":54},"end":{"line":165,"column":76}},"type":"binary-expr","locations":[{"start":{"line":165,"column":54},"end":{"line":165,"column":64}},{"start":{"line":165,"column":54},"end":{"line":165,"column":76}}],"line":165},"57":{"loc":{"start":{"line":166,"column":54},"end":{"line":166,"column":78}},"type":"binary-expr","locations":[{"start":{"line":166,"column":54},"end":{"line":166,"column":64}},{"start":{"line":166,"column":54},"end":{"line":166,"column":78}}],"line":166},"58":{"loc":{"start":{"line":174,"column":24},"end":{"line":174,"column":47}},"type":"binary-expr","locations":[{"start":{"line":174,"column":24},"end":{"line":174,"column":44}},{"start":{"line":174,"column":24},"end":{"line":174,"column":47}}],"line":174},"59":{"loc":{"start":{"line":174,"column":68},"end":{"line":174,"column":103}},"type":"binary-expr","locations":[{"start":{"line":174,"column":68},"end":{"line":174,"column":94}},{"start":{"line":174,"column":94},"end":{"line":174,"column":103}}],"line":174},"60":{"loc":{"start":{"line":175,"column":17},"end":{"line":183,"column":88}},"type":"cond-expr","locations":[{"start":{"line":175,"column":6},"end":{"line":175,"column":85}},{"start":{"line":176,"column":6},"end":{"line":183,"column":88}}],"line":175},"61":{"loc":{"start":{"line":183,"column":76},"end":{"line":183,"column":88}},"type":"binary-expr","locations":[{"start":{"line":183,"column":76},"end":{"line":183,"column":88}},{"start":{"line":183,"column":76},"end":{"line":183,"column":88}}],"line":183},"62":{"loc":{"start":{"line":187,"column":23},"end":{"line":187,"column":36}},"type":"binary-expr","locations":[{"start":{"line":187,"column":23},"end":{"line":187,"column":36}},{"start":{"line":187,"column":23},"end":{"line":187,"column":36}}],"line":187},"63":{"loc":{"start":{"line":189,"column":74},"end":{"line":189,"column":106}},"type":"binary-expr","locations":[{"start":{"line":189,"column":74},"end":{"line":189,"column":88}},{"start":{"line":189,"column":74},"end":{"line":189,"column":106}}],"line":189},"64":{"loc":{"start":{"line":190,"column":54},"end":{"line":190,"column":76}},"type":"binary-expr","locations":[{"start":{"line":190,"column":54},"end":{"line":190,"column":68}},{"start":{"line":190,"column":54},"end":{"line":190,"column":76}}],"line":190},"65":{"loc":{"start":{"line":191,"column":56},"end":{"line":191,"column":82}},"type":"binary-expr","locations":[{"start":{"line":191,"column":56},"end":{"line":191,"column":70}},{"start":{"line":191,"column":56},"end":{"line":191,"column":82}}],"line":191},"66":{"loc":{"start":{"line":192,"column":146},"end":{"line":192,"column":158}},"type":"binary-expr","locations":[{"start":{"line":192,"column":146},"end":{"line":192,"column":158}},{"start":{"line":192,"column":146},"end":{"line":192,"column":158}}],"line":192}},"s":{"0":3,"1":3,"2":3,"3":3,"4":3,"5":3,"6":3,"7":3,"8":0,"9":3,"10":3,"11":3,"12":3,"13":3,"14":3,"15":3,"16":3,"17":3,"18":3,"19":3,"20":3,"21":3,"22":3,"23":3,"24":3,"25":0,"26":0,"27":0,"28":0,"29":0,"30":0,"31":3,"32":6,"33":6,"34":6,"35":6,"36":6,"37":6,"38":0,"39":6,"40":3,"41":1,"42":1,"43":1,"44":3,"45":1,"46":1,"47":1,"48":3,"49":2,"50":0,"51":2,"52":2,"53":2,"54":1,"55":1,"56":1,"57":1,"58":2,"59":2,"60":0,"61":2,"62":3,"63":0,"64":0,"65":0,"66":0,"67":0,"68":0,"69":0,"70":3,"71":0,"72":0,"73":0,"74":0,"75":3,"76":1,"77":1,"78":1,"79":1,"80":1,"81":0,"82":3,"83":2,"84":2,"85":2,"86":2,"87":3,"88":1,"89":1,"90":1,"91":1,"92":3,"93":1,"94":0,"95":1,"96":1,"97":1,"98":1,"99":1,"100":1,"101":1,"102":1,"103":3,"104":0,"105":0,"106":0,"107":0,"108":0,"109":3,"110":1,"111":1,"112":1,"113":1,"114":1,"115":1,"116":3,"117":1,"118":1,"119":1,"120":1,"121":1,"122":3,"123":6,"124":0,"125":6,"126":6,"127":6,"128":6,"129":6,"130":6,"131":6,"132":6,"133":6,"134":6,"135":0,"136":0,"137":3,"138":3,"139":3,"140":1,"141":1,"142":1,"143":1,"144":1,"145":1,"146":1,"147":1,"148":1,"149":1,"150":1,"151":1,"152":1,"153":1,"154":8,"155":6,"156":3,"157":3,"158":3,"159":3,"160":3,"161":0,"162":6,"163":3,"164":3,"165":3,"166":9,"167":3,"168":6,"169":3,"170":3,"171":3,"172":3,"173":3,"174":3,"175":3,"176":6,"177":15,"178":18,"179":12,"180":12,"181":12,"182":9,"183":12,"184":0,"185":12,"186":0,"187":12,"188":0,"189":9,"190":12,"191":5,"192":11,"193":4,"194":4,"195":1,"196":4,"197":0,"198":1,"199":2,"200":0,"201":4,"202":0,"203":5,"204":6,"205":4,"206":2,"207":3,"208":0,"209":3,"210":0,"211":3,"212":0,"213":6,"214":2,"215":2,"216":2,"217":3,"218":0,"219":3,"220":0,"221":0,"222":5,"223":0,"224":0,"225":0,"226":0,"227":0,"228":1,"229":4,"230":5,"231":0,"232":5,"233":0,"234":5,"235":0,"236":5},"f":{"0":3,"1":0,"2":0,"3":6,"4":1,"5":1,"6":2,"7":0,"8":0,"9":1,"10":2,"11":1,"12":1,"13":0,"14":1,"15":1,"16":6,"17":6,"18":6,"19":0,"20":3,"21":6,"22":3,"23":3,"24":3,"25":3,"26":3,"27":0,"28":6,"29":3,"30":3,"31":3,"32":9,"33":3,"34":6,"35":3,"36":3,"37":3,"38":3,"39":3,"40":3,"41":3,"42":6,"43":15,"44":18,"45":12,"46":12,"47":12,"48":9,"49":12,"50":0,"51":12,"52":0,"53":12,"54":0,"55":9,"56":12,"57":5,"58":11,"59":4,"60":4,"61":1,"62":4,"63":0,"64":1,"65":2,"66":0,"67":4,"68":0,"69":5,"70":6,"71":4,"72":2,"73":3,"74":0,"75":3,"76":0,"77":3,"78":0,"79":6,"80":2,"81":2,"82":2,"83":3,"84":0,"85":3,"86":0,"87":0,"88":5,"89":0,"90":0,"91":0,"92":0,"93":0,"94":1,"95":4,"96":5,"97":0,"98":5,"99":0,"100":5,"101":0,"102":5},"b":{"0":[3,0],"1":[0,0],"2":[0,0],"3":[6,0],"4":[0,2],"5":[2,2],"6":[1,1],"7":[0,0,0],"8":[0,0],"9":[0,0],"10":[0,0],"11":[0,0],"12":[1,0],"13":[2,0],"14":[0,1],"15":[1,1],"16":[1,0],"17":[0,0],"18":[1,0],"19":[1,0],"20":[0,6],"21":[6,6],"22":[6,6],"23":[6,0],"24":[3,3],"25":[3,3],"26":[3,3],"27":[3,3],"28":[3,3],"29":[6,3],"30":[3,3],"31":[9,3],"32":[9,3],"33":[6,3],"34":[6,3],"35":[3,3],"36":[3,3],"37":[3,3],"38":[3,3],"39":[6,3],"40":[12,12],"41":[12,3],"42":[12,3],"43":[12,3],"44":[3,3],"45":[2,1],"46":[8,3],"47":[2,6],"48":[4,1],"49":[5,1],"50":[3,3],"51":[3,1],"52":[3,1],"53":[3,1],"54":[0,2],"55":[2,1],"56":[3,1],"57":[3,1],"58":[8,3],"59":[8,7],"60":[5,0],"61":[0,0],"62":[1,1],"63":[5,1],"64":[5,1],"65":[5,1],"66":[5,1]},"meta":{"lastBranch":0,"lastFunction":0,"lastStatement":0,"seen":{},"fnNames":{}}}
,"D:\\online-learning-platform\\online-learning-platform\\frontend\\src\\views\\Community.vue": {"path":"D:\\online-learning-platform\\online-learning-platform\\frontend\\src\\views\\Community.vue","statementMap":{"0":{"start":{"line":95,"column":14},"end":{"line":95,"column":26}},"1":{"start":{"line":96,"column":16},"end":{"line":96,"column":24}},"2":{"start":{"line":97,"column":15},"end":{"line":97,"column":26}},"3":{"start":{"line":99,"column":16},"end":{"line":99,"column":30}},"4":{"start":{"line":100,"column":21},"end":{"line":100,"column":32}},"5":{"start":{"line":101,"column":18},"end":{"line":101,"column":29}},"6":{"start":{"line":102,"column":16},"end":{"line":102,"column":48}},"7":{"start":{"line":103,"column":19},"end":{"line":103,"column":29}},"8":{"start":{"line":106,"column":19},"end":{"line":123,"column":1}},"9":{"start":{"line":107,"column":2},"end":{"line":107,"column":22}},"10":{"start":{"line":108,"column":2},"end":{"line":122,"column":3}},"11":{"start":{"line":109,"column":16},"end":{"line":114,"column":6}},"12":{"start":{"line":115,"column":4},"end":{"line":117,"column":5}},"13":{"start":{"line":116,"column":6},"end":{"line":116,"column":36}},"14":{"start":{"line":119,"column":4},"end":{"line":119,"column":31}},"15":{"start":{"line":121,"column":4},"end":{"line":121,"column":25}},"16":{"start":{"line":127,"column":19},"end":{"line":168,"column":1}},"17":{"start":{"line":128,"column":2},"end":{"line":128,"column":61}},"18":{"start":{"line":128,"column":26},"end":{"line":128,"column":61}},"19":{"start":{"line":131,"column":24},"end":{"line":131,"column":41}},"20":{"start":{"line":132,"column":2},"end":{"line":138,"column":3}},"21":{"start":{"line":133,"column":4},"end":{"line":133,"column":21}},"22":{"start":{"line":134,"column":4},"end":{"line":134,"column":25}},"23":{"start":{"line":136,"column":4},"end":{"line":136,"column":21}},"24":{"start":{"line":137,"column":4},"end":{"line":137,"column":25}},"25":{"start":{"line":140,"column":2},"end":{"line":167,"column":3}},"26":{"start":{"line":141,"column":16},"end":{"line":143,"column":6}},"27":{"start":{"line":145,"column":4},"end":{"line":147,"column":5}},"28":{"start":{"line":146,"column":6},"end":{"line":146,"column":35}},"29":{"start":{"line":151,"column":4},"end":{"line":160,"column":5}},"30":{"start":{"line":152,"column":6},"end":{"line":159,"column":13}},"31":{"start":{"line":154,"column":8},"end":{"line":158,"column":10}},"32":{"start":{"line":155,"column":25},"end":{"line":155,"column":64}},"33":{"start":{"line":156,"column":25},"end":{"line":156,"column":64}},"34":{"start":{"line":157,"column":10},"end":{"line":157,"column":32}},"35":{"start":{"line":164,"column":4},"end":{"line":164,"column":41}},"36":{"start":{"line":165,"column":4},"end":{"line":165,"column":82}},"37":{"start":{"line":166,"column":4},"end":{"line":166,"column":31}},"38":{"start":{"line":170,"column":19},"end":{"line":193,"column":1}},"39":{"start":{"line":171,"column":2},"end":{"line":173,"column":3}},"40":{"start":{"line":172,"column":4},"end":{"line":172,"column":42}},"41":{"start":{"line":174,"column":2},"end":{"line":174,"column":25}},"42":{"start":{"line":175,"column":2},"end":{"line":192,"column":3}},"43":{"start":{"line":176,"column":16},"end":{"line":180,"column":6}},"44":{"start":{"line":181,"column":4},"end":{"line":187,"column":5}},"45":{"start":{"line":182,"column":6},"end":{"line":182,"column":32}},"46":{"start":{"line":183,"column":6},"end":{"line":183,"column":33}},"47":{"start":{"line":184,"column":6},"end":{"line":184,"column":49}},"48":{"start":{"line":185,"column":6},"end":{"line":185,"column":31}},"49":{"start":{"line":186,"column":6},"end":{"line":186,"column":18}},"50":{"start":{"line":189,"column":4},"end":{"line":189,"column":27}},"51":{"start":{"line":191,"column":4},"end":{"line":191,"column":28}},"52":{"start":{"line":195,"column":0},"end":{"line":203,"column":2}},"53":{"start":{"line":196,"column":15},"end":{"line":196,"column":43}},"54":{"start":{"line":197,"column":2},"end":{"line":202,"column":3}},"55":{"start":{"line":198,"column":4},"end":{"line":198,"column":40}},"56":{"start":{"line":199,"column":4},"end":{"line":199,"column":16}},"57":{"start":{"line":201,"column":4},"end":{"line":201,"column":25}},"58":{"start":{"line":2,"column":7},"end":{"line":2,"column":null}},"59":{"start":{"line":3,"column":12},"end":{"line":3,"column":null}},"60":{"start":{"line":4,"column":11},"end":{"line":4,"column":null}},"61":{"start":{"line":10,"column":10},"end":{"line":10,"column":null}},"62":{"start":{"line":11,"column":11},"end":{"line":11,"column":null}},"63":{"start":{"line":21,"column":11},"end":{"line":21,"column":null}},"64":{"start":{"line":28,"column":11},"end":{"line":28,"column":40}},"65":{"start":{"line":35,"column":14},"end":{"line":35,"column":null}},"66":{"start":{"line":39,"column":13},"end":{"line":39,"column":37}},"67":{"start":{"line":41,"column":15},"end":{"line":41,"column":null}},"68":{"start":{"line":42,"column":18},"end":{"line":42,"column":null}},"69":{"start":{"line":47,"column":17},"end":{"line":47,"column":null}},"70":{"start":{"line":48,"column":20},"end":{"line":48,"column":43}},"71":{"start":{"line":69,"column":11},"end":{"line":69,"column":null}},"72":{"start":{"line":80,"column":14},"end":{"line":80,"column":null}},"73":{"start":{"line":2,"column":2},"end":{"line":76,"column":null}},"74":{"start":{"line":5,"column":49},"end":{"line":5,"column":76}},"75":{"start":{"line":6,"column":32},"end":{"line":6,"column":59}},"76":{"start":{"line":6,"column":65},"end":{"line":6,"column":77}},"77":{"start":{"line":16,"column":59},"end":{"line":16,"column":81}},"78":{"start":{"line":18,"column":8},"end":{"line":18,"column":20}},"79":{"start":{"line":22,"column":33},"end":{"line":22,"column":43}},"80":{"start":{"line":23,"column":67},"end":{"line":24,"column":69}},"81":{"start":{"line":23,"column":49},"end":{"line":23,"column":67}},"82":{"start":{"line":24,"column":51},"end":{"line":24,"column":69}},"83":{"start":{"line":29,"column":8},"end":{"line":56,"column":null}},"84":{"start":{"line":33,"column":18},"end":{"line":33,"column":null}},"85":{"start":{"line":38,"column":15},"end":{"line":56,"column":null}},"86":{"start":{"line":37,"column":152},"end":{"line":37,"column":161}},"87":{"start":{"line":43,"column":85},"end":{"line":43,"column":85}},"88":{"start":{"line":44,"column":133},"end":{"line":44,"column":133}},"89":{"start":{"line":54,"column":29},"end":{"line":54,"column":null}},"90":{"start":{"line":68,"column":24},"end":{"line":68,"column":39}},"91":{"start":{"line":83,"column":15},"end":{"line":82,"column":94}},"92":{"start":{"line":81,"column":29},"end":{"line":81,"column":52}},"93":{"start":{"line":81,"column":56},"end":{"line":81,"column":68}},"94":{"start":{"line":82,"column":82},"end":{"line":82,"column":94}},"95":{"start":{"line":78,"column":12},"end":{"line":76,"column":null}},"96":{"start":{"line":70,"column":27},"end":{"line":70,"column":43}},"97":{"start":{"line":72,"column":19},"end":{"line":72,"column":null}}},"fnMap":{"0":{"name":"(anonymous_0)","decl":{"start":{"line":106,"column":19},"end":{"line":106,"column":24}},"loc":{"start":{"line":106,"column":31},"end":{"line":123,"column":1}},"line":106},"1":{"name":"(anonymous_1)","decl":{"start":{"line":127,"column":19},"end":{"line":127,"column":24}},"loc":{"start":{"line":127,"column":35},"end":{"line":168,"column":1}},"line":127},"2":{"name":"(anonymous_2)","decl":{"start":{"line":152,"column":17},"end":{"line":152,"column":18}},"loc":{"start":{"line":152,"column":23},"end":{"line":159,"column":7}},"line":152},"3":{"name":"(anonymous_3)","decl":{"start":{"line":154,"column":28},"end":{"line":154,"column":29}},"loc":{"start":{"line":154,"column":38},"end":{"line":158,"column":9}},"line":154},"4":{"name":"(anonymous_4)","decl":{"start":{"line":170,"column":19},"end":{"line":170,"column":24}},"loc":{"start":{"line":170,"column":31},"end":{"line":193,"column":1}},"line":170},"5":{"name":"(anonymous_5)","decl":{"start":{"line":195,"column":10},"end":{"line":195,"column":11}},"loc":{"start":{"line":195,"column":16},"end":{"line":203,"column":1}},"line":195},"6":{"name":"(anonymous_6)","decl":{"start":{"line":5,"column":47},"end":{"line":5,"column":49}},"loc":{"start":{"line":5,"column":49},"end":{"line":5,"column":76}},"line":5},"7":{"name":"(anonymous_7)","decl":{"start":{"line":6,"column":30},"end":{"line":6,"column":32}},"loc":{"start":{"line":6,"column":32},"end":{"line":6,"column":59}},"line":6},"8":{"name":"(anonymous_8)","decl":{"start":{"line":6,"column":59},"end":{"line":6,"column":65}},"loc":{"start":{"line":6,"column":65},"end":{"line":6,"column":77}},"line":6},"9":{"name":"(anonymous_9)","decl":{"start":{"line":16,"column":57},"end":{"line":16,"column":59}},"loc":{"start":{"line":16,"column":59},"end":{"line":16,"column":81}},"line":16},"10":{"name":"(anonymous_10)","decl":{"start":{"line":16,"column":81},"end":{"line":16,"column":null}},"loc":{"start":{"line":18,"column":8},"end":{"line":18,"column":20}},"line":18},"11":{"name":"(anonymous_11)","decl":{"start":{"line":22,"column":33},"end":{"line":22,"column":41}},"loc":{"start":{"line":22,"column":33},"end":{"line":22,"column":43}},"line":22},"12":{"name":"(anonymous_12)","decl":{"start":{"line":23,"column":10},"end":{"line":23,"column":27}},"loc":{"start":{"line":23,"column":67},"end":{"line":24,"column":69}},"line":23},"13":{"name":"(anonymous_13)","decl":{"start":{"line":23,"column":42},"end":{"line":23,"column":49}},"loc":{"start":{"line":23,"column":49},"end":{"line":23,"column":67}},"line":23},"14":{"name":"(anonymous_14)","decl":{"start":{"line":24,"column":44},"end":{"line":24,"column":51}},"loc":{"start":{"line":24,"column":51},"end":{"line":24,"column":69}},"line":24},"15":{"name":"(anonymous_15)","decl":{"start":{"line":30,"column":33},"end":{"line":30,"column":null}},"loc":{"start":{"line":30,"column":21},"end":{"line":56,"column":null}},"line":30},"16":{"name":"(anonymous_16)","decl":{"start":{"line":33,"column":16},"end":{"line":33,"column":18}},"loc":{"start":{"line":33,"column":18},"end":{"line":33,"column":null}},"line":33},"17":{"name":"(anonymous_17)","decl":{"start":{"line":35,"column":10},"end":{"line":35,"column":14}},"loc":{"start":{"line":38,"column":15},"end":{"line":56,"column":null}},"line":38},"18":{"name":"(anonymous_18)","decl":{"start":{"line":37,"column":149},"end":{"line":37,"column":152}},"loc":{"start":{"line":37,"column":152},"end":{"line":37,"column":161}},"line":37},"19":{"name":"(anonymous_19)","decl":{"start":{"line":43,"column":56},"end":{"line":43,"column":59}},"loc":{"start":{"line":43,"column":85},"end":{"line":43,"column":85}},"line":43},"20":{"name":"(anonymous_20)","decl":{"start":{"line":44,"column":109},"end":{"line":44,"column":112}},"loc":{"start":{"line":44,"column":133},"end":{"line":44,"column":133}},"line":44},"21":{"name":"(anonymous_21)","decl":{"start":{"line":54,"column":22},"end":{"line":54,"column":29}},"loc":{"start":{"line":54,"column":29},"end":{"line":54,"column":null}},"line":54},"22":{"name":"(anonymous_22)","decl":{"start":{"line":68,"column":24},"end":{"line":68,"column":37}},"loc":{"start":{"line":68,"column":24},"end":{"line":68,"column":39}},"line":68},"23":{"name":"(anonymous_23)","decl":{"start":{"line":80,"column":8},"end":{"line":80,"column":14}},"loc":{"start":{"line":83,"column":15},"end":{"line":82,"column":94}},"line":83},"24":{"name":"(anonymous_24)","decl":{"start":{"line":81,"column":27},"end":{"line":81,"column":29}},"loc":{"start":{"line":81,"column":29},"end":{"line":81,"column":52}},"line":81},"25":{"name":"(anonymous_25)","decl":{"start":{"line":81,"column":52},"end":{"line":81,"column":56}},"loc":{"start":{"line":81,"column":56},"end":{"line":81,"column":68}},"line":81},"26":{"name":"(anonymous_26)","decl":{"start":{"line":82,"column":78},"end":{"line":82,"column":82}},"loc":{"start":{"line":82,"column":82},"end":{"line":82,"column":94}},"line":82},"27":{"name":"(anonymous_27)","decl":{"start":{"line":69,"column":6},"end":{"line":69,"column":11}},"loc":{"start":{"line":78,"column":12},"end":{"line":76,"column":null}},"line":78},"28":{"name":"(anonymous_28)","decl":{"start":{"line":70,"column":27},"end":{"line":70,"column":35}},"loc":{"start":{"line":70,"column":27},"end":{"line":70,"column":43}},"line":70},"29":{"name":"(anonymous_29)","decl":{"start":{"line":72,"column":19},"end":{"line":72,"column":27}},"loc":{"start":{"line":72,"column":19},"end":{"line":72,"column":null}},"line":72}},"branchMap":{"0":{"loc":{"start":{"line":115,"column":4},"end":{"line":117,"column":5}},"type":"if","locations":[{"start":{"line":115,"column":4},"end":{"line":117,"column":5}},{"start":{},"end":{}}],"line":115},"1":{"loc":{"start":{"line":128,"column":2},"end":{"line":128,"column":61}},"type":"if","locations":[{"start":{"line":128,"column":2},"end":{"line":128,"column":61}},{"start":{},"end":{}}],"line":128},"2":{"loc":{"start":{"line":132,"column":2},"end":{"line":138,"column":3}},"type":"if","locations":[{"start":{"line":132,"column":2},"end":{"line":138,"column":3}},{"start":{"line":135,"column":9},"end":{"line":138,"column":3}}],"line":132},"3":{"loc":{"start":{"line":145,"column":4},"end":{"line":147,"column":5}},"type":"if","locations":[{"start":{"line":145,"column":4},"end":{"line":147,"column":5}},{"start":{},"end":{}}],"line":145},"4":{"loc":{"start":{"line":151,"column":4},"end":{"line":160,"column":5}},"type":"if","locations":[{"start":{"line":151,"column":4},"end":{"line":160,"column":5}},{"start":{},"end":{}}],"line":151},"5":{"loc":{"start":{"line":164,"column":20},"end":{"line":164,"column":41}},"type":"cond-expr","locations":[{"start":{"line":164,"column":36},"end":{"line":164,"column":37}},{"start":{"line":164,"column":40},"end":{"line":164,"column":41}}],"line":164},"6":{"loc":{"start":{"line":165,"column":23},"end":{"line":165,"column":82}},"type":"cond-expr","locations":[{"start":{"line":165,"column":39},"end":{"line":165,"column":59}},{"start":{"line":165,"column":62},"end":{"line":165,"column":82}}],"line":165},"7":{"loc":{"start":{"line":171,"column":2},"end":{"line":173,"column":3}},"type":"if","locations":[{"start":{"line":171,"column":2},"end":{"line":173,"column":3}},{"start":{},"end":{}}],"line":171},"8":{"loc":{"start":{"line":171,"column":6},"end":{"line":171,"column":54}},"type":"binary-expr","locations":[{"start":{"line":171,"column":6},"end":{"line":171,"column":27}},{"start":{"line":171,"column":31},"end":{"line":171,"column":54}}],"line":171},"9":{"loc":{"start":{"line":181,"column":4},"end":{"line":187,"column":5}},"type":"if","locations":[{"start":{"line":181,"column":4},"end":{"line":187,"column":5}},{"start":{},"end":{}}],"line":181},"10":{"loc":{"start":{"line":197,"column":2},"end":{"line":202,"column":3}},"type":"if","locations":[{"start":{"line":197,"column":2},"end":{"line":202,"column":3}},{"start":{"line":200,"column":9},"end":{"line":202,"column":3}}],"line":197},"11":{"loc":{"start":{"line":5,"column":47},"end":{"line":5,"column":76}},"type":"binary-expr","locations":[{"start":{"line":5,"column":47},"end":{"line":5,"column":49}},{"start":{"line":5,"column":47},"end":{"line":5,"column":76}}],"line":5},"12":{"loc":{"start":{"line":6,"column":30},"end":{"line":6,"column":59}},"type":"binary-expr","locations":[{"start":{"line":6,"column":30},"end":{"line":6,"column":32}},{"start":{"line":6,"column":30},"end":{"line":6,"column":59}}],"line":6},"13":{"loc":{"start":{"line":6,"column":65},"end":{"line":6,"column":77}},"type":"binary-expr","locations":[{"start":{"line":6,"column":65},"end":{"line":6,"column":77}},{"start":{"line":6,"column":65},"end":{"line":6,"column":77}}],"line":6},"14":{"loc":{"start":{"line":12,"column":8},"end":{"line":14,"column":53}},"type":"binary-expr","locations":[{"start":{"line":12,"column":8},"end":{"line":12,"column":null}},{"start":{"line":12,"column":8},"end":{"line":14,"column":53}}],"line":12},"15":{"loc":{"start":{"line":16,"column":57},"end":{"line":16,"column":81}},"type":"binary-expr","locations":[{"start":{"line":16,"column":57},"end":{"line":16,"column":59}},{"start":{"line":16,"column":57},"end":{"line":16,"column":81}}],"line":16},"16":{"loc":{"start":{"line":18,"column":8},"end":{"line":18,"column":20}},"type":"binary-expr","locations":[{"start":{"line":18,"column":8},"end":{"line":18,"column":20}},{"start":{"line":18,"column":8},"end":{"line":18,"column":20}}],"line":18},"17":{"loc":{"start":{"line":22,"column":33},"end":{"line":22,"column":43}},"type":"binary-expr","locations":[{"start":{"line":22,"column":33},"end":{"line":22,"column":41}},{"start":{"line":22,"column":33},"end":{"line":22,"column":43}}],"line":22},"18":{"loc":{"start":{"line":23,"column":49},"end":{"line":23,"column":67}},"type":"binary-expr","locations":[{"start":{"line":23,"column":49},"end":{"line":23,"column":67}},{"start":{"line":23,"column":49},"end":{"line":23,"column":67}}],"line":23},"19":{"loc":{"start":{"line":24,"column":51},"end":{"line":24,"column":69}},"type":"binary-expr","locations":[{"start":{"line":24,"column":51},"end":{"line":24,"column":69}},{"start":{"line":24,"column":51},"end":{"line":24,"column":69}}],"line":24},"20":{"loc":{"start":{"line":37,"column":26},"end":{"line":37,"column":161}},"type":"cond-expr","locations":[{"start":{"line":37,"column":12},"end":{"line":37,"column":161}}],"line":37},"21":{"loc":{"start":{"line":37,"column":26},"end":{"line":37,"column":75}},"type":"binary-expr","locations":[{"start":{"line":37,"column":26},"end":{"line":37,"column":53}},{"start":{"line":37,"column":53},"end":{"line":37,"column":75}}],"line":37},"22":{"loc":{"start":{"line":37,"column":152},"end":{"line":37,"column":161}},"type":"binary-expr","locations":[{"start":{"line":37,"column":152},"end":{"line":37,"column":161}},{"start":{"line":37,"column":152},"end":{"line":37,"column":161}}],"line":37},"23":{"loc":{"start":{"line":44,"column":112},"end":{"line":44,"column":133}},"type":"binary-expr","locations":[{"start":{"line":44,"column":112},"end":{"line":44,"column":122}},{"start":{"line":44,"column":122},"end":{"line":44,"column":133}}],"line":44},"24":{"loc":{"start":{"line":56,"column":19},"end":{"line":56,"column":53}},"type":"cond-expr","locations":[{"start":{"line":56,"column":32},"end":{"line":56,"column":53}},{"start":{"line":56,"column":32},"end":{"line":56,"column":53}}],"line":56},"25":{"loc":{"start":{"line":62,"column":19},"end":{"line":64,"column":14}},"type":"cond-expr","locations":[{"start":{"line":62,"column":8},"end":{"line":64,"column":14}}],"line":62},"26":{"loc":{"start":{"line":62,"column":19},"end":{"line":62,"column":52}},"type":"binary-expr","locations":[{"start":{"line":62,"column":19},"end":{"line":62,"column":45}},{"start":{"line":62,"column":34},"end":{"line":62,"column":52}}],"line":62},"27":{"loc":{"start":{"line":68,"column":24},"end":{"line":68,"column":39}},"type":"binary-expr","locations":[{"start":{"line":68,"column":24},"end":{"line":68,"column":37}},{"start":{"line":68,"column":24},"end":{"line":68,"column":39}}],"line":68},"28":{"loc":{"start":{"line":81,"column":27},"end":{"line":81,"column":52}},"type":"binary-expr","locations":[{"start":{"line":81,"column":27},"end":{"line":81,"column":29}},{"start":{"line":81,"column":27},"end":{"line":81,"column":52}}],"line":81},"29":{"loc":{"start":{"line":81,"column":56},"end":{"line":81,"column":68}},"type":"binary-expr","locations":[{"start":{"line":81,"column":56},"end":{"line":81,"column":68}},{"start":{"line":81,"column":56},"end":{"line":81,"column":68}}],"line":81},"30":{"loc":{"start":{"line":82,"column":82},"end":{"line":82,"column":94}},"type":"binary-expr","locations":[{"start":{"line":82,"column":82},"end":{"line":82,"column":94}},{"start":{"line":82,"column":82},"end":{"line":82,"column":94}}],"line":82},"31":{"loc":{"start":{"line":70,"column":27},"end":{"line":70,"column":43}},"type":"binary-expr","locations":[{"start":{"line":70,"column":27},"end":{"line":70,"column":35}},{"start":{"line":70,"column":27},"end":{"line":70,"column":43}}],"line":70},"32":{"loc":{"start":{"line":72,"column":19},"end":{"line":72,"column":null}},"type":"binary-expr","locations":[{"start":{"line":72,"column":19},"end":{"line":72,"column":27}},{"start":{"line":72,"column":19},"end":{"line":72,"column":null}}],"line":72}},"s":{"0":3,"1":3,"2":3,"3":3,"4":3,"5":3,"6":3,"7":3,"8":3,"9":5,"10":5,"11":5,"12":5,"13":5,"14":0,"15":5,"16":3,"17":3,"18":0,"19":3,"20":3,"21":1,"22":1,"23":2,"24":2,"25":3,"26":3,"27":2,"28":0,"29":2,"30":0,"31":0,"32":0,"33":0,"34":0,"35":1,"36":1,"37":1,"38":3,"39":2,"40":1,"41":1,"42":1,"43":1,"44":1,"45":1,"46":1,"47":1,"48":1,"49":1,"50":0,"51":1,"52":3,"53":3,"54":3,"55":2,"56":2,"57":1,"58":1,"59":1,"60":1,"61":1,"62":1,"63":1,"64":1,"65":1,"66":1,"67":1,"68":1,"69":1,"70":1,"71":1,"72":1,"73":17,"74":0,"75":0,"76":6,"77":3,"78":6,"79":2,"80":7,"81":4,"82":4,"83":20,"84":0,"85":24,"86":0,"87":24,"88":24,"89":3,"90":0,"91":7,"92":0,"93":11,"94":11,"95":7,"96":1,"97":1},"f":{"0":5,"1":3,"2":0,"3":0,"4":2,"5":3,"6":0,"7":0,"8":6,"9":3,"10":6,"11":2,"12":7,"13":4,"14":4,"15":20,"16":0,"17":24,"18":0,"19":24,"20":24,"21":3,"22":0,"23":7,"24":0,"25":11,"26":11,"27":7,"28":1,"29":1},"b":{"0":[5,0],"1":[0,3],"2":[1,2],"3":[0,2],"4":[0,2],"5":[0,1],"6":[0,1],"7":[1,1],"8":[2,1],"9":[1,0],"10":[2,1],"11":[17,3],"12":[17,3],"13":[6,3],"14":[17,3],"15":[17,3],"16":[6,3],"17":[17,3],"18":[4,3],"19":[4,3],"20":[0],"21":[24,10],"22":[0,0],"23":[24,24],"24":[11,13],"25":[4],"26":[17,6],"27":[17,3],"28":[7,3],"29":[11,3],"30":[11,3],"31":[7,3],"32":[7,3]},"meta":{"lastBranch":0,"lastFunction":0,"lastStatement":0,"seen":{},"fnNames":{}}}
[...]
:{"line":152,"column":37}},"type":"if","locations":[{"start":{"line":152,"column":2},"end":{"line":152,"column":37}},{"start":{},"end":{}}],"line":152},"1":{"loc":{"start":{"line":152,"column":6},"end":{"line":152,"column":27}},"type":"binary-expr","locations":[{"start":{"line":152,"column":6},"end":{"line":152,"column":12}},{"start":{"line":152,"column":16},"end":{"line":152,"column":27}}],"line":152},"2":{"loc":{"start":{"line":159,"column":2},"end":{"line":162,"column":3}},"type":"if","locations":[{"start":{"line":159,"column":2},"end":{"line":162,"column":3}},{"start":{},"end":{}}],"line":159},"3":{"loc":{"start":{"line":167,"column":4},"end":{"line":171,"column":5}},"type":"if","locations":[{"start":{"line":167,"column":4},"end":{"line":171,"column":5}},{"start":{},"end":{}}],"line":167},"4":{"loc":{"start":{"line":181,"column":4},"end":{"line":183,"column":5}},"type":"if","locations":[{"start":{"line":181,"column":4},"end":{"line":183,"column":5}},{"start":{},"end":{}}],"line":181},"5":{"loc":{"start":{"line":189,"column":4},"end":{"line":191,"column":5}},"type":"if","locations":[{"start":{"line":189,"column":4},"end":{"line":191,"column":5}},{"start":{},"end":{}}],"line":189},"6":{"loc":{"start":{"line":197,"column":2},"end":{"line":199,"column":3}},"type":"if","locations":[{"start":{"line":197,"column":2},"end":{"line":199,"column":3}},{"start":{},"end":{}}],"line":197},"7":{"loc":{"start":{"line":203,"column":74},"end":{"line":203,"column":138}},"type":"binary-expr","locations":[{"start":{"line":203,"column":74},"end":{"line":203,"column":91}},{"start":{"line":203,"column":95},"end":{"line":203,"column":138}}],"line":203},"8":{"loc":{"start":{"line":204,"column":4},"end":{"line":212,"column":5}},"type":"if","locations":[{"start":{"line":204,"column":4},"end":{"line":212,"column":5}},{"start":{},"end":{}}],"line":204},"9":{"loc":{"start":{"line":214,"column":20},"end":{"line":214,"column":59}},"type":"binary-expr","locations":[{"start":{"line":214,"column":20},"end":{"line":214,"column":49}},{"start":{"line":214,"column":53},"end":{"line":214,"column":59}}],"line":214},"10":{"loc":{"start":{"line":222,"column":2},"end":{"line":224,"column":3}},"type":"if","locations":[{"start":{"line":222,"column":2},"end":{"line":224,"column":3}},{"start":{},"end":{}}],"line":222},"11":{"loc":{"start":{"line":222,"column":6},"end":{"line":222,"column":62}},"type":"binary-expr","locations":[{"start":{"line":222,"column":6},"end":{"line":222,"column":32}},{"start":{"line":222,"column":36},"end":{"line":222,"column":62}}],"line":222},"12":{"loc":{"start":{"line":228,"column":75},"end":{"line":228,"column":139}},"type":"binary-expr","locations":[{"start":{"line":228,"column":75},"end":{"line":228,"column":92}},{"start":{"line":228,"column":96},"end":{"line":228,"column":139}}],"line":228},"13":{"loc":{"start":{"line":229,"column":4},"end":{"line":234,"column":5}},"type":"if","locations":[{"start":{"line":229,"column":4},"end":{"line":234,"column":5}},{"start":{},"end":{}}],"line":229},"14":{"loc":{"start":{"line":236,"column":20},"end":{"line":236,"column":59}},"type":"binary-expr","locations":[{"start":{"line":236,"column":20},"end":{"line":236,"column":49}},{"start":{"line":236,"column":53},"end":{"line":236,"column":59}}],"line":236},"15":{"loc":{"start":{"line":5,"column":47},"end":{"line":5,"column":76}},"type":"binary-expr","locations":[{"start":{"line":5,"column":47},"end":{"line":5,"column":49}},{"start":{"line":5,"column":47},"end":{"line":5,"column":76}}],"line":5},"16":{"loc":{"start":{"line":6,"column":30},"end":{"line":6,"column":59}},"type":"binary-expr","locations":[{"start":{"line":6,"column":30},"end":{"line":6,"column":32}},{"start":{"line":6,"column":30},"end":{"line":6,"column":59}}],"line":6},"17":{"loc":{"start":{"line":6,"column":65},"end":{"line":6,"column":77}},"type":"binary-expr","locations":[{"start":{"line":6,"column":65},"end":{"line":6,"column":77}},{"start":{"line":6,"column":65},"end":{"line":6,"column":77}}],"line":6},"18":{"loc":{"start":{"line":16,"column":62},"end":{"line":16,"column":109}},"type":"binary-expr","locations":[{"start":{"line":16,"column":62},"end":{"line":16,"column":109}},{"start":{"line":16,"column":97},"end":{"line":16,"column":109}}],"line":16},"19":{"loc":{"start":{"line":17,"column":40},"end":{"line":17,"column":77}},"type":"binary-expr","locations":[{"start":{"line":17,"column":40},"end":{"line":17,"column":57}},{"start":{"line":17,"column":57},"end":{"line":17,"column":77}}],"line":17},"20":{"loc":{"start":{"line":18,"column":71},"end":{"line":18,"column":107}},"type":"cond-expr","locations":[{"start":{"line":18,"column":14},"end":{"line":18,"column":107}}],"line":18},"21":{"loc":{"start":{"line":25,"column":35},"end":{"line":25,"column":54}},"type":"binary-expr","locations":[{"start":{"line":25,"column":35},"end":{"line":25,"column":43}},{"start":{"line":25,"column":35},"end":{"line":25,"column":54}}],"line":25},"22":{"loc":{"start":{"line":28,"column":36},"end":{"line":28,"column":52}},"type":"binary-expr","locations":[{"start":{"line":28,"column":36},"end":{"line":28,"column":44}},{"start":{"line":28,"column":36},"end":{"line":28,"column":52}}],"line":28},"23":{"loc":{"start":{"line":38,"column":14},"end":{"line":38,"column":26}},"type":"binary-expr","locations":[{"start":{"line":38,"column":14},"end":{"line":38,"column":26}},{"start":{"line":38,"column":14},"end":{"line":38,"column":26}}],"line":38},"24":{"loc":{"start":{"line":43,"column":70},"end":{"line":43,"column":97}},"type":"binary-expr","locations":[{"start":{"line":43,"column":70},"end":{"line":43,"column":72}},{"start":{"line":43,"column":70},"end":{"line":43,"column":97}}],"line":43},"25":{"loc":{"start":{"line":45,"column":12},"end":{"line":45,"column":24}},"type":"binary-expr","locations":[{"start":{"line":45,"column":12},"end":{"line":45,"column":24}},{"start":{"line":45,"column":12},"end":{"line":45,"column":24}}],"line":45},"26":{"loc":{"start":{"line":50,"column":28},"end":{"line":50,"column":39}},"type":"binary-expr","locations":[{"start":{"line":50,"column":28},"end":{"line":50,"column":37}},{"start":{"line":50,"column":28},"end":{"line":50,"column":39}}],"line":50},"27":{"loc":{"start":{"line":53,"column":25},"end":{"line":77,"column":36}},"type":"cond-expr","locations":[{"start":{"line":53,"column":14},"end":{"line":54,"column":45}},{"start":{"line":57,"column":14},"end":{"line":77,"column":36}}],"line":53},"28":{"loc":{"start":{"line":55,"column":20},"end":{"line":54,"column":45}},"type":"binary-expr","locations":[{"start":{"line":55,"column":20},"end":{"line":55,"column":null}},{"start":{"line":55,"column":20},"end":{"line":54,"column":45}}],"line":55},"29":{"loc":{"start":{"line":66,"column":34},"end":{"line":66,"column":67}},"type":"binary-expr","locations":[{"start":{"line":66,"column":34},"end":{"line":66,"column":59}},{"start":{"line":66,"column":59},"end":{"line":66,"column":67}}],"line":66},"30":{"loc":{"start":{"line":66,"column":73},"end":{"line":66,"column":102}},"type":"binary-expr","locations":[{"start":{"line":66,"column":73},"end":{"line":66,"column":94}},{"start":{"line":66,"column":94},"end":{"line":66,"column":102}}],"line":66},"31":{"loc":{"start":{"line":70,"column":34},"end":{"line":70,"column":null}},"type":"cond-expr","locations":[{"start":{"line":70,"column":100},"end":{"line":70,"column":null}},{"start":{"line":70,"column":100},"end":{"line":70,"column":null}}],"line":70},"32":{"loc":{"start":{"line":77,"column":24},"end":{"line":77,"column":36}},"type":"binary-expr","locations":[{"start":{"line":77,"column":24},"end":{"line":77,"column":36}},{"start":{"line":77,"column":24},"end":{"line":77,"column":36}}],"line":77},"33":{"loc":{"start":{"line":86,"column":25},"end":{"line":98,"column":109}},"type":"cond-expr","locations":[{"start":{"line":86,"column":14},"end":{"line":86,"column":90}},{"start":{"line":87,"column":14},"end":{"line":98,"column":109}}],"line":86},"34":{"loc":{"start":{"line":110,"column":24},"end":{"line":110,"column":42}},"type":"binary-expr","locations":[{"start":{"line":110,"column":24},"end":{"line":110,"column":40}},{"start":{"line":110,"column":24},"end":{"line":110,"column":42}}],"line":110},"35":{"loc":{"start":{"line":120,"column":25},"end":{"line":120,"column":53}},"type":"binary-expr","locations":[{"start":{"line":120,"column":25},"end":{"line":120,"column":27}},{"start":{"line":120,"column":25},"end":{"line":120,"column":53}}],"line":120},"36":{"loc":{"start":{"line":120,"column":55},"end":{"line":120,"column":67}},"type":"binary-expr","locations":[{"start":{"line":120,"column":55},"end":{"line":120,"column":67}},{"start":{"line":120,"column":55},"end":{"line":120,"column":67}}],"line":120},"37":{"loc":{"start":{"line":121,"column":91},"end":{"line":121,"column":103}},"type":"binary-expr","locations":[{"start":{"line":121,"column":91},"end":{"line":121,"column":103}},{"start":{"line":121,"column":91},"end":{"line":121,"column":103}}],"line":121},"38":{"loc":{"start":{"line":113,"column":29},"end":{"line":113,"column":50}},"type":"binary-expr","locations":[{"start":{"line":113,"column":29},"end":{"line":113,"column":36}},{"start":{"line":113,"column":29},"end":{"line":113,"column":50}}],"line":113},"39":{"loc":{"start":{"line":116,"column":29},"end":{"line":116,"column":50}},"type":"binary-expr","locations":[{"start":{"line":116,"column":29},"end":{"line":116,"column":36}},{"start":{"line":116,"column":29},"end":{"line":116,"column":50}}],"line":116}},"s":{"0":2,"1":2,"2":2,"3":2,"4":2,"5":2,"6":2,"7":2,"8":2,"9":2,"10":2,"11":6,"12":6,"13":0,"14":2,"15":3,"16":3,"17":0,"18":0,"19":3,"20":3,"21":3,"22":3,"23":3,"24":3,"25":0,"26":0,"27":3,"28":3,"29":3,"30":3,"31":3,"32":3,"33":3,"34":3,"35":2,"36":1,"37":0,"38":1,"39":1,"40":1,"41":1,"42":1,"43":1,"44":1,"45":1,"46":1,"47":0,"48":1,"49":2,"50":1,"51":0,"52":1,"53":1,"54":1,"55":1,"56":1,"57":1,"58":1,"59":1,"60":0,"61":1,"62":2,"63":2,"64":1,"65":1,"66":1,"67":1,"68":1,"69":1,"70":1,"71":1,"72":1,"73":1,"74":1,"75":1,"76":1,"77":2,"78":0,"79":0,"80":4,"81":2,"82":2,"83":5,"84":5,"85":3,"86":4,"87":8,"88":0,"89":6,"90":0,"91":4,"92":6,"93":0,"94":4,"95":2,"96":0,"97":2,"98":5,"99":3,"100":3,"101":3,"102":3,"103":0,"104":5,"105":5,"106":3,"107":3,"108":3,"109":3,"110":0,"111":0,"112":0,"113":0,"114":0,"115":0,"116":0,"117":0,"118":0,"119":0,"120":0},"f":{"0":6,"1":3,"2":1,"3":1,"4":2,"5":0,"6":0,"7":4,"8":2,"9":2,"10":5,"11":5,"12":3,"13":4,"14":8,"15":0,"16":6,"17":0,"18":4,"19":6,"20":0,"21":4,"22":2,"23":0,"24":2,"25":5,"26":3,"27":3,"28":3,"29":3,"30":0,"31":5,"32":5,"33":3,"34":3,"35":3,"36":3,"37":0,"38":0,"39":0,"40":0,"41":0,"42":0,"43":0,"44":0,"45":0,"46":0,"47":0},"b":{"0":[6,0],"1":[6,0],"2":[0,3],"3":[3,0],"4":[3,0],"5":[3,0],"6":[0,1],"7":[1,1],"8":[1,0],"9":[0,0],"10":[0,1],"11":[1,1],"12":[1,1],"13":[1,0],"14":[0,0],"15":[2,2],"16":[2,2],"17":[4,2],"18":[5,2],"19":[5,2],"20":[3],"21":[8,2],"22":[6,2],"23":[6,2],"24":[5,2],"25":[4,2],"26":[2,2],"27":[2,3],"28":[2,2],"29":[3,3],"30":[3,3],"31":[0,3],"32":[5,2],"33":[2,3],"34":[2,2],"35":[0,0],"36":[0,0],"37":[0,0],"38":[0,0],"39":[0,0]},"meta":{"lastBranch":0,"lastFunction":0,"lastStatement":0,"seen":{},"fnNames":{}}}
,"D:\\online-learning-platform\\online-learning-platform\\frontend\\src\\views\\Register.vue": {"path":"D:\\online-learning-platform\\online-learning-platform\\frontend\\src\\views\\Register.vue","statementMap":{"0":{"start":{"line":59,"column":14},"end":{"line":59,"column":26}},"1":{"start":{"line":60,"column":15},"end":{"line":60,"column":26}},"2":{"start":{"line":61,"column":15},"end":{"line":61,"column":72}},"3":{"start":{"line":63,"column":23},"end":{"line":92,"column":1}},"4":{"start":{"line":64,"column":2},"end":{"line":67,"column":3}},"5":{"start":{"line":65,"column":4},"end":{"line":65,"column":36}},"6":{"start":{"line":66,"column":4},"end":{"line":66,"column":10}},"7":{"start":{"line":68,"column":2},"end":{"line":71,"column":3}},"8":{"start":{"line":69,"column":4},"end":{"line":69,"column":39}},"9":{"start":{"line":70,"column":4},"end":{"line":70,"column":10}},"10":{"start":{"line":73,"column":2},"end":{"line":73,"column":22}},"11":{"start":{"line":74,"column":2},"end":{"line":91,"column":3}},"12":{"start":{"line":75,"column":16},"end":{"line":78,"column":6}},"13":{"start":{"line":80,"column":4},"end":{"line":86,"column":5}},"14":{"start":{"line":81,"column":5},"end":{"line":81,"column":63}},"15":{"start":{"line":83,"column":6},"end":{"line":85,"column":14}},"16":{"start":{"line":84,"column":8},"end":{"line":84,"column":29}},"17":{"start":{"line":88,"column":4},"end":{"line":88,"column":64}},"18":{"start":{"line":90,"column":4},"end":{"line":90,"column":25}},"19":{"start":{"line":2,"column":7},"end":{"line":2,"column":null}},"20":{"start":{"line":6,"column":9},"end":{"line":6,"column":null}},"21":{"start":{"line":44,"column":13},"end":{"line":44,"column":null}},"22":{"start":{"line":2,"column":2},"end":{"line":46,"column":90}},"23":{"start":{"line":20,"column":23},"end":{"line":46,"column":90}},"24":{"start":{"line":19,"column":12},"end":{"line":18,"column":null}},"25":{"start":{"line":16,"column":21},"end":{"line":16,"column":null}},"26":{"start":{"line":28,"column":12},"end":{"line":27,"column":null}},"27":{"start":{"line":23,"column":21},"end":{"line":23,"column":null}},"28":{"start":{"line":37,"column":12},"end":{"line":36,"column":null}},"29":{"start":{"line":32,"column":21},"end":{"line":32,"column":null}},"30":{"start":{"line":42,"column":8},"end":{"line":42,"column":20}},"31":{"start":{"line":46,"column":51},"end":{"line":46,"column":74}},"32":{"start":{"line":46,"column":78},"end":{"line":46,"column":90}}},"fnMap":{"0":{"name":"(anonymous_0)","decl":{"start":{"line":63,"column":23},"end":{"line":63,"column":28}},"loc":{"start":{"line":63,"column":35},"end":{"line":92,"column":1}},"line":63},"1":{"name":"(anonymous_1)","decl":{"start":{"line":83,"column":17},"end":{"line":83,"column":18}},"loc":{"start":{"line":83,"column":23},"end":{"line":85,"column":7}},"line":83},"2":{"name":"(anonymous_2)","decl":{"start":{"line":14,"column":8},"end":{"line":14,"column":null}},"loc":{"start":{"line":20,"column":23},"end":{"line":46,"column":90}},"line":20},"3":{"name":"(anonymous_3)","decl":{"start":{"line":15,"column":10},"end":{"line":15,"column":null}},"loc":{"start":{"line":19,"column":12},"end":{"line":18,"column":null}},"line":19},"4":{"name":"(anonymous_4)","decl":{"start":{"line":16,"column":21},"end":{"line":16,"column":28}},"loc":{"start":{"line":16,"column":21},"end":{"line":16,"column":null}},"line":16},"5":{"name":"(anonymous_5)","decl":{"start":{"line":22,"column":10},"end":{"line":22,"column":null}},"loc":{"start":{"line":28,"column":12},"end":{"line":27,"column":null}},"line":28},"6":{"name":"(anonymous_6)","decl":{"start":{"line":23,"column":21},"end":{"line":23,"column":28}},"loc":{"start":{"line":23,"column":21},"end":{"line":23,"column":null}},"line":23},"7":{"name":"(anonymous_7)","decl":{"start":{"line":31,"column":10},"end":{"line":31,"column":null}},"loc":{"start":{"line":37,"column":12},"end":{"line":36,"column":null}},"line":37},"8":{"name":"(anonymous_8)","decl":{"start":{"line":32,"column":21},"end":{"line":32,"column":28}},"loc":{"start":{"line":32,"column":21},"end":{"line":32,"column":null}},"line":32},"9":{"name":"(anonymous_9)","decl":{"start":{"line":40,"column":96},"end":{"line":40,"column":null}},"loc":{"start":{"line":42,"column":8},"end":{"line":42,"column":20}},"line":42},"10":{"name":"(anonymous_10)","decl":{"start":{"line":46,"column":49},"end":{"line":46,"column":51}},"loc":{"start":{"line":46,"column":51},"end":{"line":46,"column":74}},"line":46},"11":{"name":"(anonymous_11)","decl":{"start":{"line":46,"column":74},"end":{"line":46,"column":78}},"loc":{"start":{"line":46,"column":78},"end":{"line":46,"column":90}},"line":46}},"branchMap":{"0":{"loc":{"start":{"line":64,"column":2},"end":{"line":67,"column":3}},"type":"if","locations":[{"start":{"line":64,"column":2},"end":{"line":67,"column":3}},{"start":{},"end":{}}],"line":64},"1":{"loc":{"start":{"line":64,"column":6},"end":{"line":64,"column":56}},"type":"binary-expr","locations":[{"start":{"line":64,"column":6},"end":{"line":64,"column":29}},{"start":{"line":64,"column":33},"end":{"line":64,"column":56}}],"line":64},"2":{"loc":{"start":{"line":68,"column":2},"end":{"line":71,"column":3}},"type":"if","locations":[{"start":{"line":68,"column":2},"end":{"line":71,"column":3}},{"start":{},"end":{}}],"line":68},"3":{"loc":{"start":{"line":80,"column":4},"end":{"line":86,"column":5}},"type":"if","locations":[{"start":{"line":80,"column":4},"end":{"line":86,"column":5}},{"start":{},"end":{}}],"line":80},"4":{"loc":{"start":{"line":88,"column":20},"end":{"line":88,"column":63}},"type":"binary-expr","locations":[{"start":{"line":88,"column":20},"end":{"line":88,"column":47}},{"start":{"line":88,"column":51},"end":{"line":88,"column":63}}],"line":88},"5":{"loc":{"start":{"line":3,"column":4},"end":{"line":3,"column":38}},"type":"binary-expr","locations":[{"start":{"line":3,"column":4},"end":{"line":3,"column":9}},{"start":{"line":3,"column":4},"end":{"line":3,"column":38}}],"line":3},"6":{"loc":{"start":{"line":4,"column":4},"end":{"line":4,"column":38}},"type":"binary-expr","locations":[{"start":{"line":4,"column":4},"end":{"line":4,"column":9}},{"start":{"line":4,"column":4},"end":{"line":4,"column":38}}],"line":4},"7":{"loc":{"start":{"line":7,"column":6},"end":{"line":10,"column":25}},"type":"binary-expr","locations":[{"start":{"line":7,"column":6},"end":{"line":7,"column":11}},{"start":{"line":7,"column":6},"end":{"line":10,"column":25}}],"line":7},"8":{"loc":{"start":{"line":16,"column":21},"end":{"line":16,"column":null}},"type":"binary-expr","locations":[{"start":{"line":16,"column":21},"end":{"line":16,"column":28}},{"start":{"line":16,"column":21},"end":{"line":16,"column":null}}],"line":16},"9":{"loc":{"start":{"line":23,"column":21},"end":{"line":23,"column":null}},"type":"binary-expr","locations":[{"start":{"line":23,"column":21},"end":{"line":23,"column":28}},{"start":{"line":23,"column":21},"end":{"line":23,"column":null}}],"line":23},"10":{"loc":{"start":{"line":32,"column":21},"end":{"line":32,"column":null}},"type":"binary-expr","locations":[{"start":{"line":32,"column":21},"end":{"line":32,"column":28}},{"start":{"line":32,"column":21},"end":{"line":32,"column":null}}],"line":32},"11":{"loc":{"start":{"line":42,"column":8},"end":{"line":42,"column":20}},"type":"binary-expr","locations":[{"start":{"line":42,"column":8},"end":{"line":42,"column":20}},{"start":{"line":42,"column":8},"end":{"line":42,"column":20}}],"line":42},"12":{"loc":{"start":{"line":45,"column":10},"end":{"line":45,"column":46}},"type":"binary-expr","locations":[{"start":{"line":45,"column":10},"end":{"line":45,"column":16}},{"start":{"line":45,"column":10},"end":{"line":45,"column":46}}],"line":45},"13":{"loc":{"start":{"line":46,"column":49},"end":{"line":46,"column":74}},"type":"binary-expr","locations":[{"start":{"line":46,"column":49},"end":{"line":46,"column":51}},{"start":{"line":46,"column":49},"end":{"line":46,"column":74}}],"line":46},"14":{"loc":{"start":{"line":46,"column":78},"end":{"line":46,"column":90}},"type":"binary-expr","locations":[{"start":{"line":46,"column":78},"end":{"line":46,"column":90}},{"start":{"line":46,"column":78},"end":{"line":46,"column":90}}],"line":46}},"s":{"0":2,"1":2,"2":2,"3":2,"4":2,"5":0,"6":0,"7":2,"8":1,"9":1,"10":1,"11":1,"12":1,"13":1,"14":1,"15":1,"16":1,"17":0,"18":1,"19":1,"20":1,"21":1,"22":2,"23":4,"24":4,"25":2,"26":4,"27":2,"28":4,"29":2,"30":6,"31":0,"32":4},"f":{"0":2,"1":1,"2":4,"3":4,"4":2,"5":4,"6":2,"7":4,"8":2,"9":6,"10":0,"11":4},"b":{"0":[0,2],"1":[2,2],"2":[1,1],"3":[1,0],"4":[0,0],"5":[2,2],"6":[2,2],"7":[2,2],"8":[4,2],"9":[4,2],"10":[4,2],"11":[6,2],"12":[4,2],"13":[4,2],"14":[4,2]},"meta":{"lastBranch":0,"lastFunction":0,"lastStatement":0,"seen":{},"fnNames":{}}}
}
