{"C:\\Users\\lenovo\\Desktop\\wed3\\mozhicourse\\frontend\\src\\components\\course\\CourseCard.vue": {"path":"C:\\Users\\lenovo\\Desktop\\wed3\\mozhicourse\\frontend\\src\\components\\course\\CourseCard.vue","statementMap":{"0":{"start":{"line":27,"column":14},"end":{"line":27,"column":null}},"1":{"start":{"line":34,"column":14},"end":{"line":34,"column":26}},"2":{"start":{"line":36,"column":24},"end":{"line":38,"column":1}},"3":{"start":{"line":37,"column":2},"end":{"line":37,"column":43}},"4":{"start":{"line":41,"column":28},"end":{"line":50,"column":1}},"5":{"start":{"line":42,"column":2},"end":{"line":42,"column":51}},"6":{"start":{"line":42,"column":39},"end":{"line":42,"column":51}},"7":{"start":{"line":43,"column":15},"end":{"line":43,"column":60}},"8":{"start":{"line":44,"column":18},"end":{"line":48,"column":3}},"9":{"start":{"line":49,"column":2},"end":{"line":49,"column":44}},"10":{"start":{"line":49,"column":27},"end":{"line":49,"column":43}},"11":{"start":{"line":52,"column":22},"end":{"line":72,"column":1}},"12":{"start":{"line":53,"column":17},"end":{"line":53,"column":22}},"13":{"start":{"line":54,"column":2},"end":{"line":57,"column":3}},"14":{"start":{"line":56,"column":4},"end":{"line":56,"column":36}},"15":{"start":{"line":59,"column":2},"end":{"line":66,"column":3}},"16":{"start":{"line":60,"column":4},"end":{"line":65,"column":5}},"17":{"start":{"line":69,"column":2},"end":{"line":71,"column":3}},"18":{"start":{"line":3,"column":9},"end":{"line":3,"column":null}},"19":{"start":{"line":4,"column":11},"end":{"line":4,"column":null}},"20":{"start":{"line":8,"column":15},"end":{"line":8,"column":null}},"21":{"start":{"line":11,"column":17},"end":{"line":11,"column":30}},"22":{"start":{"line":16,"column":11},"end":{"line":16,"column":null}},"23":{"start":{"line":17,"column":12},"end":{"line":17,"column":36}},"24":{"start":{"line":18,"column":13},"end":{"line":18,"column":35}},"25":{"start":{"line":2,"column":2},"end":{"line":18,"column":61}}},"fnMap":{"0":{"name":"(anonymous_0)","decl":{"start":{"line":36,"column":24},"end":{"line":36,"column":25}},"loc":{"start":{"line":36,"column":30},"end":{"line":38,"column":1}},"line":36},"1":{"name":"(anonymous_1)","decl":{"start":{"line":41,"column":28},"end":{"line":41,"column":29}},"loc":{"start":{"line":41,"column":37},"end":{"line":50,"column":1}},"line":41},"2":{"name":"(anonymous_2)","decl":{"start":{"line":49,"column":22},"end":{"line":49,"column":23}},"loc":{"start":{"line":49,"column":27},"end":{"line":49,"column":43}},"line":49},"3":{"name":"(anonymous_3)","decl":{"start":{"line":52,"column":22},"end":{"line":52,"column":23}},"loc":{"start":{"line":52,"column":33},"end":{"line":72,"column":1}},"line":52}},"branchMap":{"0":{"loc":{"start":{"line":42,"column":2},"end":{"line":42,"column":51}},"type":"if","locations":[{"start":{"line":42,"column":2},"end":{"line":42,"column":51}},{"start":{},"end":{}}],"line":42},"1":{"loc":{"start":{"line":42,"column":6},"end":{"line":42,"column":37}},"type":"binary-expr","locations":[{"start":{"line":42,"column":6},"end":{"line":42,"column":10}},{"start":{"line":42,"column":14},"end":{"line":42,"column":37}}],"line":42},"2":{"loc":{"start":{"line":54,"column":2},"end":{"line":57,"column":3}},"type":"if","locations":[{"start":{"line":54,"column":2},"end":{"line":57,"column":3}},{"start":{},"end":{}}],"line":54},"3":{"loc":{"start":{"line":54,"column":6},"end":{"line":54,"column":48}},"type":"binary-expr","locations":[{"start":{"line":54,"column":6},"end":{"line":54,"column":15}},{"start":{"line":54,"column":19},"end":{"line":54,"column":48}}],"line":54},"4":{"loc":{"start":{"line":59,"column":2},"end":{"line":66,"column":3}},"type":"if","locations":[{"start":{"line":59,"column":2},"end":{"line":66,"column":3}},{"start":{},"end":{}}],"line":59},"5":{"loc":{"start":{"line":59,"column":6},"end":{"line":59,"column":95}},"type":"binary-expr","locations":[{"start":{"line":59,"column":6},"end":{"line":59,"column":34}},{"start":{"line":59,"column":39},"end":{"line":59,"column":66}},{"start":{"line":59,"column":70},"end":{"line":59,"column":94}}],"line":59},"6":{"loc":{"start":{"line":6,"column":10},"end":{"line":6,"column":83}},"type":"binary-expr","locations":[{"start":{"line":6,"column":10},"end":{"line":6,"column":15}},{"start":{"line":6,"column":10},"end":{"line":6,"column":83}}],"line":6},"7":{"loc":{"start":{"line":9,"column":12},"end":{"line":9,"column":67}},"type":"binary-expr","locations":[{"start":{"line":9,"column":12},"end":{"line":9,"column":17}},{"start":{"line":9,"column":12},"end":{"line":9,"column":67}}],"line":9},"8":{"loc":{"start":{"line":10,"column":12},"end":{"line":10,"column":69}},"type":"binary-expr","locations":[{"start":{"line":10,"column":12},"end":{"line":10,"column":17}},{"start":{"line":10,"column":12},"end":{"line":10,"column":69}}],"line":10},"9":{"loc":{"start":{"line":11,"column":30},"end":{"line":11,"column":56}},"type":"binary-expr","locations":[{"start":{"line":11,"column":30},"end":{"line":11,"column":33}},{"start":{"line":11,"column":30},"end":{"line":11,"column":56}}],"line":11}},"s":{"0":4,"1":4,"2":4,"3":1,"4":4,"5":3,"6":0,"7":3,"8":3,"9":3,"10":9,"11":4,"12":4,"13":4,"14":1,"15":4,"16":4,"17":0,"18":1,"19":1,"20":1,"21":1,"22":1,"23":1,"24":1,"25":4},"f":{"0":1,"1":3,"2":9,"3":4},"b":{"0":[0,3],"1":[3,3],"2":[1,3],"3":[4,3],"4":[4,0],"5":[4,4,1],"6":[4,4],"7":[4,4],"8":[4,4],"9":[4,4]},"meta":{"lastBranch":0,"lastFunction":0,"lastStatement":0,"seen":{}}}
,"C:\\Users\\lenovo\\Desktop\\wed3\\mozhicourse\\frontend\\src\\views\\Login.vue": {"path":"C:\\Users\\lenovo\\Desktop\\wed3\\mozhicourse\\frontend\\src\\views\\Login.vue","statementMap":{"0":{"start":{"line":177,"column":14},"end":{"line":177,"column":26}},"1":{"start":{"line":178,"column":13},"end":{"line":178,"column":24}},"2":{"start":{"line":181,"column":17},"end":{"line":181,"column":106}},"3":{"start":{"line":182,"column":21},"end":{"line":182,"column":32}},"4":{"start":{"line":184,"column":19},"end":{"line":188,"column":1}},"5":{"start":{"line":185,"column":2},"end":{"line":185,"column":23}},"6":{"start":{"line":186,"column":2},"end":{"line":186,"column":28}},"7":{"start":{"line":187,"column":2},"end":{"line":187,"column":54}},"8":{"start":{"line":187,"column":20},"end":{"line":187,"column":47}},"9":{"start":{"line":190,"column":17},"end":{"line":193,"column":2}},"10":{"start":{"line":195,"column":20},"end":{"line":199,"column":2}},"11":{"start":{"line":201,"column":15},"end":{"line":201,"column":26}},"12":{"start":{"line":202,"column":13},"end":{"line":202,"column":21}},"13":{"start":{"line":204,"column":20},"end":{"line":236,"column":1}},"14":{"start":{"line":205,"column":2},"end":{"line":205,"column":68}},"15":{"start":{"line":205,"column":62},"end":{"line":205,"column":68}},"16":{"start":{"line":206,"column":2},"end":{"line":206,"column":22}},"17":{"start":{"line":207,"column":2},"end":{"line":207,"column":18}},"18":{"start":{"line":208,"column":3},"end":{"line":235,"column":3}},"19":{"start":{"line":209,"column":16},"end":{"line":212,"column":6}},"20":{"start":{"line":213,"column":28},"end":{"line":213,"column":36}},"21":{"start":{"line":216,"column":4},"end":{"line":218,"column":5}},"22":{"start":{"line":217,"column":6},"end":{"line":217,"column":45}},"23":{"start":{"line":220,"column":4},"end":{"line":220,"column":37}},"24":{"start":{"line":221,"column":4},"end":{"line":221,"column":37}},"25":{"start":{"line":224,"column":4},"end":{"line":224,"column":40}},"26":{"start":{"line":225,"column":4},"end":{"line":225,"column":54}},"27":{"start":{"line":227,"column":21},"end":{"line":227,"column":48}},"28":{"start":{"line":228,"column":4},"end":{"line":228,"column":38}},"29":{"start":{"line":229,"column":4},"end":{"line":229,"column":25}},"30":{"start":{"line":231,"column":4},"end":{"line":231,"column":29}},"31":{"start":{"line":232,"column":4},"end":{"line":232,"column":61}},"32":{"start":{"line":234,"column":4},"end":{"line":234,"column":25}},"33":{"start":{"line":238,"column":23},"end":{"line":273,"column":1}},"34":{"start":{"line":239,"column":2},"end":{"line":239,"column":75}},"35":{"start":{"line":239,"column":69},"end":{"line":239,"column":75}},"36":{"start":{"line":240,"column":2},"end":{"line":240,"column":22}},"37":{"start":{"line":241,"column":2},"end":{"line":241,"column":18}},"38":{"start":{"line":242,"column":2},"end":{"line":272,"column":3}},"39":{"start":{"line":243,"column":16},"end":{"line":247,"column":6}},"40":{"start":{"line":249,"column":28},"end":{"line":249,"column":36}},"41":{"start":{"line":252,"column":4},"end":{"line":254,"column":5}},"42":{"start":{"line":253,"column":6},"end":{"line":253,"column":54}},"43":{"start":{"line":256,"column":4},"end":{"line":256,"column":35}},"44":{"start":{"line":257,"column":4},"end":{"line":257,"column":35}},"45":{"start":{"line":258,"column":4},"end":{"line":258,"column":36}},"46":{"start":{"line":261,"column":4},"end":{"line":261,"column":40}},"47":{"start":{"line":262,"column":4},"end":{"line":262,"column":54}},"48":{"start":{"line":264,"column":21},"end":{"line":264,"column":48}},"49":{"start":{"line":265,"column":4},"end":{"line":265,"column":38}},"50":{"start":{"line":266,"column":4},"end":{"line":266,"column":25}},"51":{"start":{"line":268,"column":4},"end":{"line":268,"column":29}},"52":{"start":{"line":269,"column":4},"end":{"line":269,"column":59}},"53":{"start":{"line":271,"column":4},"end":{"line":271,"column":25}},"54":{"start":{"line":2,"column":7},"end":{"line":2,"column":null}},"55":{"start":{"line":72,"column":13},"end":{"line":72,"column":null}},"56":{"start":{"line":76,"column":15},"end":{"line":76,"column":null}},"57":{"start":{"line":95,"column":17},"end":{"line":95,"column":null}},"58":{"start":{"line":105,"column":17},"end":{"line":105,"column":null}},"59":{"start":{"line":124,"column":17},"end":{"line":124,"column":null}},"60":{"start":{"line":134,"column":17},"end":{"line":134,"column":null}},"61":{"start":{"line":144,"column":17},"end":{"line":144,"column":null}},"62":{"start":{"line":146,"column":19},"end":{"line":146,"column":null}},"63":{"start":{"line":147,"column":23},"end":{"line":147,"column":null}},"64":{"start":{"line":151,"column":23},"end":{"line":151,"column":null}},"65":{"start":{"line":2,"column":2},"end":{"line":161,"column":null}},"66":{"start":{"line":71,"column":78},"end":{"line":71,"column":101}},"67":{"start":{"line":71,"column":111},"end":{"line":71,"column":126}},"68":{"start":{"line":80,"column":22},"end":{"line":80,"column":null}},"69":{"start":{"line":87,"column":22},"end":{"line":87,"column":null}},"70":{"start":{"line":98,"column":25},"end":{"line":98,"column":null}},"71":{"start":{"line":108,"column":25},"end":{"line":108,"column":null}},"72":{"start":{"line":127,"column":25},"end":{"line":127,"column":null}},"73":{"start":{"line":137,"column":25},"end":{"line":137,"column":null}},"74":{"start":{"line":148,"column":63},"end":{"line":148,"column":84}},"75":{"start":{"line":152,"column":66},"end":{"line":152,"column":87}}},"fnMap":{"0":{"name":"(anonymous_0)","decl":{"start":{"line":184,"column":19},"end":{"line":184,"column":20}},"loc":{"start":{"line":184,"column":28},"end":{"line":188,"column":1}},"line":184},"1":{"name":"(anonymous_1)","decl":{"start":{"line":187,"column":13},"end":{"line":187,"column":14}},"loc":{"start":{"line":187,"column":20},"end":{"line":187,"column":47}},"line":187},"2":{"name":"(anonymous_2)","decl":{"start":{"line":204,"column":20},"end":{"line":204,"column":25}},"loc":{"start":{"line":204,"column":32},"end":{"line":236,"column":1}},"line":204},"3":{"name":"(anonymous_3)","decl":{"start":{"line":238,"column":23},"end":{"line":238,"column":28}},"loc":{"start":{"line":238,"column":35},"end":{"line":273,"column":1}},"line":238},"4":{"name":"(anonymous_4)","decl":{"start":{"line":71,"column":76},"end":{"line":71,"column":78}},"loc":{"start":{"line":71,"column":78},"end":{"line":71,"column":101}},"line":71},"5":{"name":"(anonymous_5)","decl":{"start":{"line":71,"column":109},"end":{"line":71,"column":111}},"loc":{"start":{"line":71,"column":111},"end":{"line":71,"column":126}},"line":71},"6":{"name":"(anonymous_6)","decl":{"start":{"line":80,"column":20},"end":{"line":80,"column":22}},"loc":{"start":{"line":80,"column":22},"end":{"line":80,"column":null}},"line":80},"7":{"name":"(anonymous_7)","decl":{"start":{"line":87,"column":20},"end":{"line":87,"column":22}},"loc":{"start":{"line":87,"column":22},"end":{"line":87,"column":null}},"line":87},"8":{"name":"(anonymous_8)","decl":{"start":{"line":98,"column":25},"end":{"line":98,"column":34}},"loc":{"start":{"line":98,"column":25},"end":{"line":98,"column":null}},"line":98},"9":{"name":"(anonymous_9)","decl":{"start":{"line":108,"column":25},"end":{"line":108,"column":34}},"loc":{"start":{"line":108,"column":25},"end":{"line":108,"column":null}},"line":108},"10":{"name":"(anonymous_10)","decl":{"start":{"line":127,"column":25},"end":{"line":127,"column":37}},"loc":{"start":{"line":127,"column":25},"end":{"line":127,"column":null}},"line":127},"11":{"name":"(anonymous_11)","decl":{"start":{"line":137,"column":25},"end":{"line":137,"column":37}},"loc":{"start":{"line":137,"column":25},"end":{"line":137,"column":null}},"line":137},"12":{"name":"(anonymous_12)","decl":{"start":{"line":148,"column":63},"end":{"line":148,"column":75}},"loc":{"start":{"line":148,"column":63},"end":{"line":148,"column":84}},"line":148},"13":{"name":"(anonymous_13)","decl":{"start":{"line":152,"column":66},"end":{"line":152,"column":78}},"loc":{"start":{"line":152,"column":66},"end":{"line":152,"column":87}},"line":152}},"branchMap":{"0":{"loc":{"start":{"line":181,"column":22},"end":{"line":181,"column":105}},"type":"cond-expr","locations":[{"start":{"line":181,"column":85},"end":{"line":181,"column":95}},{"start":{"line":181,"column":98},"end":{"line":181,"column":105}}],"line":181},"1":{"loc":{"start":{"line":181,"column":22},"end":{"line":181,"column":82}},"type":"binary-expr","locations":[{"start":{"line":181,"column":22},"end":{"line":181,"column":47}},{"start":{"line":181,"column":51},"end":{"line":181,"column":82}}],"line":181},"2":{"loc":{"start":{"line":205,"column":2},"end":{"line":205,"column":68}},"type":"if","locations":[{"start":{"line":205,"column":2},"end":{"line":205,"column":68}},{"start":{},"end":{}}],"line":205},"3":{"loc":{"start":{"line":205,"column":6},"end":{"line":205,"column":60}},"type":"binary-expr","locations":[{"start":{"line":205,"column":6},"end":{"line":205,"column":31}},{"start":{"line":205,"column":35},"end":{"line":205,"column":60}}],"line":205},"4":{"loc":{"start":{"line":216,"column":4},"end":{"line":218,"column":5}},"type":"if","locations":[{"start":{"line":216,"column":4},"end":{"line":218,"column":5}},{"start":{},"end":{}}],"line":216},"5":{"loc":{"start":{"line":217,"column":18},"end":{"line":217,"column":45}},"type":"binary-expr","locations":[{"start":{"line":217,"column":18},"end":{"line":217,"column":32}},{"start":{"line":217,"column":36},"end":{"line":217,"column":45}}],"line":217},"6":{"loc":{"start":{"line":227,"column":21},"end":{"line":227,"column":48}},"type":"binary-expr","locations":[{"start":{"line":227,"column":21},"end":{"line":227,"column":41}},{"start":{"line":227,"column":45},"end":{"line":227,"column":48}}],"line":227},"7":{"loc":{"start":{"line":232,"column":18},"end":{"line":232,"column":61}},"type":"binary-expr","locations":[{"start":{"line":232,"column":18},"end":{"line":232,"column":43}},{"start":{"line":232,"column":47},"end":{"line":232,"column":61}}],"line":232},"8":{"loc":{"start":{"line":239,"column":2},"end":{"line":239,"column":75}},"type":"if","locations":[{"start":{"line":239,"column":2},"end":{"line":239,"column":75}},{"start":{},"end":{}}],"line":239},"9":{"loc":{"start":{"line":239,"column":6},"end":{"line":239,"column":67}},"type":"binary-expr","locations":[{"start":{"line":239,"column":6},"end":{"line":239,"column":35}},{"start":{"line":239,"column":39},"end":{"line":239,"column":67}}],"line":239},"10":{"loc":{"start":{"line":252,"column":4},"end":{"line":254,"column":5}},"type":"if","locations":[{"start":{"line":252,"column":4},"end":{"line":254,"column":5}},{"start":{},"end":{}}],"line":252},"11":{"loc":{"start":{"line":253,"column":18},"end":{"line":253,"column":54}},"type":"binary-expr","locations":[{"start":{"line":253,"column":18},"end":{"line":253,"column":41}},{"start":{"line":253,"column":45},"end":{"line":253,"column":54}}],"line":253},"12":{"loc":{"start":{"line":264,"column":21},"end":{"line":264,"column":48}},"type":"binary-expr","locations":[{"start":{"line":264,"column":21},"end":{"line":264,"column":41}},{"start":{"line":264,"column":45},"end":{"line":264,"column":48}}],"line":264},"13":{"loc":{"start":{"line":269,"column":18},"end":{"line":269,"column":59}},"type":"binary-expr","locations":[{"start":{"line":269,"column":18},"end":{"line":269,"column":43}},{"start":{"line":269,"column":47},"end":{"line":269,"column":59}}],"line":269},"14":{"loc":{"start":{"line":71,"column":76},"end":{"line":71,"column":101}},"type":"binary-expr","locations":[{"start":{"line":71,"column":76},"end":{"line":71,"column":78}},{"start":{"line":71,"column":76},"end":{"line":71,"column":101}}],"line":71},"15":{"loc":{"start":{"line":71,"column":109},"end":{"line":71,"column":null}},"type":"binary-expr","locations":[{"start":{"line":71,"column":109},"end":{"line":71,"column":111}},{"start":{"line":71,"column":109},"end":{"line":71,"column":null}}],"line":71},"16":{"loc":{"start":{"line":71,"column":111},"end":{"line":71,"column":126}},"type":"binary-expr","locations":[{"start":{"line":71,"column":111},"end":{"line":71,"column":126}},{"start":{"line":71,"column":111},"end":{"line":71,"column":126}}],"line":71},"17":{"loc":{"start":{"line":73,"column":10},"end":{"line":73,"column":42}},"type":"binary-expr","locations":[{"start":{"line":73,"column":10},"end":{"line":73,"column":14}},{"start":{"line":73,"column":10},"end":{"line":73,"column":42}}],"line":73},"18":{"loc":{"start":{"line":74,"column":10},"end":{"line":74,"column":54}},"type":"binary-expr","locations":[{"start":{"line":74,"column":10},"end":{"line":74,"column":13}},{"start":{"line":74,"column":10},"end":{"line":74,"column":54}}],"line":74},"19":{"loc":{"start":{"line":80,"column":20},"end":{"line":80,"column":null}},"type":"binary-expr","locations":[{"start":{"line":80,"column":20},"end":{"line":80,"column":22}},{"start":{"line":80,"column":20},"end":{"line":80,"column":null}}],"line":80},"20":{"loc":{"start":{"line":87,"column":20},"end":{"line":87,"column":null}},"type":"binary-expr","locations":[{"start":{"line":87,"column":20},"end":{"line":87,"column":22}},{"start":{"line":87,"column":20},"end":{"line":87,"column":null}}],"line":87},"21":{"loc":{"start":{"line":94,"column":22},"end":{"line":161,"column":null}},"type":"cond-expr","locations":[{"start":{"line":94,"column":10},"end":{"line":118,"column":null}},{"start":{"line":123,"column":10},"end":{"line":161,"column":null}}],"line":94},"22":{"loc":{"start":{"line":96,"column":14},"end":{"line":96,"column":32}},"type":"binary-expr","locations":[{"start":{"line":96,"column":14},"end":{"line":96,"column":21}},{"start":{"line":96,"column":14},"end":{"line":96,"column":32}}],"line":96},"23":{"loc":{"start":{"line":98,"column":25},"end":{"line":98,"column":null}},"type":"binary-expr","locations":[{"start":{"line":98,"column":25},"end":{"line":98,"column":34}},{"start":{"line":98,"column":25},"end":{"line":98,"column":null}}],"line":98},"24":{"loc":{"start":{"line":106,"column":14},"end":{"line":106,"column":31}},"type":"binary-expr","locations":[{"start":{"line":106,"column":14},"end":{"line":106,"column":21}},{"start":{"line":106,"column":14},"end":{"line":106,"column":31}}],"line":106},"25":{"loc":{"start":{"line":108,"column":25},"end":{"line":108,"column":null}},"type":"binary-expr","locations":[{"start":{"line":108,"column":25},"end":{"line":108,"column":34}},{"start":{"line":108,"column":25},"end":{"line":108,"column":null}}],"line":108},"26":{"loc":{"start":{"line":115,"column":23},"end":{"line":115,"column":65}},"type":"cond-expr","locations":[{"start":{"line":115,"column":12},"end":{"line":115,"column":65}}],"line":115},"27":{"loc":{"start":{"line":118,"column":17},"end":{"line":118,"column":null}},"type":"cond-expr","locations":[{"start":{"line":118,"column":24},"end":{"line":118,"column":null}},{"start":{"line":118,"column":24},"end":{"line":118,"column":null}}],"line":118},"28":{"loc":{"start":{"line":125,"column":14},"end":{"line":125,"column":32}},"type":"binary-expr","locations":[{"start":{"line":125,"column":14},"end":{"line":125,"column":21}},{"start":{"line":125,"column":14},"end":{"line":125,"column":32}}],"line":125},"29":{"loc":{"start":{"line":127,"column":25},"end":{"line":127,"column":null}},"type":"binary-expr","locations":[{"start":{"line":127,"column":25},"end":{"line":127,"column":37}},{"start":{"line":127,"column":25},"end":{"line":127,"column":null}}],"line":127},"30":{"loc":{"start":{"line":135,"column":14},"end":{"line":135,"column":31}},"type":"binary-expr","locations":[{"start":{"line":135,"column":14},"end":{"line":135,"column":21}},{"start":{"line":135,"column":14},"end":{"line":135,"column":31}}],"line":135},"31":{"loc":{"start":{"line":137,"column":25},"end":{"line":137,"column":null}},"type":"binary-expr","locations":[{"start":{"line":137,"column":25},"end":{"line":137,"column":37}},{"start":{"line":137,"column":25},"end":{"line":137,"column":null}}],"line":137},"32":{"loc":{"start":{"line":145,"column":14},"end":{"line":145,"column":31}},"type":"binary-expr","locations":[{"start":{"line":145,"column":14},"end":{"line":145,"column":21}},{"start":{"line":145,"column":14},"end":{"line":145,"column":31}}],"line":145},"33":{"loc":{"start":{"line":148,"column":63},"end":{"line":148,"column":84}},"type":"binary-expr","locations":[{"start":{"line":148,"column":63},"end":{"line":148,"column":75}},{"start":{"line":148,"column":63},"end":{"line":148,"column":84}}],"line":148},"34":{"loc":{"start":{"line":149,"column":18},"end":{"line":149,"column":35}},"type":"binary-expr","locations":[{"start":{"line":149,"column":18},"end":{"line":149,"column":24}},{"start":{"line":149,"column":18},"end":{"line":149,"column":35}}],"line":149},"35":{"loc":{"start":{"line":152,"column":66},"end":{"line":152,"column":87}},"type":"binary-expr","locations":[{"start":{"line":152,"column":66},"end":{"line":152,"column":78}},{"start":{"line":152,"column":66},"end":{"line":152,"column":87}}],"line":152},"36":{"loc":{"start":{"line":153,"column":18},"end":{"line":153,"column":35}},"type":"binary-expr","locations":[{"start":{"line":153,"column":18},"end":{"line":153,"column":24}},{"start":{"line":153,"column":18},"end":{"line":153,"column":35}}],"line":153},"37":{"loc":{"start":{"line":158,"column":23},"end":{"line":158,"column":65}},"type":"cond-expr","locations":[{"start":{"line":158,"column":12},"end":{"line":158,"column":65}}],"line":158},"38":{"loc":{"start":{"line":161,"column":17},"end":{"line":161,"column":null}},"type":"cond-expr","locations":[{"start":{"line":161,"column":24},"end":{"line":161,"column":null}},{"start":{"line":161,"column":24},"end":{"line":161,"column":null}}],"line":161}},"s":{"0":6,"1":6,"2":6,"3":6,"4":6,"5":1,"6":1,"7":1,"8":0,"9":6,"10":6,"11":6,"12":6,"13":6,"14":2,"15":0,"16":2,"17":2,"18":2,"19":2,"20":1,"21":1,"22":0,"23":1,"24":1,"25":1,"26":1,"27":1,"28":2,"29":2,"30":1,"31":1,"32":2,"33":6,"34":2,"35":0,"36":2,"37":2,"38":2,"39":2,"40":1,"41":1,"42":0,"43":1,"44":1,"45":1,"46":1,"47":1,"48":1,"49":2,"50":2,"51":1,"52":1,"53":2,"54":1,"55":1,"56":1,"57":1,"58":1,"59":1,"60":1,"61":1,"62":1,"63":1,"64":1,"65":24,"66":0,"67":0,"68":0,"69":1,"70":2,"71":2,"72":2,"73":2,"74":0,"75":1},"f":{"0":1,"1":0,"2":2,"3":2,"4":0,"5":0,"6":0,"7":1,"8":2,"9":2,"10":2,"11":2,"12":0,"13":1},"b":{"0":[2,4],"1":[6,4],"2":[0,2],"3":[2,2],"4":[0,1],"5":[0,0],"6":[1,1],"7":[1,0],"8":[0,2],"9":[2,2],"10":[0,1],"11":[0,0],"12":[1,1],"13":[1,1],"14":[24,6],"15":[24,6],"16":[0,0],"17":[24,6],"18":[24,6],"19":[24,6],"20":[24,6],"21":[12,12],"22":[12,4],"23":[12,4],"24":[12,4],"25":[12,4],"26":[1],"27":[2,10],"28":[12,3],"29":[12,3],"30":[12,3],"31":[12,3],"32":[12,3],"33":[12,3],"34":[12,3],"35":[12,3],"36":[12,3],"37":[1],"38":[2,10]},"meta":{"lastBranch":0,"lastFunction":0,"lastStatement":0,"seen":{}}}
}
