TN:
SF:src\components\course\CourseCard.vue
FN:36,(anonymous_0)
FN:41,(anonymous_1)
FN:49,(anonymous_2)
FN:52,(anonymous_3)
FNF:4
FNH:4
FNDA:1,(anonymous_0)
FNDA:3,(anonymous_1)
FNDA:9,(anonymous_2)
FNDA:4,(anonymous_3)
DA:2,4
DA:3,1
DA:4,1
DA:8,1
DA:11,1
DA:16,1
DA:17,1
DA:18,1
DA:27,4
DA:34,4
DA:36,4
DA:37,1
DA:41,4
DA:42,3
DA:43,3
DA:44,3
DA:49,9
DA:52,4
DA:53,4
DA:54,4
DA:56,1
DA:59,4
DA:60,4
DA:69,0
LF:24
LH:23
BRDA:42,0,0,0
BRDA:42,0,1,3
BRDA:42,1,0,3
BRDA:42,1,1,3
BRDA:54,2,0,1
BRDA:54,2,1,3
BRDA:54,3,0,4
BRDA:54,3,1,3
BRDA:59,4,0,4
BRDA:59,4,1,0
BRDA:59,5,0,4
BRDA:59,5,1,4
BRDA:59,5,2,1
BRDA:6,6,0,4
BRDA:6,6,1,4
BRDA:9,7,0,4
BRDA:9,7,1,4
BRDA:10,8,0,4
BRDA:10,8,1,4
BRDA:11,9,0,4
BRDA:11,9,1,4
BRF:21
BRH:19
end_of_record
TN:
SF:src\views\Login.vue
FN:184,(anonymous_0)
FN:187,(anonymous_1)
FN:204,(anonymous_2)
FN:238,(anonymous_3)
FN:71,(anonymous_4)
FN:71,(anonymous_5)
FN:80,(anonymous_6)
FN:87,(anonymous_7)
FN:98,(anonymous_8)
FN:108,(anonymous_9)
FN:127,(anonymous_10)
FN:137,(anonymous_11)
FN:148,(anonymous_12)
FN:152,(anonymous_13)
FNF:14
FNH:9
FNDA:1,(anonymous_0)
FNDA:0,(anonymous_1)
FNDA:2,(anonymous_2)
FNDA:2,(anonymous_3)
FNDA:0,(anonymous_4)
FNDA:0,(anonymous_5)
FNDA:0,(anonymous_6)
FNDA:1,(anonymous_7)
FNDA:2,(anonymous_8)
FNDA:2,(anonymous_9)
FNDA:2,(anonymous_10)
FNDA:2,(anonymous_11)
FNDA:0,(anonymous_12)
FNDA:1,(anonymous_13)
DA:2,24
DA:71,0
DA:72,1
DA:76,1
DA:80,0
DA:87,1
DA:95,1
DA:98,2
DA:105,1
DA:108,2
DA:124,1
DA:127,2
DA:134,1
DA:137,2
DA:144,1
DA:146,1
DA:147,1
DA:148,0
DA:151,1
DA:152,1
DA:177,6
DA:178,6
DA:181,6
DA:182,6
DA:184,6
DA:185,1
DA:186,1
DA:187,1
DA:190,6
DA:195,6
DA:201,6
DA:202,6
DA:204,6
DA:205,2
DA:206,2
DA:207,2
DA:208,2
DA:209,2
DA:213,1
DA:216,1
DA:217,0
DA:220,1
DA:221,1
DA:224,1
DA:225,1
DA:227,1
DA:228,2
DA:229,2
DA:231,1
DA:232,1
DA:234,2
DA:238,6
DA:239,2
DA:240,2
DA:241,2
DA:242,2
DA:243,2
DA:249,1
DA:252,1
DA:253,0
DA:256,1
DA:257,1
DA:258,1
DA:261,1
DA:262,1
DA:264,1
DA:265,2
DA:266,2
DA:268,1
DA:269,1
DA:271,2
LF:71
LH:66
BRDA:181,0,0,2
BRDA:181,0,1,4
BRDA:181,1,0,6
BRDA:181,1,1,4
BRDA:205,2,0,0
BRDA:205,2,1,2
BRDA:205,3,0,2
BRDA:205,3,1,2
BRDA:216,4,0,0
BRDA:216,4,1,1
BRDA:217,5,0,0
BRDA:217,5,1,0
BRDA:227,6,0,1
BRDA:227,6,1,1
BRDA:232,7,0,1
BRDA:232,7,1,0
BRDA:239,8,0,0
BRDA:239,8,1,2
BRDA:239,9,0,2
BRDA:239,9,1,2
BRDA:252,10,0,0
BRDA:252,10,1,1
BRDA:253,11,0,0
BRDA:253,11,1,0
BRDA:264,12,0,1
BRDA:264,12,1,1
BRDA:269,13,0,1
BRDA:269,13,1,1
BRDA:71,14,0,24
BRDA:71,14,1,6
BRDA:71,15,0,24
BRDA:71,15,1,6
BRDA:71,16,0,0
BRDA:71,16,1,0
BRDA:73,17,0,24
BRDA:73,17,1,6
BRDA:74,18,0,24
BRDA:74,18,1,6
BRDA:80,19,0,24
BRDA:80,19,1,6
BRDA:87,20,0,24
BRDA:87,20,1,6
BRDA:94,21,0,12
BRDA:94,21,1,12
BRDA:96,22,0,12
BRDA:96,22,1,4
BRDA:98,23,0,12
BRDA:98,23,1,4
BRDA:106,24,0,12
BRDA:106,24,1,4
BRDA:108,25,0,12
BRDA:108,25,1,4
BRDA:115,26,0,1
BRDA:118,27,0,2
BRDA:118,27,1,10
BRDA:125,28,0,12
BRDA:125,28,1,3
BRDA:127,29,0,12
BRDA:127,29,1,3
BRDA:135,30,0,12
BRDA:135,30,1,3
BRDA:137,31,0,12
BRDA:137,31,1,3
BRDA:145,32,0,12
BRDA:145,32,1,3
BRDA:148,33,0,12
BRDA:148,33,1,3
BRDA:149,34,0,12
BRDA:149,34,1,3
BRDA:152,35,0,12
BRDA:152,35,1,3
BRDA:153,36,0,12
BRDA:153,36,1,3
BRDA:158,37,0,1
BRDA:161,38,0,2
BRDA:161,38,1,10
BRF:76
BRH:65
end_of_record
