{"C:\\Users\\sun\\Desktop\\移动互联实践\\mozhicourse1209\\mozhicourse\\backend\\config\\database.js": {"path":"C:\\Users\\sun\\Desktop\\移动互联实践\\mozhicourse1209\\mozhicourse\\backend\\config\\database.js","statementMap":{"0":{"start":{"line":2,"column":14},"end":{"line":2,"column":39}},"1":{"start":{"line":5,"column":17},"end":{"line":13,"column":1}},"2":{"start":{"line":15,"column":13},"end":{"line":15,"column":39}},"3":{"start":{"line":18,"column":23},"end":{"line":31,"column":1}},"4":{"start":{"line":19,"column":2},"end":{"line":30,"column":3}},"5":{"start":{"line":20,"column":23},"end":{"line":20,"column":49}},"6":{"start":{"line":21,"column":4},"end":{"line":21,"column":29}},"7":{"start":{"line":22,"column":4},"end":{"line":22,"column":25}},"8":{"start":{"line":25,"column":19},"end":{"line":25,"column":77}},"9":{"start":{"line":26,"column":4},"end":{"line":26,"column":49}},"10":{"start":{"line":28,"column":4},"end":{"line":28,"column":45}},"11":{"start":{"line":29,"column":4},"end":{"line":29,"column":14}},"12":{"start":{"line":34,"column":16},"end":{"line":41,"column":1}},"13":{"start":{"line":35,"column":2},"end":{"line":40,"column":3}},"14":{"start":{"line":36,"column":4},"end":{"line":36,"column":43}},"15":{"start":{"line":38,"column":4},"end":{"line":38,"column":37}},"16":{"start":{"line":39,"column":4},"end":{"line":39,"column":16}},"17":{"start":{"line":43,"column":0},"end":{"line":47,"column":2}}},"fnMap":{"0":{"name":"(anonymous_0)","decl":{"start":{"line":18,"column":23},"end":{"line":18,"column":24}},"loc":{"start":{"line":18,"column":35},"end":{"line":31,"column":1}},"line":18},"1":{"name":"(anonymous_1)","decl":{"start":{"line":34,"column":16},"end":{"line":34,"column":17}},"loc":{"start":{"line":34,"column":44},"end":{"line":41,"column":1}},"line":34}},"branchMap":{"0":{"loc":{"start":{"line":34,"column":28},"end":{"line":34,"column":39}},"type":"default-arg","locations":[{"start":{"line":34,"column":37},"end":{"line":34,"column":39}}],"line":34}},"s":{"0":3,"1":3,"2":3,"3":3,"4":0,"5":0,"6":0,"7":0,"8":0,"9":0,"10":0,"11":0,"12":3,"13":0,"14":0,"15":0,"16":0,"17":3},"f":{"0":0,"1":0},"b":{"0":[0]},"_coverageSchema":"1a1c01bbd47fc00a2c39e90264f33305004495a9","hash":"d6eea82115eacbab72e0fb1658a34f2c0d36c5ae"}
,"C:\\Users\\sun\\Desktop\\移动互联实践\\mozhicourse1209\\mozhicourse\\backend\\controllers\\authController.js": {"path":"C:\\Users\\sun\\Desktop\\移动互联实践\\mozhicourse1209\\mozhicourse\\backend\\controllers\\authController.js","statementMap":{"0":{"start":{"line":1,"column":15},"end":{"line":1,"column":32}},"1":{"start":{"line":2,"column":12},"end":{"line":2,"column":35}},"2":{"start":{"line":4,"column":18},"end":{"line":4,"column":48}},"3":{"start":{"line":7,"column":22},"end":{"line":19,"column":1}},"4":{"start":{"line":8,"column":2},"end":{"line":18,"column":4}},"5":{"start":{"line":22,"column":0},"end":{"line":101,"column":2}},"6":{"start":{"line":23,"column":2},"end":{"line":100,"column":3}},"7":{"start":{"line":24,"column":4},"end":{"line":24,"column":44}},"8":{"start":{"line":25,"column":42},"end":{"line":25,"column":50}},"9":{"start":{"line":28,"column":4},"end":{"line":34,"column":5}},"10":{"start":{"line":29,"column":6},"end":{"line":29,"column":35}},"11":{"start":{"line":30,"column":6},"end":{"line":33,"column":9}},"12":{"start":{"line":36,"column":4},"end":{"line":36,"column":30}},"13":{"start":{"line":38,"column":4},"end":{"line":38,"column":43}},"14":{"start":{"line":40,"column":21},"end":{"line":40,"column":62}},"15":{"start":{"line":42,"column":4},"end":{"line":48,"column":5}},"16":{"start":{"line":43,"column":6},"end":{"line":43,"column":30}},"17":{"start":{"line":44,"column":6},"end":{"line":47,"column":9}},"18":{"start":{"line":51,"column":22},"end":{"line":51,"column":32}},"19":{"start":{"line":52,"column":22},"end":{"line":52,"column":64}},"20":{"start":{"line":53,"column":18},"end":{"line":53,"column":94}},"21":{"start":{"line":54,"column":4},"end":{"line":54,"column":37}},"22":{"start":{"line":57,"column":20},"end":{"line":57,"column":29}},"23":{"start":{"line":58,"column":4},"end":{"line":60,"column":5}},"24":{"start":{"line":59,"column":6},"end":{"line":59,"column":23}},"25":{"start":{"line":61,"column":4},"end":{"line":61,"column":39}},"26":{"start":{"line":64,"column":4},"end":{"line":64,"column":32}},"27":{"start":{"line":65,"column":17},"end":{"line":65,"column":41}},"28":{"start":{"line":66,"column":26},"end":{"line":66,"column":59}},"29":{"start":{"line":67,"column":4},"end":{"line":67,"column":28}},"30":{"start":{"line":70,"column":4},"end":{"line":70,"column":64}},"31":{"start":{"line":71,"column":20},"end":{"line":76,"column":6}},"32":{"start":{"line":77,"column":4},"end":{"line":77,"column":49}},"33":{"start":{"line":80,"column":4},"end":{"line":80,"column":38}},"34":{"start":{"line":81,"column":18},"end":{"line":81,"column":40}},"35":{"start":{"line":82,"column":4},"end":{"line":82,"column":32}},"36":{"start":{"line":84,"column":4},"end":{"line":84,"column":34}},"37":{"start":{"line":85,"column":4},"end":{"line":92,"column":7}},"38":{"start":{"line":94,"column":4},"end":{"line":94,"column":35}},"39":{"start":{"line":95,"column":4},"end":{"line":95,"column":39}},"40":{"start":{"line":96,"column":4},"end":{"line":96,"column":42}},"41":{"start":{"line":97,"column":4},"end":{"line":97,"column":39}},"42":{"start":{"line":98,"column":4},"end":{"line":98,"column":34}},"43":{"start":{"line":99,"column":4},"end":{"line":99,"column":16}},"44":{"start":{"line":104,"column":0},"end":{"line":165,"column":2}},"45":{"start":{"line":105,"column":2},"end":{"line":164,"column":3}},"46":{"start":{"line":106,"column":35},"end":{"line":106,"column":43}},"47":{"start":{"line":107,"column":20},"end":{"line":107,"column":28}},"48":{"start":{"line":110,"column":4},"end":{"line":115,"column":5}},"49":{"start":{"line":111,"column":6},"end":{"line":114,"column":9}},"50":{"start":{"line":118,"column":17},"end":{"line":118,"column":55}},"51":{"start":{"line":120,"column":4},"end":{"line":125,"column":5}},"52":{"start":{"line":121,"column":6},"end":{"line":124,"column":9}},"53":{"start":{"line":128,"column":4},"end":{"line":133,"column":5}},"54":{"start":{"line":129,"column":6},"end":{"line":132,"column":9}},"55":{"start":{"line":136,"column":20},"end":{"line":136,"column":70}},"56":{"start":{"line":138,"column":4},"end":{"line":143,"column":5}},"57":{"start":{"line":139,"column":6},"end":{"line":142,"column":9}},"58":{"start":{"line":146,"column":4},"end":{"line":146,"column":54}},"59":{"start":{"line":149,"column":4},"end":{"line":149,"column":30}},"60":{"start":{"line":152,"column":18},"end":{"line":152,"column":37}},"61":{"start":{"line":154,"column":4},"end":{"line":161,"column":7}},"62":{"start":{"line":163,"column":4},"end":{"line":163,"column":16}},"63":{"start":{"line":168,"column":0},"end":{"line":186,"column":2}},"64":{"start":{"line":169,"column":2},"end":{"line":185,"column":3}},"65":{"start":{"line":170,"column":18},"end":{"line":170,"column":52}},"66":{"start":{"line":172,"column":4},"end":{"line":177,"column":5}},"67":{"start":{"line":173,"column":6},"end":{"line":176,"column":9}},"68":{"start":{"line":179,"column":4},"end":{"line":182,"column":7}},"69":{"start":{"line":184,"column":4},"end":{"line":184,"column":16}},"70":{"start":{"line":189,"column":0},"end":{"line":223,"column":2}},"71":{"start":{"line":190,"column":2},"end":{"line":222,"column":3}},"72":{"start":{"line":191,"column":72},"end":{"line":191,"column":80}},"73":{"start":{"line":192,"column":19},"end":{"line":192,"column":34}},"74":{"start":{"line":194,"column":23},"end":{"line":195,"column":43}},"75":{"start":{"line":195,"column":23},"end":{"line":195,"column":42}},"76":{"start":{"line":197,"column":4},"end":{"line":202,"column":5}},"77":{"start":{"line":198,"column":6},"end":{"line":201,"column":9}},"78":{"start":{"line":204,"column":20},"end":{"line":210,"column":6}},"79":{"start":{"line":213,"column":18},"end":{"line":213,"column":43}},"80":{"start":{"line":215,"column":4},"end":{"line":219,"column":7}},"81":{"start":{"line":221,"column":4},"end":{"line":221,"column":16}},"82":{"start":{"line":226,"column":0},"end":{"line":272,"column":2}},"83":{"start":{"line":227,"column":2},"end":{"line":271,"column":3}},"84":{"start":{"line":228,"column":43},"end":{"line":228,"column":51}},"85":{"start":{"line":229,"column":19},"end":{"line":229,"column":34}},"86":{"start":{"line":231,"column":4},"end":{"line":236,"column":5}},"87":{"start":{"line":232,"column":6},"end":{"line":235,"column":9}},"88":{"start":{"line":239,"column":18},"end":{"line":239,"column":51}},"89":{"start":{"line":241,"column":4},"end":{"line":246,"column":5}},"90":{"start":{"line":242,"column":6},"end":{"line":245,"column":9}},"91":{"start":{"line":249,"column":20},"end":{"line":249,"column":78}},"92":{"start":{"line":251,"column":4},"end":{"line":256,"column":5}},"93":{"start":{"line":252,"column":6},"end":{"line":255,"column":9}},"94":{"start":{"line":259,"column":17},"end":{"line":259,"column":41}},"95":{"start":{"line":260,"column":26},"end":{"line":260,"column":63}},"96":{"start":{"line":263,"column":4},"end":{"line":263,"column":52}},"97":{"start":{"line":265,"column":4},"end":{"line":268,"column":7}},"98":{"start":{"line":270,"column":4},"end":{"line":270,"column":16}}},"fnMap":{"0":{"name":"(anonymous_0)","decl":{"start":{"line":7,"column":22},"end":{"line":7,"column":23}},"loc":{"start":{"line":7,"column":32},"end":{"line":19,"column":1}},"line":7},"1":{"name":"(anonymous_1)","decl":{"start":{"line":22,"column":19},"end":{"line":22,"column":20}},"loc":{"start":{"line":22,"column":45},"end":{"line":101,"column":1}},"line":22},"2":{"name":"(anonymous_2)","decl":{"start":{"line":104,"column":16},"end":{"line":104,"column":17}},"loc":{"start":{"line":104,"column":42},"end":{"line":165,"column":1}},"line":104},"3":{"name":"(anonymous_3)","decl":{"start":{"line":168,"column":25},"end":{"line":168,"column":26}},"loc":{"start":{"line":168,"column":51},"end":{"line":186,"column":1}},"line":168},"4":{"name":"(anonymous_4)","decl":{"start":{"line":189,"column":24},"end":{"line":189,"column":25}},"loc":{"start":{"line":189,"column":50},"end":{"line":223,"column":1}},"line":189},"5":{"name":"(anonymous_5)","decl":{"start":{"line":195,"column":12},"end":{"line":195,"column":13}},"loc":{"start":{"line":195,"column":23},"end":{"line":195,"column":42}},"line":195},"6":{"name":"(anonymous_6)","decl":{"start":{"line":226,"column":25},"end":{"line":226,"column":26}},"loc":{"start":{"line":226,"column":51},"end":{"line":272,"column":1}},"line":226}},"branchMap":{"0":{"loc":{"start":{"line":14,"column":4},"end":{"line":14,"column":59}},"type":"binary-expr","locations":[{"start":{"line":14,"column":4},"end":{"line":14,"column":26}},{"start":{"line":14,"column":30},"end":{"line":14,"column":59}}],"line":14},"1":{"loc":{"start":{"line":16,"column":17},"end":{"line":16,"column":47}},"type":"binary-expr","locations":[{"start":{"line":16,"column":17},"end":{"line":16,"column":39}},{"start":{"line":16,"column":43},"end":{"line":16,"column":47}}],"line":16},"2":{"loc":{"start":{"line":28,"column":4},"end":{"line":34,"column":5}},"type":"if","locations":[{"start":{"line":28,"column":4},"end":{"line":34,"column":5}},{"start":{},"end":{}}],"line":28},"3":{"loc":{"start":{"line":28,"column":8},"end":{"line":28,"column":31}},"type":"binary-expr","locations":[{"start":{"line":28,"column":8},"end":{"line":28,"column":18}},{"start":{"line":28,"column":22},"end":{"line":28,"column":31}}],"line":28},"4":{"loc":{"start":{"line":42,"column":4},"end":{"line":48,"column":5}},"type":"if","locations":[{"start":{"line":42,"column":4},"end":{"line":48,"column":5}},{"start":{},"end":{}}],"line":42},"5":{"loc":{"start":{"line":58,"column":4},"end":{"line":60,"column":5}},"type":"if","locations":[{"start":{"line":58,"column":4},"end":{"line":60,"column":5}},{"start":{},"end":{}}],"line":58},"6":{"loc":{"start":{"line":58,"column":8},"end":{"line":58,"column":51}},"type":"binary-expr","locations":[{"start":{"line":58,"column":8},"end":{"line":58,"column":29}},{"start":{"line":58,"column":33},"end":{"line":58,"column":51}}],"line":58},"7":{"loc":{"start":{"line":110,"column":4},"end":{"line":115,"column":5}},"type":"if","locations":[{"start":{"line":110,"column":4},"end":{"line":115,"column":5}},{"start":{},"end":{}}],"line":110},"8":{"loc":{"start":{"line":110,"column":8},"end":{"line":110,"column":29}},"type":"binary-expr","locations":[{"start":{"line":110,"column":8},"end":{"line":110,"column":16}},{"start":{"line":110,"column":20},"end":{"line":110,"column":29}}],"line":110},"9":{"loc":{"start":{"line":120,"column":4},"end":{"line":125,"column":5}},"type":"if","locations":[{"start":{"line":120,"column":4},"end":{"line":125,"column":5}},{"start":{},"end":{}}],"line":120},"10":{"loc":{"start":{"line":128,"column":4},"end":{"line":133,"column":5}},"type":"if","locations":[{"start":{"line":128,"column":4},"end":{"line":133,"column":5}},{"start":{},"end":{}}],"line":128},"11":{"loc":{"start":{"line":138,"column":4},"end":{"line":143,"column":5}},"type":"if","locations":[{"start":{"line":138,"column":4},"end":{"line":143,"column":5}},{"start":{},"end":{}}],"line":138},"12":{"loc":{"start":{"line":172,"column":4},"end":{"line":177,"column":5}},"type":"if","locations":[{"start":{"line":172,"column":4},"end":{"line":177,"column":5}},{"start":{},"end":{}}],"line":172},"13":{"loc":{"start":{"line":197,"column":4},"end":{"line":202,"column":5}},"type":"if","locations":[{"start":{"line":197,"column":4},"end":{"line":202,"column":5}},{"start":{},"end":{}}],"line":197},"14":{"loc":{"start":{"line":231,"column":4},"end":{"line":236,"column":5}},"type":"if","locations":[{"start":{"line":231,"column":4},"end":{"line":236,"column":5}},{"start":{},"end":{}}],"line":231},"15":{"loc":{"start":{"line":231,"column":8},"end":{"line":231,"column":38}},"type":"binary-expr","locations":[{"start":{"line":231,"column":8},"end":{"line":231,"column":21}},{"start":{"line":231,"column":25},"end":{"line":231,"column":38}}],"line":231},"16":{"loc":{"start":{"line":241,"column":4},"end":{"line":246,"column":5}},"type":"if","locations":[{"start":{"line":241,"column":4},"end":{"line":246,"column":5}},{"start":{},"end":{}}],"line":241},"17":{"loc":{"start":{"line":251,"column":4},"end":{"line":256,"column":5}},"type":"if","locations":[{"start":{"line":251,"column":4},"end":{"line":256,"column":5}},{"start":{},"end":{}}],"line":251}},"s":{"0":1,"1":1,"2":1,"3":1,"4":0,"5":1,"6":1,"7":1,"8":1,"9":1,"10":0,"11":0,"12":1,"13":1,"14":1,"15":1,"16":1,"17":1,"18":0,"19":0,"20":0,"21":0,"22":0,"23":0,"24":0,"25":0,"26":0,"27":0,"28":0,"29":0,"30":0,"31":0,"32":0,"33":0,"34":0,"35":0,"36":0,"37":0,"38":0,"39":0,"40":0,"41":0,"42":0,"43":0,"44":1,"45":0,"46":0,"47":0,"48":0,"49":0,"50":0,"51":0,"52":0,"53":0,"54":0,"55":0,"56":0,"57":0,"58":0,"59":0,"60":0,"61":0,"62":0,"63":1,"64":0,"65":0,"66":0,"67":0,"68":0,"69":0,"70":1,"71":0,"72":0,"73":0,"74":0,"75":0,"76":0,"77":0,"78":0,"79":0,"80":0,"81":0,"82":1,"83":0,"84":0,"85":0,"86":0,"87":0,"88":0,"89":0,"90":0,"91":0,"92":0,"93":0,"94":0,"95":0,"96":0,"97":0,"98":0},"f":{"0":0,"1":1,"2":0,"3":0,"4":0,"5":0,"6":0},"b":{"0":[0,0],"1":[0,0],"2":[0,1],"3":[1,1],"4":[1,0],"5":[0,0],"6":[0,0],"7":[0,0],"8":[0,0],"9":[0,0],"10":[0,0],"11":[0,0],"12":[0,0],"13":[0,0],"14":[0,0],"15":[0,0],"16":[0,0],"17":[0,0]},"_coverageSchema":"1a1c01bbd47fc00a2c39e90264f33305004495a9","hash":"7fae87f25825b679fbb6b18dc9b9bd0b714e34dc"}
,"C:\\Users\\sun\\Desktop\\移动互联实践\\mozhicourse1209\\mozhicourse\\backend\\controllers\\courseController.js": {"path":"C:\\Users\\sun\\Desktop\\移动互联实践\\mozhicourse1209\\mozhicourse\\backend\\controllers\\courseController.js","statementMap":{"0":{"start":{"line":2,"column":15},"end":{"line":2,"column":42}},"1":{"start":{"line":3,"column":16},"end":{"line":3,"column":44}},"2":{"start":{"line":4,"column":61},"end":{"line":4,"column":89}},"3":{"start":{"line":9,"column":4},"end":{"line":25,"column":5}},"4":{"start":{"line":10,"column":27},"end":{"line":10,"column":37}},"5":{"start":{"line":11,"column":6},"end":{"line":11,"column":44}},"6":{"start":{"line":13,"column":21},"end":{"line":13,"column":51}},"7":{"start":{"line":15,"column":6},"end":{"line":17,"column":7}},"8":{"start":{"line":16,"column":8},"end":{"line":16,"column":63}},"9":{"start":{"line":19,"column":6},"end":{"line":19,"column":51}},"10":{"start":{"line":21,"column":6},"end":{"line":21,"column":40}},"11":{"start":{"line":23,"column":6},"end":{"line":23,"column":40}},"12":{"start":{"line":24,"column":6},"end":{"line":24,"column":53}},"13":{"start":{"line":30,"column":4},"end":{"line":57,"column":5}},"14":{"start":{"line":31,"column":27},"end":{"line":31,"column":37}},"15":{"start":{"line":32,"column":6},"end":{"line":32,"column":44}},"16":{"start":{"line":34,"column":23},"end":{"line":34,"column":60}},"17":{"start":{"line":36,"column":6},"end":{"line":36,"column":47}},"18":{"start":{"line":39,"column":6},"end":{"line":51,"column":7}},"19":{"start":{"line":40,"column":23},"end":{"line":40,"column":66}},"20":{"start":{"line":43,"column":8},"end":{"line":48,"column":11}},"21":{"start":{"line":44,"column":10},"end":{"line":46,"column":11}},"22":{"start":{"line":45,"column":12},"end":{"line":45,"column":72}},"23":{"start":{"line":47,"column":10},"end":{"line":47,"column":23}},"24":{"start":{"line":50,"column":8},"end":{"line":50,"column":76}},"25":{"start":{"line":53,"column":6},"end":{"line":53,"column":42}},"26":{"start":{"line":55,"column":6},"end":{"line":55,"column":38}},"27":{"start":{"line":56,"column":6},"end":{"line":56,"column":53}},"28":{"start":{"line":62,"column":4},"end":{"line":73,"column":5}},"29":{"start":{"line":63,"column":6},"end":{"line":63,"column":33}},"30":{"start":{"line":65,"column":22},"end":{"line":65,"column":43}},"31":{"start":{"line":67,"column":6},"end":{"line":67,"column":48}},"32":{"start":{"line":69,"column":6},"end":{"line":69,"column":41}},"33":{"start":{"line":71,"column":6},"end":{"line":71,"column":40}},"34":{"start":{"line":72,"column":6},"end":{"line":72,"column":53}},"35":{"start":{"line":77,"column":4},"end":{"line":87,"column":5}},"36":{"start":{"line":78,"column":27},"end":{"line":78,"column":37}},"37":{"start":{"line":79,"column":6},"end":{"line":79,"column":53}},"38":{"start":{"line":81,"column":20},"end":{"line":81,"column":51}},"39":{"start":{"line":83,"column":6},"end":{"line":83,"column":39}},"40":{"start":{"line":85,"column":6},"end":{"line":85,"column":40}},"41":{"start":{"line":86,"column":6},"end":{"line":86,"column":53}},"42":{"start":{"line":92,"column":4},"end":{"line":102,"column":5}},"43":{"start":{"line":93,"column":27},"end":{"line":93,"column":37}},"44":{"start":{"line":94,"column":21},"end":{"line":94,"column":36}},"45":{"start":{"line":96,"column":25},"end":{"line":96,"column":73}},"46":{"start":{"line":98,"column":6},"end":{"line":98,"column":48}},"47":{"start":{"line":100,"column":6},"end":{"line":100,"column":42}},"48":{"start":{"line":101,"column":6},"end":{"line":101,"column":53}},"49":{"start":{"line":107,"column":4},"end":{"line":124,"column":5}},"50":{"start":{"line":108,"column":27},"end":{"line":108,"column":37}},"51":{"start":{"line":109,"column":21},"end":{"line":109,"column":36}},"52":{"start":{"line":112,"column":27},"end":{"line":112,"column":41}},"53":{"start":{"line":113,"column":6},"end":{"line":116,"column":7}},"54":{"start":{"line":114,"column":24},"end":{"line":114,"column":72}},"55":{"start":{"line":115,"column":8},"end":{"line":115,"column":30}},"56":{"start":{"line":118,"column":26},"end":{"line":118,"column":88}},"57":{"start":{"line":120,"column":6},"end":{"line":120,"column":61}},"58":{"start":{"line":122,"column":6},"end":{"line":122,"column":42}},"59":{"start":{"line":123,"column":6},"end":{"line":123,"column":53}},"60":{"start":{"line":129,"column":4},"end":{"line":147,"column":5}},"61":{"start":{"line":130,"column":20},"end":{"line":130,"column":29}},"62":{"start":{"line":131,"column":6},"end":{"line":131,"column":37}},"63":{"start":{"line":133,"column":6},"end":{"line":138,"column":7}},"64":{"start":{"line":135,"column":24},"end":{"line":135,"column":45}},"65":{"start":{"line":136,"column":8},"end":{"line":136,"column":53}},"66":{"start":{"line":137,"column":8},"end":{"line":137,"column":50}},"67":{"start":{"line":140,"column":22},"end":{"line":140,"column":51}},"68":{"start":{"line":141,"column":6},"end":{"line":141,"column":50}},"69":{"start":{"line":143,"column":6},"end":{"line":143,"column":41}},"70":{"start":{"line":145,"column":6},"end":{"line":145,"column":38}},"71":{"start":{"line":146,"column":6},"end":{"line":146,"column":53}},"72":{"start":{"line":152,"column":4},"end":{"line":162,"column":5}},"73":{"start":{"line":153,"column":27},"end":{"line":153,"column":37}},"74":{"start":{"line":154,"column":20},"end":{"line":154,"column":51}},"75":{"start":{"line":156,"column":22},"end":{"line":156,"column":68}},"76":{"start":{"line":158,"column":6},"end":{"line":158,"column":41}},"77":{"start":{"line":160,"column":6},"end":{"line":160,"column":40}},"78":{"start":{"line":161,"column":6},"end":{"line":161,"column":53}},"79":{"start":{"line":167,"column":4},"end":{"line":208,"column":5}},"80":{"start":{"line":168,"column":27},"end":{"line":168,"column":37}},"81":{"start":{"line":169,"column":20},"end":{"line":169,"column":50}},"82":{"start":{"line":171,"column":6},"end":{"line":171,"column":69}},"83":{"start":{"line":174,"column":6},"end":{"line":176,"column":7}},"84":{"start":{"line":175,"column":8},"end":{"line":175,"column":61}},"85":{"start":{"line":179,"column":21},"end":{"line":179,"column":51}},"86":{"start":{"line":180,"column":6},"end":{"line":183,"column":7}},"87":{"start":{"line":181,"column":8},"end":{"line":181,"column":53}},"88":{"start":{"line":182,"column":8},"end":{"line":182,"column":63}},"89":{"start":{"line":185,"column":6},"end":{"line":189,"column":9}},"90":{"start":{"line":191,"column":29},"end":{"line":191,"column":96}},"91":{"start":{"line":193,"column":6},"end":{"line":193,"column":57}},"92":{"start":{"line":196,"column":31},"end":{"line":201,"column":9}},"93":{"start":{"line":196,"column":61},"end":{"line":201,"column":7}},"94":{"start":{"line":203,"column":6},"end":{"line":203,"column":50}},"95":{"start":{"line":205,"column":6},"end":{"line":205,"column":40}},"96":{"start":{"line":206,"column":6},"end":{"line":206,"column":42}},"97":{"start":{"line":207,"column":6},"end":{"line":207,"column":53}},"98":{"start":{"line":213,"column":4},"end":{"line":232,"column":5}},"99":{"start":{"line":214,"column":27},"end":{"line":214,"column":37}},"100":{"start":{"line":215,"column":21},"end":{"line":215,"column":36}},"101":{"start":{"line":216,"column":40},"end":{"line":216,"column":48}},"102":{"start":{"line":218,"column":6},"end":{"line":220,"column":7}},"103":{"start":{"line":219,"column":8},"end":{"line":219,"column":65}},"104":{"start":{"line":222,"column":6},"end":{"line":224,"column":7}},"105":{"start":{"line":223,"column":8},"end":{"line":223,"column":63}},"106":{"start":{"line":226,"column":23},"end":{"line":226,"column":95}},"107":{"start":{"line":228,"column":6},"end":{"line":228,"column":65}},"108":{"start":{"line":230,"column":6},"end":{"line":230,"column":40}},"109":{"start":{"line":231,"column":6},"end":{"line":231,"column":53}},"110":{"start":{"line":236,"column":0},"end":{"line":236,"column":34}}},"fnMap":{"0":{"name":"(anonymous_0)","decl":{"start":{"line":8,"column":2},"end":{"line":8,"column":3}},"loc":{"start":{"line":8,"column":35},"end":{"line":26,"column":3}},"line":8},"1":{"name":"(anonymous_1)","decl":{"start":{"line":29,"column":2},"end":{"line":29,"column":3}},"loc":{"start":{"line":29,"column":37},"end":{"line":58,"column":3}},"line":29},"2":{"name":"(anonymous_2)","decl":{"start":{"line":43,"column":36},"end":{"line":43,"column":37}},"loc":{"start":{"line":43,"column":45},"end":{"line":48,"column":9}},"line":43},"3":{"name":"(anonymous_3)","decl":{"start":{"line":61,"column":2},"end":{"line":61,"column":3}},"loc":{"start":{"line":61,"column":39},"end":{"line":74,"column":3}},"line":61},"4":{"name":"(anonymous_4)","decl":{"start":{"line":76,"column":2},"end":{"line":76,"column":3}},"loc":{"start":{"line":76,"column":34},"end":{"line":88,"column":3}},"line":76},"5":{"name":"(anonymous_5)","decl":{"start":{"line":91,"column":2},"end":{"line":91,"column":3}},"loc":{"start":{"line":91,"column":43},"end":{"line":103,"column":3}},"line":91},"6":{"name":"(anonymous_6)","decl":{"start":{"line":106,"column":2},"end":{"line":106,"column":3}},"loc":{"start":{"line":106,"column":40},"end":{"line":125,"column":3}},"line":106},"7":{"name":"(anonymous_7)","decl":{"start":{"line":128,"column":2},"end":{"line":128,"column":3}},"loc":{"start":{"line":128,"column":39},"end":{"line":148,"column":3}},"line":128},"8":{"name":"(anonymous_8)","decl":{"start":{"line":151,"column":2},"end":{"line":151,"column":3}},"loc":{"start":{"line":151,"column":42},"end":{"line":163,"column":3}},"line":151},"9":{"name":"(anonymous_9)","decl":{"start":{"line":166,"column":2},"end":{"line":166,"column":3}},"loc":{"start":{"line":166,"column":43},"end":{"line":209,"column":3}},"line":166},"10":{"name":"(anonymous_10)","decl":{"start":{"line":196,"column":50},"end":{"line":196,"column":51}},"loc":{"start":{"line":196,"column":61},"end":{"line":201,"column":7}},"line":196},"11":{"name":"(anonymous_11)","decl":{"start":{"line":212,"column":2},"end":{"line":212,"column":3}},"loc":{"start":{"line":212,"column":44},"end":{"line":233,"column":3}},"line":212}},"branchMap":{"0":{"loc":{"start":{"line":15,"column":6},"end":{"line":17,"column":7}},"type":"if","locations":[{"start":{"line":15,"column":6},"end":{"line":17,"column":7}},{"start":{},"end":{}}],"line":15},"1":{"loc":{"start":{"line":44,"column":10},"end":{"line":46,"column":11}},"type":"if","locations":[{"start":{"line":44,"column":10},"end":{"line":46,"column":11}},{"start":{},"end":{}}],"line":44},"2":{"loc":{"start":{"line":44,"column":14},"end":{"line":44,"column":64}},"type":"binary-expr","locations":[{"start":{"line":44,"column":14},"end":{"line":44,"column":29}},{"start":{"line":44,"column":33},"end":{"line":44,"column":64}}],"line":44},"3":{"loc":{"start":{"line":112,"column":27},"end":{"line":112,"column":41}},"type":"binary-expr","locations":[{"start":{"line":112,"column":27},"end":{"line":112,"column":35}},{"start":{"line":112,"column":39},"end":{"line":112,"column":41}}],"line":112},"4":{"loc":{"start":{"line":113,"column":6},"end":{"line":116,"column":7}},"type":"if","locations":[{"start":{"line":113,"column":6},"end":{"line":116,"column":7}},{"start":{},"end":{}}],"line":113},"5":{"loc":{"start":{"line":133,"column":6},"end":{"line":138,"column":7}},"type":"if","locations":[{"start":{"line":133,"column":6},"end":{"line":138,"column":7}},{"start":{},"end":{}}],"line":133},"6":{"loc":{"start":{"line":133,"column":10},"end":{"line":133,"column":31}},"type":"binary-expr","locations":[{"start":{"line":133,"column":10},"end":{"line":133,"column":12}},{"start":{"line":133,"column":16},"end":{"line":133,"column":31}}],"line":133},"7":{"loc":{"start":{"line":154,"column":20},"end":{"line":154,"column":51}},"type":"binary-expr","locations":[{"start":{"line":154,"column":20},"end":{"line":154,"column":45}},{"start":{"line":154,"column":49},"end":{"line":154,"column":51}}],"line":154},"8":{"loc":{"start":{"line":169,"column":20},"end":{"line":169,"column":50}},"type":"binary-expr","locations":[{"start":{"line":169,"column":20},"end":{"line":169,"column":45}},{"start":{"line":169,"column":49},"end":{"line":169,"column":50}}],"line":169},"9":{"loc":{"start":{"line":174,"column":6},"end":{"line":176,"column":7}},"type":"if","locations":[{"start":{"line":174,"column":6},"end":{"line":176,"column":7}},{"start":{},"end":{}}],"line":174},"10":{"loc":{"start":{"line":174,"column":10},"end":{"line":174,"column":38}},"type":"binary-expr","locations":[{"start":{"line":174,"column":10},"end":{"line":174,"column":19}},{"start":{"line":174,"column":23},"end":{"line":174,"column":38}}],"line":174},"11":{"loc":{"start":{"line":180,"column":6},"end":{"line":183,"column":7}},"type":"if","locations":[{"start":{"line":180,"column":6},"end":{"line":183,"column":7}},{"start":{},"end":{}}],"line":180},"12":{"loc":{"start":{"line":198,"column":16},"end":{"line":198,"column":34}},"type":"binary-expr","locations":[{"start":{"line":198,"column":16},"end":{"line":198,"column":29}},{"start":{"line":198,"column":33},"end":{"line":198,"column":34}}],"line":198},"13":{"loc":{"start":{"line":199,"column":23},"end":{"line":199,"column":48}},"type":"binary-expr","locations":[{"start":{"line":199,"column":23},"end":{"line":199,"column":43}},{"start":{"line":199,"column":47},"end":{"line":199,"column":48}}],"line":199},"14":{"loc":{"start":{"line":200,"column":22},"end":{"line":200,"column":51}},"type":"binary-expr","locations":[{"start":{"line":200,"column":22},"end":{"line":200,"column":41}},{"start":{"line":200,"column":45},"end":{"line":200,"column":51}}],"line":200},"15":{"loc":{"start":{"line":218,"column":6},"end":{"line":220,"column":7}},"type":"if","locations":[{"start":{"line":218,"column":6},"end":{"line":220,"column":7}},{"start":{},"end":{}}],"line":218},"16":{"loc":{"start":{"line":218,"column":10},"end":{"line":218,"column":45}},"type":"binary-expr","locations":[{"start":{"line":218,"column":10},"end":{"line":218,"column":17}},{"start":{"line":218,"column":21},"end":{"line":218,"column":31}},{"start":{"line":218,"column":35},"end":{"line":218,"column":45}}],"line":218},"17":{"loc":{"start":{"line":222,"column":6},"end":{"line":224,"column":7}},"type":"if","locations":[{"start":{"line":222,"column":6},"end":{"line":224,"column":7}},{"start":{},"end":{}}],"line":222},"18":{"loc":{"start":{"line":222,"column":10},"end":{"line":222,"column":55}},"type":"binary-expr","locations":[{"start":{"line":222,"column":10},"end":{"line":222,"column":24}},{"start":{"line":222,"column":28},"end":{"line":222,"column":55}}],"line":222}},"s":{"0":1,"1":1,"2":1,"3":2,"4":2,"5":2,"6":2,"7":2,"8":1,"9":1,"10":1,"11":0,"12":0,"13":1,"14":1,"15":1,"16":1,"17":1,"18":1,"19":1,"20":1,"21":0,"22":0,"23":0,"24":1,"25":1,"26":0,"27":0,"28":1,"29":1,"30":1,"31":1,"32":1,"33":0,"34":0,"35":0,"36":0,"37":0,"38":0,"39":0,"40":0,"41":0,"42":0,"43":0,"44":0,"45":0,"46":0,"47":0,"48":0,"49":0,"50":0,"51":0,"52":0,"53":0,"54":0,"55":0,"56":0,"57":0,"58":0,"59":0,"60":1,"61":1,"62":1,"63":1,"64":0,"65":0,"66":0,"67":1,"68":1,"69":1,"70":0,"71":0,"72":0,"73":0,"74":0,"75":0,"76":0,"77":0,"78":0,"79":0,"80":0,"81":0,"82":0,"83":0,"84":0,"85":0,"86":0,"87":0,"88":0,"89":0,"90":0,"91":0,"92":0,"93":0,"94":0,"95":0,"96":0,"97":0,"98":0,"99":0,"100":0,"101":0,"102":0,"103":0,"104":0,"105":0,"106":0,"107":0,"108":0,"109":0,"110":1},"f":{"0":2,"1":1,"2":0,"3":1,"4":0,"5":0,"6":0,"7":1,"8":0,"9":0,"10":0,"11":0},"b":{"0":[1,1],"1":[0,0],"2":[0,0],"3":[0,0],"4":[0,0],"5":[0,1],"6":[1,1],"7":[0,0],"8":[0,0],"9":[0,0],"10":[0,0],"11":[0,0],"12":[0,0],"13":[0,0],"14":[0,0],"15":[0,0],"16":[0,0,0],"17":[0,0],"18":[0,0]},"_coverageSchema":"1a1c01bbd47fc00a2c39e90264f33305004495a9","hash":"8e607522dcdd187230e6375055149ea4cab9f96d"}
,"C:\\Users\\sun\\Desktop\\移动互联实践\\mozhicourse1209\\mozhicourse\\backend\\models\\Chapter.js": {"path":"C:\\Users\\sun\\Desktop\\移动互联实践\\mozhicourse1209\\mozhicourse\\backend\\models\\Chapter.js","statementMap":{"0":{"start":{"line":2,"column":17},"end":{"line":2,"column":46}},"1":{"start":{"line":7,"column":23},"end":{"line":17,"column":5}},"2":{"start":{"line":18,"column":4},"end":{"line":18,"column":20}},"3":{"start":{"line":23,"column":21},"end":{"line":36,"column":5}},"4":{"start":{"line":37,"column":4},"end":{"line":37,"column":18}},"5":{"start":{"line":41,"column":0},"end":{"line":41,"column":25}}},"fnMap":{"0":{"name":"(anonymous_0)","decl":{"start":{"line":6,"column":2},"end":{"line":6,"column":3}},"loc":{"start":{"line":6,"column":39},"end":{"line":19,"column":3}},"line":6},"1":{"name":"(anonymous_1)","decl":{"start":{"line":22,"column":2},"end":{"line":22,"column":3}},"loc":{"start":{"line":22,"column":36},"end":{"line":38,"column":3}},"line":22}},"branchMap":{},"s":{"0":1,"1":0,"2":0,"3":0,"4":0,"5":1},"f":{"0":0,"1":0},"b":{},"_coverageSchema":"1a1c01bbd47fc00a2c39e90264f33305004495a9","hash":"f667e34755eb44e8485a9ebeacb1af6d6914970e"}
,"C:\\Users\\sun\\Desktop\\移动互联实践\\mozhicourse1209\\mozhicourse\\backend\\models\\Course.js": {"path":"C:\\Users\\sun\\Desktop\\移动互联实践\\mozhicourse1209\\mozhicourse\\backend\\models\\Course.js","statementMap":{"0":{"start":{"line":2,"column":17},"end":{"line":2,"column":46}},"1":{"start":{"line":7,"column":22},"end":{"line":36,"column":5}},"2":{"start":{"line":38,"column":19},"end":{"line":38,"column":29}},"3":{"start":{"line":39,"column":4},"end":{"line":52,"column":5}},"4":{"start":{"line":41,"column":6},"end":{"line":45,"column":7}},"5":{"start":{"line":42,"column":8},"end":{"line":42,"column":110}},"6":{"start":{"line":44,"column":8},"end":{"line":44,"column":40}},"7":{"start":{"line":47,"column":6},"end":{"line":51,"column":7}},"8":{"start":{"line":48,"column":8},"end":{"line":48,"column":98}},"9":{"start":{"line":50,"column":8},"end":{"line":50,"column":36}},"10":{"start":{"line":54,"column":4},"end":{"line":54,"column":18}},"11":{"start":{"line":59,"column":22},"end":{"line":81,"column":5}},"12":{"start":{"line":82,"column":4},"end":{"line":82,"column":19}},"13":{"start":{"line":87,"column":22},"end":{"line":110,"column":5}},"14":{"start":{"line":111,"column":4},"end":{"line":111,"column":19}},"15":{"start":{"line":115,"column":31},"end":{"line":120,"column":5}},"16":{"start":{"line":122,"column":27},"end":{"line":129,"column":5}},"17":{"start":{"line":131,"column":31},"end":{"line":131,"column":70}},"18":{"start":{"line":132,"column":26},"end":{"line":132,"column":56}},"19":{"start":{"line":134,"column":4},"end":{"line":137,"column":6}},"20":{"start":{"line":142,"column":19},"end":{"line":147,"column":5}},"21":{"start":{"line":149,"column":4},"end":{"line":149,"column":35}},"22":{"start":{"line":149,"column":22},"end":{"line":149,"column":35}},"23":{"start":{"line":150,"column":4},"end":{"line":150,"column":37}},"24":{"start":{"line":156,"column":21},"end":{"line":161,"column":5}},"25":{"start":{"line":163,"column":4},"end":{"line":169,"column":5}},"26":{"start":{"line":164,"column":6},"end":{"line":168,"column":8}},"27":{"start":{"line":171,"column":4},"end":{"line":171,"column":22}},"28":{"start":{"line":177,"column":4},"end":{"line":202,"column":5}},"29":{"start":{"line":178,"column":23},"end":{"line":178,"column":80}},"30":{"start":{"line":179,"column":6},"end":{"line":179,"column":80}},"31":{"start":{"line":180,"column":30},"end":{"line":195,"column":7}},"32":{"start":{"line":197,"column":6},"end":{"line":199,"column":7}},"33":{"start":{"line":198,"column":8},"end":{"line":198,"column":29}},"34":{"start":{"line":201,"column":6},"end":{"line":201,"column":53}},"35":{"start":{"line":205,"column":22},"end":{"line":205,"column":79}},"36":{"start":{"line":206,"column":4},"end":{"line":206,"column":96}},"37":{"start":{"line":207,"column":22},"end":{"line":223,"column":5}},"38":{"start":{"line":224,"column":4},"end":{"line":224,"column":19}},"39":{"start":{"line":229,"column":21},"end":{"line":233,"column":5}},"40":{"start":{"line":234,"column":4},"end":{"line":234,"column":27}},"41":{"start":{"line":239,"column":18},"end":{"line":239,"column":20}},"42":{"start":{"line":242,"column":23},"end":{"line":242,"column":79}},"43":{"start":{"line":243,"column":6},"end":{"line":263,"column":7}},"44":{"start":{"line":244,"column":8},"end":{"line":244,"column":111}},"45":{"start":{"line":245,"column":38},"end":{"line":261,"column":9}},"46":{"start":{"line":262,"column":8},"end":{"line":262,"column":38}},"47":{"start":{"line":266,"column":4},"end":{"line":292,"column":5}},"48":{"start":{"line":267,"column":29},"end":{"line":267,"column":51}},"49":{"start":{"line":268,"column":26},"end":{"line":268,"column":55}},"50":{"start":{"line":268,"column":43},"end":{"line":268,"column":54}},"51":{"start":{"line":269,"column":25},"end":{"line":269,"column":51}},"52":{"start":{"line":271,"column":27},"end":{"line":271,"column":62}},"53":{"start":{"line":271,"column":48},"end":{"line":271,"column":51}},"54":{"start":{"line":272,"column":6},"end":{"line":272,"column":92}},"55":{"start":{"line":273,"column":31},"end":{"line":289,"column":7}},"56":{"start":{"line":291,"column":6},"end":{"line":291,"column":48}},"57":{"start":{"line":295,"column":4},"end":{"line":321,"column":5}},"58":{"start":{"line":296,"column":29},"end":{"line":296,"column":51}},"59":{"start":{"line":297,"column":26},"end":{"line":297,"column":55}},"60":{"start":{"line":297,"column":43},"end":{"line":297,"column":54}},"61":{"start":{"line":298,"column":25},"end":{"line":298,"column":51}},"62":{"start":{"line":300,"column":27},"end":{"line":300,"column":62}},"63":{"start":{"line":300,"column":48},"end":{"line":300,"column":51}},"64":{"start":{"line":301,"column":6},"end":{"line":301,"column":91}},"65":{"start":{"line":302,"column":30},"end":{"line":318,"column":7}},"66":{"start":{"line":320,"column":6},"end":{"line":320,"column":47}},"67":{"start":{"line":323,"column":4},"end":{"line":323,"column":35}},"68":{"start":{"line":327,"column":0},"end":{"line":327,"column":24}}},"fnMap":{"0":{"name":"(anonymous_0)","decl":{"start":{"line":6,"column":2},"end":{"line":6,"column":3}},"loc":{"start":{"line":6,"column":33},"end":{"line":55,"column":3}},"line":6},"1":{"name":"(anonymous_1)","decl":{"start":{"line":58,"column":2},"end":{"line":58,"column":3}},"loc":{"start":{"line":58,"column":24},"end":{"line":83,"column":3}},"line":58},"2":{"name":"(anonymous_2)","decl":{"start":{"line":86,"column":2},"end":{"line":86,"column":3}},"loc":{"start":{"line":86,"column":31},"end":{"line":112,"column":3}},"line":86},"3":{"name":"(anonymous_3)","decl":{"start":{"line":114,"column":2},"end":{"line":114,"column":3}},"loc":{"start":{"line":114,"column":34},"end":{"line":138,"column":3}},"line":114},"4":{"name":"(anonymous_4)","decl":{"start":{"line":141,"column":2},"end":{"line":141,"column":3}},"loc":{"start":{"line":141,"column":51},"end":{"line":151,"column":3}},"line":141},"5":{"name":"(anonymous_5)","decl":{"start":{"line":154,"column":2},"end":{"line":154,"column":3}},"loc":{"start":{"line":154,"column":63},"end":{"line":172,"column":3}},"line":154},"6":{"name":"(anonymous_6)","decl":{"start":{"line":175,"column":2},"end":{"line":175,"column":3}},"loc":{"start":{"line":175,"column":54},"end":{"line":225,"column":3}},"line":175},"7":{"name":"(anonymous_7)","decl":{"start":{"line":228,"column":2},"end":{"line":228,"column":3}},"loc":{"start":{"line":228,"column":75},"end":{"line":235,"column":3}},"line":228},"8":{"name":"(anonymous_8)","decl":{"start":{"line":238,"column":2},"end":{"line":238,"column":3}},"loc":{"start":{"line":238,"column":66},"end":{"line":324,"column":3}},"line":238},"9":{"name":"(anonymous_9)","decl":{"start":{"line":268,"column":38},"end":{"line":268,"column":39}},"loc":{"start":{"line":268,"column":43},"end":{"line":268,"column":54}},"line":268},"10":{"name":"(anonymous_10)","decl":{"start":{"line":271,"column":42},"end":{"line":271,"column":43}},"loc":{"start":{"line":271,"column":48},"end":{"line":271,"column":51}},"line":271},"11":{"name":"(anonymous_11)","decl":{"start":{"line":297,"column":38},"end":{"line":297,"column":39}},"loc":{"start":{"line":297,"column":43},"end":{"line":297,"column":54}},"line":297},"12":{"name":"(anonymous_12)","decl":{"start":{"line":300,"column":42},"end":{"line":300,"column":43}},"loc":{"start":{"line":300,"column":48},"end":{"line":300,"column":51}},"line":300}},"branchMap":{"0":{"loc":{"start":{"line":39,"column":4},"end":{"line":52,"column":5}},"type":"if","locations":[{"start":{"line":39,"column":4},"end":{"line":52,"column":5}},{"start":{},"end":{}}],"line":39},"1":{"loc":{"start":{"line":42,"column":37},"end":{"line":42,"column":109}},"type":"cond-expr","locations":[{"start":{"line":42,"column":66},"end":{"line":42,"column":104}},{"start":{"line":42,"column":107},"end":{"line":42,"column":109}}],"line":42},"2":{"loc":{"start":{"line":48,"column":33},"end":{"line":48,"column":97}},"type":"cond-expr","locations":[{"start":{"line":48,"column":58},"end":{"line":48,"column":92}},{"start":{"line":48,"column":95},"end":{"line":48,"column":97}}],"line":48},"3":{"loc":{"start":{"line":131,"column":31},"end":{"line":131,"column":70}},"type":"binary-expr","locations":[{"start":{"line":131,"column":31},"end":{"line":131,"column":65}},{"start":{"line":131,"column":69},"end":{"line":131,"column":70}}],"line":131},"4":{"loc":{"start":{"line":132,"column":26},"end":{"line":132,"column":56}},"type":"binary-expr","locations":[{"start":{"line":132,"column":26},"end":{"line":132,"column":51}},{"start":{"line":132,"column":55},"end":{"line":132,"column":56}}],"line":132},"5":{"loc":{"start":{"line":149,"column":4},"end":{"line":149,"column":35}},"type":"if","locations":[{"start":{"line":149,"column":4},"end":{"line":149,"column":35}},{"start":{},"end":{}}],"line":149},"6":{"loc":{"start":{"line":160,"column":7},"end":{"line":160,"column":25}},"type":"cond-expr","locations":[{"start":{"line":160,"column":20},"end":{"line":160,"column":21}},{"start":{"line":160,"column":24},"end":{"line":160,"column":25}}],"line":160},"7":{"loc":{"start":{"line":163,"column":4},"end":{"line":169,"column":5}},"type":"if","locations":[{"start":{"line":163,"column":4},"end":{"line":169,"column":5}},{"start":{},"end":{}}],"line":163},"8":{"loc":{"start":{"line":167,"column":27},"end":{"line":167,"column":45}},"type":"cond-expr","locations":[{"start":{"line":167,"column":40},"end":{"line":167,"column":41}},{"start":{"line":167,"column":44},"end":{"line":167,"column":45}}],"line":167},"9":{"loc":{"start":{"line":175,"column":42},"end":{"line":175,"column":52}},"type":"default-arg","locations":[{"start":{"line":175,"column":50},"end":{"line":175,"column":52}}],"line":175},"10":{"loc":{"start":{"line":178,"column":23},"end":{"line":178,"column":80}},"type":"cond-expr","locations":[{"start":{"line":178,"column":56},"end":{"line":178,"column":75}},{"start":{"line":178,"column":78},"end":{"line":178,"column":80}}],"line":178},"11":{"loc":{"start":{"line":197,"column":6},"end":{"line":199,"column":7}},"type":"if","locations":[{"start":{"line":197,"column":6},"end":{"line":199,"column":7}},{"start":{},"end":{}}],"line":197},"12":{"loc":{"start":{"line":205,"column":22},"end":{"line":205,"column":79}},"type":"cond-expr","locations":[{"start":{"line":205,"column":55},"end":{"line":205,"column":74}},{"start":{"line":205,"column":77},"end":{"line":205,"column":79}}],"line":205},"13":{"loc":{"start":{"line":238,"column":55},"end":{"line":238,"column":64}},"type":"default-arg","locations":[{"start":{"line":238,"column":63},"end":{"line":238,"column":64}}],"line":238},"14":{"loc":{"start":{"line":242,"column":23},"end":{"line":242,"column":79}},"type":"cond-expr","locations":[{"start":{"line":242,"column":56},"end":{"line":242,"column":75}},{"start":{"line":242,"column":78},"end":{"line":242,"column":79}}],"line":242},"15":{"loc":{"start":{"line":243,"column":6},"end":{"line":263,"column":7}},"type":"if","locations":[{"start":{"line":243,"column":6},"end":{"line":263,"column":7}},{"start":{},"end":{}}],"line":243},"16":{"loc":{"start":{"line":266,"column":4},"end":{"line":292,"column":5}},"type":"if","locations":[{"start":{"line":266,"column":4},"end":{"line":292,"column":5}},{"start":{},"end":{}}],"line":266},"17":{"loc":{"start":{"line":295,"column":4},"end":{"line":321,"column":5}},"type":"if","locations":[{"start":{"line":295,"column":4},"end":{"line":321,"column":5}},{"start":{},"end":{}}],"line":295}},"s":{"0":1,"1":0,"2":0,"3":0,"4":0,"5":0,"6":0,"7":0,"8":0,"9":0,"10":0,"11":0,"12":0,"13":0,"14":0,"15":0,"16":0,"17":0,"18":0,"19":0,"20":0,"21":0,"22":0,"23":0,"24":0,"25":0,"26":0,"27":0,"28":0,"29":0,"30":0,"31":0,"32":0,"33":0,"34":0,"35":0,"36":0,"37":0,"38":0,"39":0,"40":0,"41":0,"42":0,"43":0,"44":0,"45":0,"46":0,"47":0,"48":0,"49":0,"50":0,"51":0,"52":0,"53":0,"54":0,"55":0,"56":0,"57":0,"58":0,"59":0,"60":0,"61":0,"62":0,"63":0,"64":0,"65":0,"66":0,"67":0,"68":1},"f":{"0":0,"1":0,"2":0,"3":0,"4":0,"5":0,"6":0,"7":0,"8":0,"9":0,"10":0,"11":0,"12":0},"b":{"0":[0,0],"1":[0,0],"2":[0,0],"3":[0,0],"4":[0,0],"5":[0,0],"6":[0,0],"7":[0,0],"8":[0,0],"9":[0],"10":[0,0],"11":[0,0],"12":[0,0],"13":[0],"14":[0,0],"15":[0,0],"16":[0,0],"17":[0,0]},"_coverageSchema":"1a1c01bbd47fc00a2c39e90264f33305004495a9","hash":"446a3345dc546997604595ca704b8e8967a2c08b"}
,"C:\\Users\\sun\\Desktop\\移动互联实践\\mozhicourse1209\\mozhicourse\\backend\\models\\userModel.js": {"path":"C:\\Users\\sun\\Desktop\\移动互联实践\\mozhicourse1209\\mozhicourse\\backend\\models\\userModel.js","statementMap":{"0":{"start":{"line":1,"column":21},"end":{"line":1,"column":50}},"1":{"start":{"line":6,"column":19},"end":{"line":18,"column":5}},"2":{"start":{"line":19,"column":4},"end":{"line":19,"column":19}},"3":{"start":{"line":24,"column":19},"end":{"line":37,"column":5}},"4":{"start":{"line":38,"column":4},"end":{"line":38,"column":19}},"5":{"start":{"line":43,"column":19},"end":{"line":43,"column":21}},"6":{"start":{"line":44,"column":19},"end":{"line":44,"column":21}},"7":{"start":{"line":46,"column":4},"end":{"line":49,"column":5}},"8":{"start":{"line":47,"column":6},"end":{"line":47,"column":35}},"9":{"start":{"line":48,"column":6},"end":{"line":48,"column":34}},"10":{"start":{"line":50,"column":4},"end":{"line":53,"column":5}},"11":{"start":{"line":51,"column":6},"end":{"line":51,"column":31}},"12":{"start":{"line":52,"column":6},"end":{"line":52,"column":30}},"13":{"start":{"line":54,"column":4},"end":{"line":57,"column":5}},"14":{"start":{"line":55,"column":6},"end":{"line":55,"column":36}},"15":{"start":{"line":56,"column":6},"end":{"line":56,"column":35}},"16":{"start":{"line":58,"column":4},"end":{"line":61,"column":5}},"17":{"start":{"line":59,"column":6},"end":{"line":59,"column":36}},"18":{"start":{"line":60,"column":6},"end":{"line":60,"column":35}},"19":{"start":{"line":63,"column":4},"end":{"line":65,"column":5}},"20":{"start":{"line":64,"column":6},"end":{"line":64,"column":35}},"21":{"start":{"line":67,"column":4},"end":{"line":67,"column":24}},"22":{"start":{"line":69,"column":21},"end":{"line":72,"column":5}},"23":{"start":{"line":74,"column":4},"end":{"line":74,"column":35}},"24":{"start":{"line":79,"column":21},"end":{"line":82,"column":5}},"25":{"start":{"line":83,"column":4},"end":{"line":83,"column":35}},"26":{"start":{"line":88,"column":21},"end":{"line":91,"column":5}},"27":{"start":{"line":92,"column":4},"end":{"line":92,"column":35}},"28":{"start":{"line":97,"column":21},"end":{"line":100,"column":5}},"29":{"start":{"line":101,"column":4},"end":{"line":101,"column":35}},"30":{"start":{"line":106,"column":16},"end":{"line":106,"column":62}},"31":{"start":{"line":107,"column":17},"end":{"line":107,"column":27}},"32":{"start":{"line":109,"column":4},"end":{"line":112,"column":5}},"33":{"start":{"line":110,"column":6},"end":{"line":110,"column":35}},"34":{"start":{"line":111,"column":6},"end":{"line":111,"column":33}},"35":{"start":{"line":114,"column":19},"end":{"line":114,"column":47}},"36":{"start":{"line":115,"column":4},"end":{"line":115,"column":27}},"37":{"start":{"line":120,"column":16},"end":{"line":120,"column":58}},"38":{"start":{"line":121,"column":17},"end":{"line":121,"column":24}},"39":{"start":{"line":123,"column":4},"end":{"line":126,"column":5}},"40":{"start":{"line":124,"column":6},"end":{"line":124,"column":35}},"41":{"start":{"line":125,"column":6},"end":{"line":125,"column":33}},"42":{"start":{"line":128,"column":19},"end":{"line":128,"column":47}},"43":{"start":{"line":129,"column":4},"end":{"line":129,"column":27}},"44":{"start":{"line":134,"column":19},"end":{"line":147,"column":5}},"45":{"start":{"line":148,"column":4},"end":{"line":148,"column":19}},"46":{"start":{"line":153,"column":19},"end":{"line":167,"column":5}},"47":{"start":{"line":168,"column":4},"end":{"line":168,"column":19}},"48":{"start":{"line":173,"column":66},"end":{"line":173,"column":74}},"49":{"start":{"line":175,"column":21},"end":{"line":179,"column":5}},"50":{"start":{"line":181,"column":4},"end":{"line":186,"column":6}},"51":{"start":{"line":191,"column":19},"end":{"line":194,"column":5}},"52":{"start":{"line":195,"column":4},"end":{"line":195,"column":34}},"53":{"start":{"line":199,"column":0},"end":{"line":199,"column":27}}},"fnMap":{"0":{"name":"(anonymous_0)","decl":{"start":{"line":5,"column":2},"end":{"line":5,"column":3}},"loc":{"start":{"line":5,"column":32},"end":{"line":20,"column":3}},"line":5},"1":{"name":"(anonymous_1)","decl":{"start":{"line":23,"column":2},"end":{"line":23,"column":3}},"loc":{"start":{"line":23,"column":34},"end":{"line":39,"column":3}},"line":23},"2":{"name":"(anonymous_2)","decl":{"start":{"line":42,"column":2},"end":{"line":42,"column":3}},"loc":{"start":{"line":42,"column":43},"end":{"line":75,"column":3}},"line":42},"3":{"name":"(anonymous_3)","decl":{"start":{"line":78,"column":2},"end":{"line":78,"column":3}},"loc":{"start":{"line":78,"column":47},"end":{"line":84,"column":3}},"line":78},"4":{"name":"(anonymous_4)","decl":{"start":{"line":87,"column":2},"end":{"line":87,"column":3}},"loc":{"start":{"line":87,"column":52},"end":{"line":93,"column":3}},"line":87},"5":{"name":"(anonymous_5)","decl":{"start":{"line":96,"column":2},"end":{"line":96,"column":3}},"loc":{"start":{"line":96,"column":43},"end":{"line":102,"column":3}},"line":96},"6":{"name":"(anonymous_6)","decl":{"start":{"line":105,"column":2},"end":{"line":105,"column":3}},"loc":{"start":{"line":105,"column":67},"end":{"line":116,"column":3}},"line":105},"7":{"name":"(anonymous_7)","decl":{"start":{"line":119,"column":2},"end":{"line":119,"column":3}},"loc":{"start":{"line":119,"column":61},"end":{"line":130,"column":3}},"line":119},"8":{"name":"(anonymous_8)","decl":{"start":{"line":133,"column":2},"end":{"line":133,"column":3}},"loc":{"start":{"line":133,"column":40},"end":{"line":149,"column":3}},"line":133},"9":{"name":"(anonymous_9)","decl":{"start":{"line":152,"column":2},"end":{"line":152,"column":3}},"loc":{"start":{"line":152,"column":38},"end":{"line":169,"column":3}},"line":152},"10":{"name":"(anonymous_10)","decl":{"start":{"line":172,"column":2},"end":{"line":172,"column":3}},"loc":{"start":{"line":172,"column":32},"end":{"line":187,"column":3}},"line":172},"11":{"name":"(anonymous_11)","decl":{"start":{"line":190,"column":2},"end":{"line":190,"column":3}},"loc":{"start":{"line":190,"column":39},"end":{"line":196,"column":3}},"line":190}},"branchMap":{"0":{"loc":{"start":{"line":46,"column":4},"end":{"line":49,"column":5}},"type":"if","locations":[{"start":{"line":46,"column":4},"end":{"line":49,"column":5}},{"start":{},"end":{}}],"line":46},"1":{"loc":{"start":{"line":50,"column":4},"end":{"line":53,"column":5}},"type":"if","locations":[{"start":{"line":50,"column":4},"end":{"line":53,"column":5}},{"start":{},"end":{}}],"line":50},"2":{"loc":{"start":{"line":54,"column":4},"end":{"line":57,"column":5}},"type":"if","locations":[{"start":{"line":54,"column":4},"end":{"line":57,"column":5}},{"start":{},"end":{}}],"line":54},"3":{"loc":{"start":{"line":58,"column":4},"end":{"line":61,"column":5}},"type":"if","locations":[{"start":{"line":58,"column":4},"end":{"line":61,"column":5}},{"start":{},"end":{}}],"line":58},"4":{"loc":{"start":{"line":63,"column":4},"end":{"line":65,"column":5}},"type":"if","locations":[{"start":{"line":63,"column":4},"end":{"line":65,"column":5}},{"start":{},"end":{}}],"line":63},"5":{"loc":{"start":{"line":105,"column":45},"end":{"line":105,"column":65}},"type":"default-arg","locations":[{"start":{"line":105,"column":61},"end":{"line":105,"column":65}}],"line":105},"6":{"loc":{"start":{"line":109,"column":4},"end":{"line":112,"column":5}},"type":"if","locations":[{"start":{"line":109,"column":4},"end":{"line":112,"column":5}},{"start":{},"end":{}}],"line":109},"7":{"loc":{"start":{"line":119,"column":39},"end":{"line":119,"column":59}},"type":"default-arg","locations":[{"start":{"line":119,"column":55},"end":{"line":119,"column":59}}],"line":119},"8":{"loc":{"start":{"line":123,"column":4},"end":{"line":126,"column":5}},"type":"if","locations":[{"start":{"line":123,"column":4},"end":{"line":126,"column":5}},{"start":{},"end":{}}],"line":123},"9":{"loc":{"start":{"line":173,"column":45},"end":{"line":173,"column":61}},"type":"default-arg","locations":[{"start":{"line":173,"column":52},"end":{"line":173,"column":61}}],"line":173}},"s":{"0":1,"1":0,"2":0,"3":0,"4":0,"5":0,"6":0,"7":0,"8":0,"9":0,"10":0,"11":0,"12":0,"13":0,"14":0,"15":0,"16":0,"17":0,"18":0,"19":0,"20":0,"21":0,"22":0,"23":0,"24":0,"25":0,"26":0,"27":0,"28":0,"29":0,"30":0,"31":0,"32":0,"33":0,"34":0,"35":0,"36":0,"37":0,"38":0,"39":0,"40":0,"41":0,"42":0,"43":0,"44":0,"45":0,"46":0,"47":0,"48":0,"49":0,"50":0,"51":0,"52":0,"53":1},"f":{"0":0,"1":0,"2":0,"3":0,"4":0,"5":0,"6":0,"7":0,"8":0,"9":0,"10":0,"11":0},"b":{"0":[0,0],"1":[0,0],"2":[0,0],"3":[0,0],"4":[0,0],"5":[0],"6":[0,0],"7":[0],"8":[0,0],"9":[0]},"_coverageSchema":"1a1c01bbd47fc00a2c39e90264f33305004495a9","hash":"1b2c8496eb41c7ffca8d9f2004f2e394046b4fad"}
,"C:\\Users\\sun\\Desktop\\移动互联实践\\mozhicourse1209\\mozhicourse\\backend\\utils\\response.js": {"path":"C:\\Users\\sun\\Desktop\\移动互联实践\\mozhicourse1209\\mozhicourse\\backend\\utils\\response.js","statementMap":{"0":{"start":{"line":2,"column":24},"end":{"line":8,"column":1}},"1":{"start":{"line":3,"column":2},"end":{"line":7,"column":4}},"2":{"start":{"line":10,"column":22},"end":{"line":15,"column":1}},"3":{"start":{"line":11,"column":2},"end":{"line":14,"column":4}},"4":{"start":{"line":17,"column":25},"end":{"line":22,"column":1}},"5":{"start":{"line":18,"column":2},"end":{"line":21,"column":4}},"6":{"start":{"line":24,"column":0},"end":{"line":28,"column":2}}},"fnMap":{"0":{"name":"(anonymous_0)","decl":{"start":{"line":2,"column":24},"end":{"line":2,"column":25}},"loc":{"start":{"line":2,"column":50},"end":{"line":8,"column":1}},"line":2},"1":{"name":"(anonymous_1)","decl":{"start":{"line":10,"column":22},"end":{"line":10,"column":23}},"loc":{"start":{"line":10,"column":47},"end":{"line":15,"column":1}},"line":10},"2":{"name":"(anonymous_2)","decl":{"start":{"line":17,"column":25},"end":{"line":17,"column":26}},"loc":{"start":{"line":17,"column":48},"end":{"line":22,"column":1}},"line":17}},"branchMap":{"0":{"loc":{"start":{"line":2,"column":31},"end":{"line":2,"column":45}},"type":"default-arg","locations":[{"start":{"line":2,"column":41},"end":{"line":2,"column":45}}],"line":2},"1":{"loc":{"start":{"line":10,"column":32},"end":{"line":10,"column":42}},"type":"default-arg","locations":[{"start":{"line":10,"column":39},"end":{"line":10,"column":42}}],"line":10},"2":{"loc":{"start":{"line":17,"column":26},"end":{"line":17,"column":43}},"type":"default-arg","locations":[{"start":{"line":17,"column":36},"end":{"line":17,"column":43}}],"line":17}},"s":{"0":1,"1":4,"2":1,"3":0,"4":1,"5":1,"6":1},"f":{"0":4,"1":0,"2":1},"b":{"0":[4],"1":[0],"2":[0]},"_coverageSchema":"1a1c01bbd47fc00a2c39e90264f33305004495a9","hash":"fb59043830385660c5c648660b1cd91462feb0bf"}
}
