TN:
SF:.eslintrc.js
FNF:0
FNH:0
DA:1,0
LF:1
LH:0
BRF:0
BRH:0
end_of_record
TN:
SF:index.js
FN:20,(anonymous_0)
FN:25,(anonymous_1)
FN:30,(anonymous_2)
FN:36,(anonymous_3)
FNF:4
FNH:0
FNDA:0,(anonymous_0)
FNDA:0,(anonymous_1)
FNDA:0,(anonymous_2)
FNDA:0,(anonymous_3)
DA:1,0
DA:2,0
DA:3,0
DA:5,0
DA:8,0
DA:9,0
DA:10,0
DA:13,0
DA:16,0
DA:17,0
DA:20,0
DA:21,0
DA:25,0
DA:26,0
DA:30,0
DA:31,0
DA:32,0
DA:35,0
DA:36,0
DA:37,0
LF:20
LH:0
BRDA:35,0,0,0
BRDA:35,0,1,0
BRF:2
BRH:0
end_of_record
TN:
SF:config\database.js
FN:18,(anonymous_0)
FN:34,(anonymous_1)
FNF:2
FNH:0
FNDA:0,(anonymous_0)
FNDA:0,(anonymous_1)
DA:2,5
DA:5,5
DA:15,5
DA:18,5
DA:19,0
DA:20,0
DA:21,0
DA:22,0
DA:25,0
DA:26,0
DA:28,0
DA:29,0
DA:34,5
DA:35,0
DA:36,0
DA:38,0
DA:39,0
DA:43,5
LF:18
LH:6
BRDA:34,0,0,0
BRF:1
BRH:0
end_of_record
TN:
SF:config\deepseek.js
FNF:0
FNH:0
DA:2,2
LF:1
LH:1
BRF:0
BRH:0
end_of_record
TN:
SF:controllers\aiController.js
FN:4,(anonymous_0)
FN:30,(anonymous_1)
FN:31,(anonymous_2)
FN:32,(anonymous_3)
FN:64,(anonymous_4)
FNF:5
FNH:0
FNDA:0,(anonymous_0)
FNDA:0,(anonymous_1)
FNDA:0,(anonymous_2)
FNDA:0,(anonymous_3)
FNDA:0,(anonymous_4)
DA:2,0
DA:4,0
DA:5,0
DA:6,0
DA:7,0
DA:9,0
DA:16,0
DA:29,0
DA:30,0
DA:31,0
DA:32,0
DA:33,0
DA:35,0
DA:36,0
DA:39,0
DA:40,0
DA:41,0
DA:42,0
DA:43,0
DA:44,0
DA:45,0
DA:46,0
DA:47,0
DA:50,0
DA:54,0
DA:55,0
DA:58,0
DA:59,0
DA:64,0
DA:65,0
DA:66,0
DA:69,0
DA:70,0
DA:73,0
DA:74,0
LF:35
LH:0
BRDA:7,0,0,0
BRDA:7,0,1,0
BRDA:39,1,0,0
BRDA:39,1,1,0
BRDA:42,2,0,0
BRDA:42,2,1,0
BRDA:44,3,0,0
BRDA:44,3,1,0
BRDA:46,4,0,0
BRDA:46,4,1,0
BRDA:54,5,0,0
BRDA:54,5,1,0
BRF:12
BRH:0
end_of_record
TN:
SF:controllers\authController.js
FN:7,(anonymous_0)
FN:22,(anonymous_1)
FN:104,(anonymous_2)
FN:168,(anonymous_3)
FN:189,(anonymous_4)
FN:195,(anonymous_5)
FN:226,(anonymous_6)
FNF:7
FNH:1
FNDA:0,(anonymous_0)
FNDA:3,(anonymous_1)
FNDA:0,(anonymous_2)
FNDA:0,(anonymous_3)
FNDA:0,(anonymous_4)
FNDA:0,(anonymous_5)
FNDA:0,(anonymous_6)
DA:1,3
DA:2,3
DA:4,3
DA:7,3
DA:8,0
DA:22,3
DA:23,3
DA:24,3
DA:25,3
DA:28,3
DA:29,1
DA:30,1
DA:36,2
DA:38,2
DA:40,2
DA:42,2
DA:43,1
DA:44,1
DA:51,1
DA:52,1
DA:53,1
DA:54,1
DA:57,1
DA:58,1
DA:59,0
DA:61,1
DA:64,1
DA:65,1
DA:66,1
DA:67,1
DA:70,1
DA:71,1
DA:77,0
DA:80,0
DA:81,0
DA:82,0
DA:84,0
DA:85,0
DA:94,1
DA:95,1
DA:96,1
DA:97,1
DA:98,1
DA:99,1
DA:104,3
DA:105,0
DA:106,0
DA:107,0
DA:110,0
DA:111,0
DA:118,0
DA:120,0
DA:121,0
DA:128,0
DA:129,0
DA:136,0
DA:138,0
DA:139,0
DA:146,0
DA:149,0
DA:152,0
DA:154,0
DA:163,0
DA:168,3
DA:169,0
DA:170,0
DA:172,0
DA:173,0
DA:179,0
DA:184,0
DA:189,3
DA:190,0
DA:191,0
DA:192,0
DA:194,0
DA:195,0
DA:197,0
DA:198,0
DA:204,0
DA:213,0
DA:215,0
DA:221,0
DA:226,3
DA:227,0
DA:228,0
DA:229,0
DA:231,0
DA:232,0
DA:239,0
DA:241,0
DA:242,0
DA:249,0
DA:251,0
DA:252,0
DA:259,0
DA:260,0
DA:263,0
DA:265,0
DA:270,0
LF:99
LH:40
BRDA:14,0,0,0
BRDA:14,0,1,0
BRDA:16,1,0,0
BRDA:16,1,1,0
BRDA:28,2,0,1
BRDA:28,2,1,2
BRDA:28,3,0,3
BRDA:28,3,1,2
BRDA:42,4,0,1
BRDA:42,4,1,1
BRDA:58,5,0,0
BRDA:58,5,1,1
BRDA:58,6,0,1
BRDA:58,6,1,1
BRDA:110,7,0,0
BRDA:110,7,1,0
BRDA:110,8,0,0
BRDA:110,8,1,0
BRDA:120,9,0,0
BRDA:120,9,1,0
BRDA:128,10,0,0
BRDA:128,10,1,0
BRDA:138,11,0,0
BRDA:138,11,1,0
BRDA:172,12,0,0
BRDA:172,12,1,0
BRDA:197,13,0,0
BRDA:197,13,1,0
BRDA:231,14,0,0
BRDA:231,14,1,0
BRDA:231,15,0,0
BRDA:231,15,1,0
BRDA:241,16,0,0
BRDA:241,16,1,0
BRDA:251,17,0,0
BRDA:251,17,1,0
BRF:36
BRH:9
end_of_record
TN:
SF:controllers\categoryController.js
FN:9,(anonymous_0)
FN:23,(anonymous_1)
FN:37,(anonymous_2)
FNF:3
FNH:0
FNDA:0,(anonymous_0)
FNDA:0,(anonymous_1)
FNDA:0,(anonymous_2)
DA:6,2
DA:9,2
DA:10,0
DA:11,0
DA:13,0
DA:18,0
DA:23,2
DA:24,0
DA:25,0
DA:27,0
DA:32,0
DA:37,2
DA:38,0
DA:39,0
DA:42,0
DA:44,0
DA:45,0
DA:51,0
DA:54,0
DA:56,0
DA:58,0
DA:63,0
LF:22
LH:4
BRDA:44,0,0,0
BRDA:44,0,1,0
BRF:2
BRH:0
end_of_record
TN:
SF:controllers\commentController.js
FN:3,(anonymous_0)
FN:14,(anonymous_1)
FN:15,(anonymous_2)
FN:18,(anonymous_3)
FN:22,(anonymous_4)
FN:23,(anonymous_5)
FN:34,(anonymous_6)
FN:74,(anonymous_7)
FNF:8
FNH:0
FNDA:0,(anonymous_0)
FNDA:0,(anonymous_1)
FNDA:0,(anonymous_2)
FNDA:0,(anonymous_3)
FNDA:0,(anonymous_4)
FNDA:0,(anonymous_5)
FNDA:0,(anonymous_6)
FNDA:0,(anonymous_7)
DA:1,2
DA:3,2
DA:4,0
DA:5,0
DA:6,0
DA:8,0
DA:14,0
DA:15,0
DA:18,0
DA:19,0
DA:22,0
DA:23,0
DA:27,0
DA:29,0
DA:30,0
DA:34,2
DA:35,0
DA:37,0
DA:38,0
DA:40,0
DA:42,0
DA:45,0
DA:46,0
DA:52,0
DA:53,0
DA:61,0
DA:63,0
DA:69,0
DA:70,0
DA:74,2
DA:75,0
DA:76,0
DA:77,0
DA:78,0
DA:80,0
DA:81,0
DA:85,2
LF:37
LH:5
BRDA:5,0,0,0
BRDA:5,1,0,0
BRDA:45,2,0,0
BRDA:45,2,1,0
BRDA:45,3,0,0
BRDA:45,3,1,0
BRDA:45,3,2,0
BRDA:57,4,0,0
BRDA:57,4,1,0
BRF:9
BRH:0
end_of_record
TN:
SF:controllers\courseController copy.js
FN:24,(anonymous_0)
FN:95,(anonymous_1)
FN:116,(anonymous_2)
FN:153,(anonymous_3)
FN:169,(anonymous_4)
FN:185,(anonymous_5)
FN:201,(anonymous_6)
FN:233,(anonymous_7)
FN:274,(anonymous_8)
FN:306,(anonymous_9)
FN:341,(anonymous_10)
FN:369,(anonymous_11)
FN:388,(anonymous_12)
FNF:13
FNH:0
FNDA:0,(anonymous_0)
FNDA:0,(anonymous_1)
FNDA:0,(anonymous_2)
FNDA:0,(anonymous_3)
FNDA:0,(anonymous_4)
FNDA:0,(anonymous_5)
FNDA:0,(anonymous_6)
FNDA:0,(anonymous_7)
FNDA:0,(anonymous_8)
FNDA:0,(anonymous_9)
FNDA:0,(anonymous_10)
FNDA:0,(anonymous_11)
FNDA:0,(anonymous_12)
DA:14,0
DA:21,0
DA:24,0
DA:25,0
DA:33,0
DA:35,0
DA:38,0
DA:39,0
DA:41,0
DA:42,0
DA:43,0
DA:46,0
DA:47,0
DA:48,0
DA:51,0
DA:52,0
DA:53,0
DA:56,0
DA:59,0
DA:60,0
DA:61,0
DA:62,0
DA:63,0
DA:67,0
DA:75,0
DA:77,0
DA:90,0
DA:95,0
DA:96,0
DA:97,0
DA:100,0
DA:102,0
DA:103,0
DA:109,0
DA:112,0
DA:115,0
DA:116,0
DA:117,0
DA:118,0
DA:126,0
DA:127,0
DA:136,0
DA:139,0
DA:141,0
DA:143,0
DA:148,0
DA:153,0
DA:154,0
DA:155,0
DA:157,0
DA:159,0
DA:164,0
DA:169,0
DA:170,0
DA:171,0
DA:173,0
DA:175,0
DA:180,0
DA:185,0
DA:186,0
DA:187,0
DA:189,0
DA:191,0
DA:196,0
DA:201,0
DA:202,0
DA:203,0
DA:204,0
DA:207,0
DA:209,0
DA:210,0
DA:217,0
DA:223,0
DA:228,0
DA:233,0
DA:234,0
DA:235,0
DA:236,0
DA:239,0
DA:241,0
DA:242,0
DA:249,0
DA:251,0
DA:252,0
DA:259,0
DA:262,0
DA:264,0
DA:269,0
DA:274,0
DA:275,0
DA:276,0
DA:277,0
DA:280,0
DA:282,0
DA:283,0
DA:289,0
DA:291,0
DA:293,0
DA:301,0
DA:306,0
DA:307,0
DA:308,0
DA:309,0
DA:310,0
DA:312,0
DA:313,0
DA:320,0
DA:322,0
DA:323,0
DA:329,0
DA:331,0
DA:336,0
DA:341,0
DA:342,0
DA:343,0
DA:344,0
DA:346,0
DA:347,0
DA:349,0
DA:350,0
DA:351,0
DA:352,0
DA:353,0
DA:354,0
DA:357,0
DA:359,0
DA:364,0
DA:369,0
DA:370,0
DA:371,0
DA:374,0
DA:387,0
DA:388,0
DA:389,0
DA:390,0
DA:398,0
DA:399,0
DA:409,0
DA:411,0
DA:416,0
LF:140
LH:0
BRDA:27,0,0,0
BRDA:28,1,0,0
BRDA:32,2,0,0
BRDA:41,3,0,0
BRDA:41,3,1,0
BRDA:46,4,0,0
BRDA:46,4,1,0
BRDA:51,5,0,0
BRDA:51,5,1,0
BRDA:60,6,0,0
BRDA:60,6,1,0
BRDA:62,7,0,0
BRDA:62,7,1,0
BRDA:102,8,0,0
BRDA:102,8,1,0
BRDA:117,9,0,0
BRDA:117,9,1,0
BRDA:126,10,0,0
BRDA:126,10,1,0
BRDA:155,11,0,0
BRDA:171,12,0,0
BRDA:187,13,0,0
BRDA:204,14,0,0
BRDA:209,15,0,0
BRDA:209,15,1,0
BRDA:241,16,0,0
BRDA:241,16,1,0
BRDA:241,17,0,0
BRDA:241,17,1,0
BRDA:251,18,0,0
BRDA:251,18,1,0
BRDA:282,19,0,0
BRDA:282,19,1,0
BRDA:289,20,0,0
BRDA:289,20,1,0
BRDA:295,21,0,0
BRDA:295,21,1,0
BRDA:312,22,0,0
BRDA:312,22,1,0
BRDA:312,23,0,0
BRDA:312,23,1,0
BRDA:322,24,0,0
BRDA:322,24,1,0
BRDA:344,25,0,0
BRDA:349,26,0,0
BRDA:349,26,1,0
BRDA:351,27,0,0
BRDA:351,27,1,0
BRDA:353,28,0,0
BRDA:353,28,1,0
BRDA:389,29,0,0
BRDA:389,29,1,0
BRDA:398,30,0,0
BRDA:398,30,1,0
BRF:54
BRH:0
end_of_record
TN:
SF:controllers\courseController.js
FN:8,(anonymous_0)
FN:29,(anonymous_1)
FN:43,(anonymous_2)
FN:61,(anonymous_3)
FN:76,(anonymous_4)
FN:91,(anonymous_5)
FN:106,(anonymous_6)
FN:128,(anonymous_7)
FN:151,(anonymous_8)
FN:166,(anonymous_9)
FN:196,(anonymous_10)
FN:212,(anonymous_11)
FNF:12
FNH:4
FNDA:4,(anonymous_0)
FNDA:2,(anonymous_1)
FNDA:0,(anonymous_2)
FNDA:2,(anonymous_3)
FNDA:0,(anonymous_4)
FNDA:0,(anonymous_5)
FNDA:0,(anonymous_6)
FNDA:2,(anonymous_7)
FNDA:0,(anonymous_8)
FNDA:0,(anonymous_9)
FNDA:0,(anonymous_10)
FNDA:0,(anonymous_11)
DA:2,3
DA:3,3
DA:4,3
DA:9,4
DA:10,4
DA:11,4
DA:13,4
DA:15,4
DA:16,2
DA:19,2
DA:21,2
DA:23,0
DA:24,0
DA:30,2
DA:31,2
DA:32,2
DA:34,2
DA:36,2
DA:39,2
DA:40,2
DA:43,2
DA:44,0
DA:45,0
DA:47,0
DA:50,2
DA:53,2
DA:55,0
DA:56,0
DA:62,2
DA:63,2
DA:65,2
DA:67,2
DA:69,2
DA:71,0
DA:72,0
DA:77,0
DA:78,0
DA:79,0
DA:81,0
DA:83,0
DA:85,0
DA:86,0
DA:92,0
DA:93,0
DA:94,0
DA:96,0
DA:98,0
DA:100,0
DA:101,0
DA:107,0
DA:108,0
DA:109,0
DA:112,0
DA:113,0
DA:114,0
DA:115,0
DA:118,0
DA:120,0
DA:122,0
DA:123,0
DA:129,2
DA:130,2
DA:131,2
DA:133,2
DA:135,0
DA:136,0
DA:137,0
DA:140,2
DA:141,2
DA:143,2
DA:145,0
DA:146,0
DA:152,0
DA:153,0
DA:154,0
DA:156,0
DA:158,0
DA:160,0
DA:161,0
DA:167,0
DA:168,0
DA:169,0
DA:171,0
DA:174,0
DA:175,0
DA:179,0
DA:180,0
DA:181,0
DA:182,0
DA:185,0
DA:191,0
DA:193,0
DA:196,0
DA:203,0
DA:205,0
DA:206,0
DA:207,0
DA:213,0
DA:214,0
DA:215,0
DA:216,0
DA:218,0
DA:219,0
DA:222,0
DA:223,0
DA:226,0
DA:228,0
DA:230,0
DA:231,0
DA:236,3
LF:110
LH:34
BRDA:15,0,0,2
BRDA:15,0,1,2
BRDA:44,1,0,0
BRDA:44,1,1,0
BRDA:44,2,0,0
BRDA:44,2,1,0
BRDA:112,3,0,0
BRDA:112,3,1,0
BRDA:113,4,0,0
BRDA:113,4,1,0
BRDA:133,5,0,0
BRDA:133,5,1,2
BRDA:133,6,0,2
BRDA:133,6,1,2
BRDA:154,7,0,0
BRDA:154,7,1,0
BRDA:169,8,0,0
BRDA:169,8,1,0
BRDA:174,9,0,0
BRDA:174,9,1,0
BRDA:174,10,0,0
BRDA:174,10,1,0
BRDA:180,11,0,0
BRDA:180,11,1,0
BRDA:198,12,0,0
BRDA:198,12,1,0
BRDA:199,13,0,0
BRDA:199,13,1,0
BRDA:200,14,0,0
BRDA:200,14,1,0
BRDA:218,15,0,0
BRDA:218,15,1,0
BRDA:218,16,0,0
BRDA:218,16,1,0
BRDA:218,16,2,0
BRDA:222,17,0,0
BRDA:222,17,1,0
BRDA:222,18,0,0
BRDA:222,18,1,0
BRF:39
BRH:5
end_of_record
TN:
SF:controllers\personalCenterController.js
FN:7,(anonymous_0)
FN:142,(anonymous_1)
FN:203,(anonymous_2)
FN:232,(anonymous_3)
FN:273,(anonymous_4)
FNF:5
FNH:0
FNDA:0,(anonymous_0)
FNDA:0,(anonymous_1)
FNDA:0,(anonymous_2)
FNDA:0,(anonymous_3)
FNDA:0,(anonymous_4)
DA:1,2
DA:2,2
DA:3,2
DA:4,2
DA:7,2
DA:8,0
DA:9,0
DA:10,0
DA:11,0
DA:13,0
DA:14,0
DA:16,0
DA:17,0
DA:18,0
DA:22,0
DA:23,0
DA:24,0
DA:25,0
DA:28,0
DA:29,0
DA:30,0
DA:36,0
DA:40,0
DA:41,0
DA:44,0
DA:45,0
DA:50,0
DA:51,0
DA:54,0
DA:58,0
DA:59,0
DA:62,0
DA:63,0
DA:69,0
DA:70,0
DA:73,0
DA:74,0
DA:82,0
DA:83,0
DA:86,0
DA:90,0
DA:91,0
DA:94,0
DA:104,0
DA:107,0
DA:120,0
DA:121,0
DA:123,0
DA:128,0
DA:131,0
DA:132,0
DA:133,0
DA:142,2
DA:143,0
DA:144,0
DA:145,0
DA:148,0
DA:149,0
DA:153,0
DA:154,0
DA:158,0
DA:159,0
DA:163,0
DA:164,0
DA:165,0
DA:167,0
DA:168,0
DA:172,0
DA:173,0
DA:176,0
DA:181,0
DA:182,0
DA:187,0
DA:194,0
DA:197,0
DA:198,0
DA:203,2
DA:204,0
DA:205,0
DA:207,0
DA:208,0
DA:212,0
DA:215,0
DA:217,0
DA:226,0
DA:227,0
DA:232,2
DA:233,0
DA:234,0
DA:235,0
DA:237,0
DA:238,0
DA:241,0
DA:242,0
DA:246,0
DA:247,0
DA:248,0
DA:252,0
DA:253,0
DA:254,0
DA:258,0
DA:259,0
DA:262,0
DA:264,0
DA:267,0
DA:268,0
DA:273,2
DA:274,0
DA:275,0
DA:278,0
DA:295,0
DA:311,0
DA:320,0
DA:330,0
DA:331,0
DA:335,2
LF:116
LH:10
BRDA:16,0,0,0
BRDA:16,0,1,0
BRDA:28,1,0,0
BRDA:28,1,1,0
BRDA:28,1,2,0
BRDA:31,2,0,0
BRDA:31,2,1,0
BRDA:32,3,0,0
BRDA:32,3,1,0
BRDA:40,4,0,0
BRDA:40,4,1,0
BRDA:50,5,0,0
BRDA:50,5,1,0
BRDA:58,6,0,0
BRDA:58,6,1,0
BRDA:69,7,0,0
BRDA:69,7,1,0
BRDA:82,8,0,0
BRDA:82,8,1,0
BRDA:90,9,0,0
BRDA:90,9,1,0
BRDA:100,10,0,0
BRDA:100,10,1,0
BRDA:115,11,0,0
BRDA:115,11,1,0
BRDA:116,12,0,0
BRDA:116,12,1,0
BRDA:136,13,0,0
BRDA:136,13,1,0
BRDA:148,14,0,0
BRDA:148,14,1,0
BRDA:148,15,0,0
BRDA:148,15,1,0
BRDA:153,16,0,0
BRDA:153,16,1,0
BRDA:153,17,0,0
BRDA:153,17,1,0
BRDA:158,18,0,0
BRDA:158,18,1,0
BRDA:158,19,0,0
BRDA:158,19,1,0
BRDA:164,20,0,0
BRDA:164,20,1,0
BRDA:165,21,0,0
BRDA:165,21,1,0
BRDA:167,22,0,0
BRDA:167,22,1,0
BRDA:172,23,0,0
BRDA:172,23,1,0
BRDA:173,24,0,0
BRDA:173,24,1,0
BRDA:181,25,0,0
BRDA:181,25,1,0
BRDA:207,26,0,0
BRDA:207,26,1,0
BRDA:237,27,0,0
BRDA:237,27,1,0
BRDA:237,28,0,0
BRDA:237,28,1,0
BRDA:241,29,0,0
BRDA:241,29,1,0
BRDA:241,30,0,0
BRDA:241,30,1,0
BRDA:247,31,0,0
BRDA:247,31,1,0
BRDA:253,32,0,0
BRDA:253,32,1,0
BRDA:323,33,0,0
BRDA:323,33,1,0
BRDA:324,34,0,0
BRDA:324,34,1,0
BRDA:325,35,0,0
BRDA:325,35,1,0
BRF:73
BRH:0
end_of_record
TN:
SF:controllers\reviewController.js
FN:4,(anonymous_0)
FN:49,(anonymous_1)
FN:130,(anonymous_2)
FN:208,(anonymous_3)
FNF:4
FNH:0
FNDA:0,(anonymous_0)
FNDA:0,(anonymous_1)
FNDA:0,(anonymous_2)
FNDA:0,(anonymous_3)
DA:1,2
DA:4,2
DA:5,0
DA:6,0
DA:7,0
DA:8,0
DA:11,0
DA:24,0
DA:29,0
DA:31,0
DA:44,0
DA:49,2
DA:50,0
DA:51,0
DA:52,0
DA:53,0
DA:56,0
DA:57,0
DA:64,0
DA:69,0
DA:70,0
DA:77,0
DA:82,0
DA:83,0
DA:90,0
DA:96,0
DA:103,0
DA:109,0
DA:119,0
DA:125,0
DA:130,2
DA:131,0
DA:132,0
DA:133,0
DA:134,0
DA:137,0
DA:142,0
DA:143,0
DA:149,0
DA:152,0
DA:153,0
DA:155,0
DA:156,0
DA:157,0
DA:162,0
DA:163,0
DA:166,0
DA:167,0
DA:168,0
DA:171,0
DA:172,0
DA:178,0
DA:180,0
DA:186,0
DA:193,0
DA:198,0
DA:203,0
DA:208,2
DA:209,0
DA:210,0
DA:211,0
DA:214,0
DA:219,0
DA:220,0
DA:226,0
DA:229,0
DA:232,0
DA:239,0
DA:241,0
DA:246,0
DA:251,0
LF:71
LH:5
BRDA:7,0,0,0
BRDA:7,1,0,0
BRDA:56,2,0,0
BRDA:56,2,1,0
BRDA:56,3,0,0
BRDA:56,3,1,0
BRDA:56,3,2,0
BRDA:69,4,0,0
BRDA:69,4,1,0
BRDA:82,5,0,0
BRDA:82,5,1,0
BRDA:92,6,0,0
BRDA:92,6,1,0
BRDA:142,7,0,0
BRDA:142,7,1,0
BRDA:155,8,0,0
BRDA:155,8,1,0
BRDA:156,9,0,0
BRDA:156,9,1,0
BRDA:156,10,0,0
BRDA:156,10,1,0
BRDA:166,11,0,0
BRDA:166,11,1,0
BRDA:171,12,0,0
BRDA:171,12,1,0
BRDA:219,13,0,0
BRDA:219,13,1,0
BRDA:239,14,0,0
BRDA:239,14,1,0
BRF:29
BRH:0
end_of_record
TN:
SF:controllers\studentBehaviorController.js
FN:4,(anonymous_0)
FN:72,(anonymous_1)
FN:167,(anonymous_2)
FN:207,(anonymous_3)
FN:232,(anonymous_4)
FN:325,(anonymous_5)
FN:382,(anonymous_6)
FN:436,(anonymous_7)
FN:483,(anonymous_8)
FN:539,(anonymous_9)
FN:604,(anonymous_10)
FN:616,(anonymous_11)
FN:652,(anonymous_12)
FN:694,(anonymous_13)
FN:766,(anonymous_14)
FN:823,(anonymous_15)
FN:838,(anonymous_16)
FN:859,(anonymous_17)
FN:879,(anonymous_18)
FN:881,(anonymous_19)
FN:904,getCourseSpeedUsage
FN:920,(anonymous_21)
FN:932,getUserSpeedOverview
FN:997,calculateAverageSpeed
FN:1000,(anonymous_24)
FN:1003,(anonymous_25)
FN:1011,getMostUsedSpeed
FN:1014,(anonymous_27)
FN:1020,calculateSpeedDistribution
FN:1023,(anonymous_29)
FN:1026,(anonymous_30)
FN:1034,analyzeSpeedLearningCorrelation
FN:1043,(anonymous_32)
FN:1044,(anonymous_33)
FN:1045,(anonymous_34)
FN:1074,calculateCorrelation
FN:1078,(anonymous_36)
FN:1079,(anonymous_37)
FN:1080,(anonymous_38)
FN:1081,(anonymous_39)
FN:1082,(anonymous_40)
FNF:41
FNH:0
FNDA:0,(anonymous_0)
FNDA:0,(anonymous_1)
FNDA:0,(anonymous_2)
FNDA:0,(anonymous_3)
FNDA:0,(anonymous_4)
FNDA:0,(anonymous_5)
FNDA:0,(anonymous_6)
FNDA:0,(anonymous_7)
FNDA:0,(anonymous_8)
FNDA:0,(anonymous_9)
FNDA:0,(anonymous_10)
FNDA:0,(anonymous_11)
FNDA:0,(anonymous_12)
FNDA:0,(anonymous_13)
FNDA:0,(anonymous_14)
FNDA:0,(anonymous_15)
FNDA:0,(anonymous_16)
FNDA:0,(anonymous_17)
FNDA:0,(anonymous_18)
FNDA:0,(anonymous_19)
FNDA:0,getCourseSpeedUsage
FNDA:0,(anonymous_21)
FNDA:0,getUserSpeedOverview
FNDA:0,calculateAverageSpeed
FNDA:0,(anonymous_24)
FNDA:0,(anonymous_25)
FNDA:0,getMostUsedSpeed
FNDA:0,(anonymous_27)
FNDA:0,calculateSpeedDistribution
FNDA:0,(anonymous_29)
FNDA:0,(anonymous_30)
FNDA:0,analyzeSpeedLearningCorrelation
FNDA:0,(anonymous_32)
FNDA:0,(anonymous_33)
FNDA:0,(anonymous_34)
FNDA:0,calculateCorrelation
FNDA:0,(anonymous_36)
FNDA:0,(anonymous_37)
FNDA:0,(anonymous_38)
FNDA:0,(anonymous_39)
FNDA:0,(anonymous_40)
DA:2,2
DA:4,2
DA:5,0
DA:6,0
DA:7,0
DA:9,0
DA:12,0
DA:51,0
DA:57,0
DA:64,0
DA:67,0
DA:68,0
DA:69,0
DA:71,0
DA:72,0
DA:73,0
DA:74,0
DA:75,0
DA:77,0
DA:78,0
DA:79,0
DA:81,0
DA:82,0
DA:83,0
DA:84,0
DA:87,0
DA:90,0
DA:104,0
DA:105,0
DA:106,0
DA:107,0
DA:108,0
DA:109,0
DA:112,0
DA:123,0
DA:124,0
DA:125,0
DA:127,0
DA:134,0
DA:137,0
DA:140,0
DA:147,0
DA:149,0
DA:155,0
DA:157,0
DA:167,2
DA:168,0
DA:169,0
DA:170,0
DA:172,0
DA:204,0
DA:207,0
DA:208,0
DA:209,0
DA:210,0
DA:211,0
DA:214,0
DA:216,0
DA:222,0
DA:223,0
DA:232,2
DA:233,0
DA:234,0
DA:235,0
DA:237,0
DA:240,0
DA:273,0
DA:274,0
DA:280,0
DA:282,0
DA:283,0
DA:284,0
DA:285,0
DA:288,0
DA:325,0
DA:326,0
DA:329,0
DA:330,0
DA:334,0
DA:348,0
DA:357,0
DA:359,0
DA:371,0
DA:372,0
DA:382,2
DA:383,0
DA:384,0
DA:385,0
DA:387,0
DA:390,0
DA:404,0
DA:416,0
DA:426,0
DA:427,0
DA:436,2
DA:437,0
DA:438,0
DA:440,0
DA:443,0
DA:467,0
DA:473,0
DA:474,0
DA:483,2
DA:484,0
DA:485,0
DA:486,0
DA:487,0
DA:489,0
DA:492,0
DA:497,0
DA:498,0
DA:505,0
DA:513,0
DA:514,0
DA:520,0
DA:526,0
DA:527,0
DA:539,2
DA:540,0
DA:541,0
DA:542,0
DA:544,0
DA:547,0
DA:548,0
DA:549,0
DA:550,0
DA:551,0
DA:555,0
DA:558,0
DA:569,0
DA:571,0
DA:572,0
DA:573,0
DA:575,0
DA:578,0
DA:580,0
DA:581,0
DA:583,0
DA:585,0
DA:586,0
DA:589,0
DA:590,0
DA:591,0
DA:604,0
DA:605,0
DA:606,0
DA:608,0
DA:616,0
DA:617,0
DA:618,0
DA:619,0
DA:621,0
DA:628,0
DA:639,0
DA:640,0
DA:642,0
DA:652,2
DA:653,0
DA:654,0
DA:655,0
DA:657,0
DA:659,0
DA:676,0
DA:684,0
DA:685,0
DA:694,2
DA:695,0
DA:696,0
DA:697,0
DA:698,0
DA:700,0
DA:703,0
DA:719,0
DA:733,0
DA:746,0
DA:756,0
DA:757,0
DA:766,2
DA:767,0
DA:768,0
DA:769,0
DA:770,0
DA:772,0
DA:774,0
DA:790,0
DA:792,0
DA:793,0
DA:794,0
DA:797,0
DA:799,0
DA:802,0
DA:804,0
DA:813,0
DA:814,0
DA:823,2
DA:824,0
DA:825,0
DA:826,0
DA:828,0
DA:829,0
DA:835,0
DA:837,0
DA:839,0
DA:840,0
DA:851,0
DA:855,0
DA:859,0
DA:863,0
DA:864,0
DA:877,0
DA:879,0
DA:881,0
DA:885,0
DA:893,0
DA:894,0
DA:905,0
DA:906,0
DA:920,0
DA:926,0
DA:927,0
DA:933,0
DA:935,0
DA:949,0
DA:964,0
DA:979,0
DA:991,0
DA:992,0
DA:998,0
DA:1000,0
DA:1001,0
DA:1003,0
DA:1004,0
DA:1007,0
DA:1012,0
DA:1014,0
DA:1015,0
DA:1021,0
DA:1023,0
DA:1024,0
DA:1026,0
DA:1035,0
DA:1036,0
DA:1043,0
DA:1044,0
DA:1045,0
DA:1048,0
DA:1049,0
DA:1052,0
DA:1054,0
DA:1055,0
DA:1058,0
DA:1059,0
DA:1062,0
DA:1063,0
DA:1066,0
DA:1075,0
DA:1077,0
DA:1078,0
DA:1079,0
DA:1080,0
DA:1081,0
DA:1082,0
DA:1084,0
DA:1085,0
DA:1087,0
LF:265
LH:12
BRDA:64,0,0,0
BRDA:64,0,1,0
BRDA:73,1,0,0
BRDA:73,1,1,0
BRDA:74,2,0,0
BRDA:74,2,1,0
BRDA:75,3,0,0
BRDA:75,3,1,0
BRDA:87,4,0,0
BRDA:87,4,1,0
BRDA:124,5,0,0
BRDA:124,5,1,0
BRDA:161,6,0,0
BRDA:161,6,1,0
BRDA:273,7,0,0
BRDA:273,7,1,0
BRDA:326,8,0,0
BRDA:326,8,1,0
BRDA:364,9,0,0
BRDA:364,9,1,0
BRDA:365,10,0,0
BRDA:365,10,1,0
BRDA:385,11,0,0
BRDA:385,11,1,0
BRDA:497,12,0,0
BRDA:497,12,1,0
BRDA:513,13,0,0
BRDA:513,13,1,0
BRDA:544,14,0,0
BRDA:544,14,1,0
BRDA:548,15,0,0
BRDA:548,15,1,0
BRDA:548,16,0,0
BRDA:548,16,1,0
BRDA:548,16,2,0
BRDA:548,16,3,0
BRDA:550,17,0,0
BRDA:550,17,1,0
BRDA:555,18,0,0
BRDA:555,18,1,0
BRDA:571,19,0,0
BRDA:571,19,1,0
BRDA:589,20,0,0
BRDA:589,20,1,0
BRDA:589,21,0,0
BRDA:589,21,1,0
BRDA:606,22,0,0
BRDA:606,22,1,0
BRDA:609,23,0,0
BRDA:609,23,1,0
BRDA:611,24,0,0
BRDA:611,24,1,0
BRDA:645,25,0,0
BRDA:645,25,1,0
BRDA:646,26,0,0
BRDA:646,26,1,0
BRDA:697,27,0,0
BRDA:697,27,1,0
BRDA:698,28,0,0
BRDA:698,28,1,0
BRDA:698,29,0,0
BRDA:698,29,1,0
BRDA:770,30,0,0
BRDA:770,30,1,0
BRDA:772,31,0,0
BRDA:772,31,1,0
BRDA:792,32,0,0
BRDA:792,32,1,0
BRDA:828,33,0,0
BRDA:828,33,1,0
BRDA:828,34,0,0
BRDA:828,34,1,0
BRDA:857,35,0,0
BRDA:857,35,1,0
BRDA:880,36,0,0
BRDA:880,36,1,0
BRDA:980,37,0,0
BRDA:980,37,1,0
BRDA:998,38,0,0
BRDA:998,38,1,0
BRDA:998,39,0,0
BRDA:998,39,1,0
BRDA:1001,40,0,0
BRDA:1001,40,1,0
BRDA:1012,41,0,0
BRDA:1012,41,1,0
BRDA:1012,42,0,0
BRDA:1012,42,1,0
BRDA:1015,43,0,0
BRDA:1015,43,1,0
BRDA:1021,44,0,0
BRDA:1021,44,1,0
BRDA:1021,45,0,0
BRDA:1021,45,1,0
BRDA:1024,46,0,0
BRDA:1024,46,1,0
BRDA:1035,47,0,0
BRDA:1035,47,1,0
BRDA:1035,48,0,0
BRDA:1035,48,1,0
BRDA:1044,49,0,0
BRDA:1044,49,1,0
BRDA:1045,50,0,0
BRDA:1045,50,1,0
BRDA:1054,51,0,0
BRDA:1054,51,1,0
BRDA:1058,52,0,0
BRDA:1058,52,1,0
BRDA:1062,53,0,0
BRDA:1062,53,1,0
BRDA:1069,54,0,0
BRDA:1069,54,1,0
BRDA:1075,55,0,0
BRDA:1075,55,1,0
BRDA:1075,56,0,0
BRDA:1075,56,1,0
BRDA:1087,57,0,0
BRDA:1087,57,1,0
BRF:118
BRH:0
end_of_record
TN:
SF:controllers\teacherCenterController.js
FN:5,(anonymous_0)
FN:75,(anonymous_1)
FN:126,(anonymous_2)
FN:141,(anonymous_3)
FN:178,(anonymous_4)
FN:192,(anonymous_5)
FN:221,(anonymous_6)
FN:278,(anonymous_7)
FN:314,getKnowledgeMasteryDistribution
FN:352,(anonymous_9)
FN:371,getKnowledgeWordCloud
FN:415,(anonymous_11)
FN:471,(anonymous_12)
FN:500,(anonymous_13)
FN:528,(anonymous_14)
FN:543,(anonymous_15)
FNF:16
FNH:0
FNDA:0,(anonymous_0)
FNDA:0,(anonymous_1)
FNDA:0,(anonymous_2)
FNDA:0,(anonymous_3)
FNDA:0,(anonymous_4)
FNDA:0,(anonymous_5)
FNDA:0,(anonymous_6)
FNDA:0,(anonymous_7)
FNDA:0,getKnowledgeMasteryDistribution
FNDA:0,(anonymous_9)
FNDA:0,getKnowledgeWordCloud
FNDA:0,(anonymous_11)
FNDA:0,(anonymous_12)
FNDA:0,(anonymous_13)
FNDA:0,(anonymous_14)
FNDA:0,(anonymous_15)
DA:1,2
DA:2,2
DA:5,2
DA:6,0
DA:7,0
DA:10,0
DA:18,0
DA:21,0
DA:27,0
DA:30,0
DA:36,0
DA:39,0
DA:45,0
DA:47,0
DA:69,0
DA:70,0
DA:75,2
DA:76,0
DA:77,0
DA:78,0
DA:80,0
DA:81,0
DA:83,0
DA:84,0
DA:85,0
DA:86,0
DA:90,0
DA:91,0
DA:92,0
DA:96,0
DA:104,0
DA:124,0
DA:126,0
DA:135,0
DA:136,0
DA:141,2
DA:142,0
DA:143,0
DA:144,0
DA:145,0
DA:148,0
DA:153,0
DA:154,0
DA:157,0
DA:159,0
DA:176,0
DA:178,0
DA:186,0
DA:187,0
DA:192,2
DA:193,0
DA:194,0
DA:195,0
DA:197,0
DA:198,0
DA:201,0
DA:206,0
DA:215,0
DA:216,0
DA:221,2
DA:222,0
DA:223,0
DA:224,0
DA:225,0
DA:228,0
DA:233,0
DA:234,0
DA:237,0
DA:238,0
DA:240,0
DA:241,0
DA:242,0
DA:244,0
DA:245,0
DA:246,0
DA:248,0
DA:249,0
DA:250,0
DA:252,0
DA:253,0
DA:254,0
DA:257,0
DA:258,0
DA:261,0
DA:262,0
DA:264,0
DA:269,0
DA:272,0
DA:273,0
DA:278,2
DA:279,0
DA:280,0
DA:281,0
DA:284,0
DA:289,0
DA:290,0
DA:294,0
DA:299,0
DA:300,0
DA:303,0
DA:305,0
DA:308,0
DA:309,0
DA:315,0
DA:316,0
DA:319,0
DA:338,0
DA:339,0
DA:352,0
DA:357,0
DA:359,0
DA:365,0
DA:366,0
DA:372,0
DA:373,0
DA:376,0
DA:400,0
DA:411,0
DA:413,0
DA:415,0
DA:419,0
DA:422,0
DA:429,0
DA:430,0
DA:433,0
DA:455,0
DA:458,0
DA:464,0
DA:465,0
DA:471,2
DA:472,0
DA:473,0
DA:474,0
DA:476,0
DA:478,0
DA:481,0
DA:482,0
DA:483,0
DA:487,0
DA:489,0
DA:491,0
DA:499,0
DA:500,0
DA:501,0
DA:502,0
DA:503,0
DA:504,0
DA:505,0
DA:507,0
DA:509,0
DA:512,0
DA:519,0
DA:520,0
DA:528,2
DA:529,0
DA:530,0
DA:531,0
DA:534,0
DA:535,0
DA:537,0
DA:538,0
DA:541,0
DA:542,0
DA:543,0
DA:544,0
DA:553,0
DA:563,0
DA:564,0
DA:571,2
LF:169
LH:11
BRDA:18,0,0,0
BRDA:18,0,1,0
BRDA:27,1,0,0
BRDA:27,1,1,0
BRDA:36,2,0,0
BRDA:36,2,1,0
BRDA:45,3,0,0
BRDA:45,3,1,0
BRDA:51,4,0,0
BRDA:51,4,1,0
BRDA:52,5,0,0
BRDA:52,5,1,0
BRDA:53,6,0,0
BRDA:53,6,1,0
BRDA:56,7,0,0
BRDA:56,7,1,0
BRDA:59,8,0,0
BRDA:59,8,1,0
BRDA:60,9,0,0
BRDA:60,9,1,0
BRDA:63,10,0,0
BRDA:63,10,1,0
BRDA:78,11,0,0
BRDA:78,12,0,0
BRDA:83,13,0,0
BRDA:83,13,1,0
BRDA:85,14,0,0
BRDA:85,14,1,0
BRDA:90,15,0,0
BRDA:90,15,1,0
BRDA:91,16,0,0
BRDA:91,16,1,0
BRDA:128,17,0,0
BRDA:128,17,1,0
BRDA:129,18,0,0
BRDA:129,18,1,0
BRDA:130,19,0,0
BRDA:130,19,1,0
BRDA:145,20,0,0
BRDA:145,21,0,0
BRDA:153,22,0,0
BRDA:153,22,1,0
BRDA:180,23,0,0
BRDA:180,23,1,0
BRDA:181,24,0,0
BRDA:181,24,1,0
BRDA:195,25,0,0
BRDA:197,26,0,0
BRDA:197,26,1,0
BRDA:197,27,0,0
BRDA:197,27,1,0
BRDA:233,28,0,0
BRDA:233,28,1,0
BRDA:240,29,0,0
BRDA:240,29,1,0
BRDA:244,30,0,0
BRDA:244,30,1,0
BRDA:248,31,0,0
BRDA:248,31,1,0
BRDA:252,32,0,0
BRDA:252,32,1,0
BRDA:257,33,0,0
BRDA:257,33,1,0
BRDA:289,34,0,0
BRDA:289,34,1,0
BRDA:299,35,0,0
BRDA:299,35,1,0
BRDA:338,36,0,0
BRDA:338,36,1,0
BRDA:338,37,0,0
BRDA:338,37,1,0
BRDA:413,38,0,0
BRDA:413,38,1,0
BRDA:413,39,0,0
BRDA:413,39,1,0
BRDA:416,40,0,0
BRDA:416,40,1,0
BRDA:417,41,0,0
BRDA:417,41,1,0
BRDA:429,42,0,0
BRDA:429,42,1,0
BRDA:473,43,0,0
BRDA:481,44,0,0
BRDA:481,44,1,0
BRDA:489,45,0,0
BRDA:489,45,1,0
BRDA:499,46,0,0
BRDA:499,46,1,0
BRDA:499,47,0,0
BRDA:499,47,1,0
BRDA:515,48,0,0
BRDA:515,48,1,0
BRDA:515,49,0,0
BRDA:515,49,1,0
BRDA:537,50,0,0
BRDA:537,50,1,0
BRDA:538,51,0,0
BRDA:538,51,1,0
BRDA:542,52,0,0
BRDA:542,52,1,0
BRDA:542,53,0,0
BRDA:542,53,1,0
BRDA:559,54,0,0
BRDA:559,54,1,0
BRDA:559,55,0,0
BRDA:559,55,1,0
BRF:106
BRH:0
end_of_record
TN:
SF:controllers\teacherController.js
FN:8,(anonymous_0)
FNF:1
FNH:0
FNDA:0,(anonymous_0)
DA:1,2
DA:8,2
DA:9,0
DA:10,0
DA:11,0
DA:13,0
DA:18,0
LF:7
LH:2
BRDA:10,0,0,0
BRF:1
BRH:0
end_of_record
TN:
SF:controllers\userCourseController.js
FN:8,(anonymous_0)
FN:33,(anonymous_1)
FN:58,(anonymous_2)
FN:77,(anonymous_3)
FN:124,(anonymous_4)
FN:178,(anonymous_5)
FN:197,(anonymous_6)
FN:220,(anonymous_7)
FN:246,(anonymous_8)
FN:275,(anonymous_9)
FN:306,(anonymous_10)
FNF:11
FNH:0
FNDA:0,(anonymous_0)
FNDA:0,(anonymous_1)
FNDA:0,(anonymous_2)
FNDA:0,(anonymous_3)
FNDA:0,(anonymous_4)
FNDA:0,(anonymous_5)
FNDA:0,(anonymous_6)
FNDA:0,(anonymous_7)
FNDA:0,(anonymous_8)
FNDA:0,(anonymous_9)
FNDA:0,(anonymous_10)
DA:2,2
DA:3,2
DA:4,2
DA:9,0
DA:10,0
DA:16,0
DA:18,0
DA:25,0
DA:27,0
DA:28,0
DA:34,0
DA:35,0
DA:36,0
DA:39,0
DA:40,0
DA:41,0
DA:45,0
DA:47,0
DA:52,0
DA:53,0
DA:59,0
DA:60,0
DA:61,0
DA:63,0
DA:65,0
DA:66,0
DA:69,0
DA:71,0
DA:72,0
DA:78,0
DA:79,0
DA:80,0
DA:83,0
DA:84,0
DA:85,0
DA:92,0
DA:98,0
DA:99,0
DA:105,0
DA:114,0
DA:115,0
DA:125,0
DA:126,0
DA:127,0
DA:133,0
DA:136,0
DA:137,0
DA:144,0
DA:145,0
DA:147,0
DA:150,0
DA:157,0
DA:158,0
DA:164,0
DA:169,0
DA:170,0
DA:179,0
DA:180,0
DA:181,0
DA:182,0
DA:184,0
DA:186,0
DA:191,0
DA:192,0
DA:198,0
DA:199,0
DA:204,0
DA:206,0
DA:212,0
DA:214,0
DA:215,0
DA:221,0
DA:222,0
DA:224,0
DA:227,0
DA:228,0
DA:238,0
DA:240,0
DA:241,0
DA:247,0
DA:248,0
DA:249,0
DA:251,0
DA:252,0
DA:256,0
DA:257,0
DA:258,0
DA:260,0
DA:261,0
DA:265,0
DA:267,0
DA:269,0
DA:270,0
DA:276,0
DA:277,0
DA:278,0
DA:280,0
DA:298,0
DA:300,0
DA:301,0
DA:307,0
DA:308,0
DA:309,0
DA:311,0
DA:313,0
DA:318,0
DA:319,0
DA:324,2
LF:108
LH:4
BRDA:12,0,0,0
BRDA:13,1,0,0
BRDA:14,2,0,0
BRDA:15,3,0,0
BRDA:40,4,0,0
BRDA:40,4,1,0
BRDA:65,5,0,0
BRDA:65,5,1,0
BRDA:84,6,0,0
BRDA:84,6,1,0
BRDA:98,7,0,0
BRDA:98,7,1,0
BRDA:109,8,0,0
BRDA:109,8,1,0
BRDA:136,9,0,0
BRDA:136,9,1,0
BRDA:136,10,0,0
BRDA:136,10,1,0
BRDA:136,10,2,0
BRDA:145,11,0,0
BRDA:145,11,1,0
BRDA:157,12,0,0
BRDA:157,12,1,0
BRDA:188,13,0,0
BRDA:188,13,1,0
BRDA:201,14,0,0
BRDA:202,15,0,0
BRDA:203,16,0,0
BRDA:227,17,0,0
BRDA:227,17,1,0
BRDA:229,18,0,0
BRDA:229,18,1,0
BRDA:230,19,0,0
BRDA:230,19,1,0
BRDA:231,20,0,0
BRDA:231,20,1,0
BRDA:232,21,0,0
BRDA:232,21,1,0
BRDA:233,22,0,0
BRDA:233,22,1,0
BRDA:251,23,0,0
BRDA:251,23,1,0
BRDA:251,24,0,0
BRDA:251,24,1,0
BRDA:257,25,0,0
BRDA:257,25,1,0
BRDA:260,26,0,0
BRDA:260,26,1,0
BRDA:260,27,0,0
BRDA:260,27,1,0
BRDA:260,27,2,0
BRDA:278,28,0,0
BRDA:315,29,0,0
BRDA:315,29,1,0
BRF:54
BRH:0
end_of_record
TN:
SF:controllers\community\commentController.js
FN:7,(anonymous_0)
FN:187,(anonymous_1)
FN:229,(anonymous_2)
FN:254,(anonymous_3)
FN:314,(anonymous_4)
FN:422,(anonymous_5)
FN:499,(anonymous_6)
FN:571,(anonymous_7)
FNF:8
FNH:0
FNDA:0,(anonymous_0)
FNDA:0,(anonymous_1)
FNDA:0,(anonymous_2)
FNDA:0,(anonymous_3)
FNDA:0,(anonymous_4)
FNDA:0,(anonymous_5)
FNDA:0,(anonymous_6)
FNDA:0,(anonymous_7)
DA:2,2
DA:3,2
DA:5,2
DA:8,0
DA:9,0
DA:11,0
DA:14,0
DA:15,0
DA:23,0
DA:24,0
DA:30,0
DA:31,0
DA:38,0
DA:43,0
DA:44,0
DA:51,0
DA:56,0
DA:57,0
DA:63,0
DA:64,0
DA:71,0
DA:72,0
DA:75,0
DA:76,0
DA:78,0
DA:81,0
DA:88,0
DA:89,0
DA:94,0
DA:95,0
DA:102,0
DA:107,0
DA:108,0
DA:116,0
DA:121,0
DA:122,0
DA:129,0
DA:138,0
DA:143,0
DA:146,0
DA:153,0
DA:154,0
DA:157,0
DA:159,0
DA:161,0
DA:168,0
DA:171,0
DA:172,0
DA:178,0
DA:188,0
DA:189,0
DA:190,0
DA:192,0
DA:199,0
DA:200,0
DA:206,0
DA:212,0
DA:215,0
DA:216,0
DA:217,0
DA:220,0
DA:222,0
DA:224,0
DA:226,0
DA:229,0
DA:234,0
DA:244,0
DA:245,0
DA:255,0
DA:256,0
DA:257,0
DA:259,0
DA:261,0
DA:262,0
DA:269,0
DA:274,0
DA:275,0
DA:281,0
DA:282,0
DA:288,0
DA:293,0
DA:294,0
DA:299,0
DA:305,0
DA:306,0
DA:315,0
DA:316,0
DA:317,0
DA:319,0
DA:321,0
DA:322,0
DA:329,0
DA:334,0
DA:335,0
DA:341,0
DA:342,0
DA:345,0
DA:346,0
DA:353,0
DA:354,0
DA:356,0
DA:358,0
DA:364,0
DA:369,0
DA:370,0
DA:371,0
DA:378,0
DA:384,0
DA:389,0
DA:391,0
DA:397,0
DA:407,0
DA:408,0
DA:410,0
DA:413,0
DA:414,0
DA:423,0
DA:424,0
DA:425,0
DA:427,0
DA:428,0
DA:435,0
DA:440,0
DA:441,0
DA:448,0
DA:449,0
DA:451,0
DA:453,0
DA:459,0
DA:465,0
DA:470,0
DA:472,0
DA:483,0
DA:484,0
DA:486,0
DA:490,0
DA:491,0
DA:500,0
DA:501,0
DA:502,0
DA:504,0
DA:505,0
DA:512,0
DA:513,0
DA:515,0
DA:517,0
DA:522,0
DA:523,0
DA:524,0
DA:531,0
DA:537,0
DA:542,0
DA:544,0
DA:555,0
DA:556,0
DA:558,0
DA:562,0
DA:563,0
DA:572,0
DA:573,0
DA:574,0
DA:576,0
DA:577,0
DA:584,0
DA:590,0
DA:595,0
DA:597,0
DA:608,0
DA:609,0
DA:617,2
LF:170
LH:4
BRDA:9,0,0,0
BRDA:14,1,0,0
BRDA:14,1,1,0
BRDA:14,2,0,0
BRDA:14,2,1,0
BRDA:14,2,2,0
BRDA:23,3,0,0
BRDA:23,3,1,0
BRDA:30,4,0,0
BRDA:30,4,1,0
BRDA:43,5,0,0
BRDA:43,5,1,0
BRDA:56,6,0,0
BRDA:56,6,1,0
BRDA:63,7,0,0
BRDA:63,7,1,0
BRDA:75,8,0,0
BRDA:75,8,1,0
BRDA:75,9,0,0
BRDA:75,9,1,0
BRDA:88,10,0,0
BRDA:88,10,1,0
BRDA:94,11,0,0
BRDA:94,11,1,0
BRDA:107,12,0,0
BRDA:107,12,1,0
BRDA:121,13,0,0
BRDA:121,13,1,0
BRDA:153,14,0,0
BRDA:153,14,1,0
BRDA:163,15,0,0
BRDA:163,15,1,0
BRDA:171,16,0,0
BRDA:171,16,1,0
BRDA:181,17,0,0
BRDA:181,17,1,0
BRDA:199,18,0,0
BRDA:199,18,1,0
BRDA:215,19,0,0
BRDA:215,19,1,0
BRDA:231,20,0,0
BRDA:231,20,1,0
BRDA:240,21,0,0
BRDA:240,21,1,0
BRDA:248,22,0,0
BRDA:248,22,1,0
BRDA:261,23,0,0
BRDA:261,23,1,0
BRDA:274,24,0,0
BRDA:274,24,1,0
BRDA:281,25,0,0
BRDA:281,25,1,0
BRDA:293,26,0,0
BRDA:293,26,1,0
BRDA:321,27,0,0
BRDA:321,27,1,0
BRDA:334,28,0,0
BRDA:334,28,1,0
BRDA:345,29,0,0
BRDA:345,29,1,0
BRDA:369,30,0,0
BRDA:369,30,1,0
BRDA:427,31,0,0
BRDA:427,31,1,0
BRDA:440,32,0,0
BRDA:440,32,1,0
BRDA:504,33,0,0
BRDA:504,33,1,0
BRDA:522,34,0,0
BRDA:522,34,1,0
BRDA:576,35,0,0
BRDA:576,35,1,0
BRDA:603,36,0,0
BRDA:603,36,1,0
BRF:74
BRH:0
end_of_record
TN:
SF:controllers\community\messageController.js
FN:7,(anonymous_0)
FN:87,(anonymous_1)
FN:163,(anonymous_2)
FN:215,(anonymous_3)
FN:241,(anonymous_4)
FNF:5
FNH:0
FNDA:0,(anonymous_0)
FNDA:0,(anonymous_1)
FNDA:0,(anonymous_2)
FNDA:0,(anonymous_3)
FNDA:0,(anonymous_4)
DA:2,2
DA:3,2
DA:5,2
DA:8,0
DA:9,0
DA:10,0
DA:12,0
DA:14,0
DA:15,0
DA:22,0
DA:27,0
DA:28,0
DA:35,0
DA:40,0
DA:41,0
DA:48,0
DA:54,0
DA:61,0
DA:63,0
DA:69,0
DA:71,0
DA:72,0
DA:78,0
DA:88,0
DA:89,0
DA:90,0
DA:92,0
DA:95,0
DA:96,0
DA:97,0
DA:100,0
DA:101,0
DA:108,0
DA:117,0
DA:119,0
DA:122,0
DA:127,0
DA:129,0
DA:131,0
DA:141,0
DA:142,0
DA:149,0
DA:164,0
DA:165,0
DA:166,0
DA:168,0
DA:169,0
DA:176,0
DA:180,0
DA:181,0
DA:188,0
DA:193,0
DA:200,0
DA:206,0
DA:207,0
DA:216,0
DA:217,0
DA:219,0
DA:227,0
DA:232,0
DA:233,0
DA:242,0
DA:243,0
DA:244,0
DA:246,0
DA:248,0
DA:249,0
DA:256,0
DA:261,0
DA:262,0
DA:268,0
DA:273,0
DA:274,0
DA:275,0
DA:280,0
DA:286,0
DA:287,0
DA:295,2
LF:78
LH:4
BRDA:14,0,0,0
BRDA:14,0,1,0
BRDA:14,1,0,0
BRDA:14,1,1,0
BRDA:27,2,0,0
BRDA:27,2,1,0
BRDA:40,3,0,0
BRDA:40,3,1,0
BRDA:71,4,0,0
BRDA:71,4,1,0
BRDA:81,5,0,0
BRDA:81,5,1,0
BRDA:90,6,0,0
BRDA:90,7,0,0
BRDA:100,8,0,0
BRDA:100,8,1,0
BRDA:100,9,0,0
BRDA:100,9,1,0
BRDA:100,9,2,0
BRDA:100,9,3,0
BRDA:152,10,0,0
BRDA:152,10,1,0
BRDA:168,11,0,0
BRDA:168,11,1,0
BRDA:168,12,0,0
BRDA:168,12,1,0
BRDA:180,13,0,0
BRDA:180,13,1,0
BRDA:248,14,0,0
BRDA:248,14,1,0
BRDA:261,15,0,0
BRDA:261,15,1,0
BRDA:273,16,0,0
BRDA:273,16,1,0
BRF:34
BRH:0
end_of_record
TN:
SF:controllers\community\postController.js
FN:7,(anonymous_0)
FN:137,(anonymous_1)
FN:153,(anonymous_2)
FN:177,(anonymous_3)
FN:208,(anonymous_4)
FN:268,(anonymous_5)
FN:328,(anonymous_6)
FN:449,(anonymous_7)
FN:529,(anonymous_8)
FNF:9
FNH:0
FNDA:0,(anonymous_0)
FNDA:0,(anonymous_1)
FNDA:0,(anonymous_2)
FNDA:0,(anonymous_3)
FNDA:0,(anonymous_4)
FNDA:0,(anonymous_5)
FNDA:0,(anonymous_6)
FNDA:0,(anonymous_7)
FNDA:0,(anonymous_8)
DA:2,2
DA:3,2
DA:5,2
DA:8,0
DA:9,0
DA:11,0
DA:14,0
DA:15,0
DA:23,0
DA:24,0
DA:30,0
DA:31,0
DA:38,0
DA:39,0
DA:40,0
DA:48,0
DA:53,0
DA:54,0
DA:61,0
DA:62,0
DA:67,0
DA:68,0
DA:76,0
DA:81,0
DA:82,0
DA:89,0
DA:90,0
DA:97,0
DA:106,0
DA:108,0
DA:118,0
DA:121,0
DA:122,0
DA:128,0
DA:138,0
DA:139,0
DA:140,0
DA:142,0
DA:143,0
DA:146,0
DA:147,0
DA:150,0
DA:153,0
DA:158,0
DA:168,0
DA:169,0
DA:178,0
DA:179,0
DA:180,0
DA:182,0
DA:184,0
DA:185,0
DA:192,0
DA:194,0
DA:199,0
DA:200,0
DA:209,0
DA:210,0
DA:211,0
DA:213,0
DA:215,0
DA:216,0
DA:223,0
DA:228,0
DA:229,0
DA:235,0
DA:236,0
DA:242,0
DA:247,0
DA:248,0
DA:253,0
DA:259,0
DA:260,0
DA:269,0
DA:270,0
DA:271,0
DA:273,0
DA:275,0
DA:276,0
DA:283,0
DA:288,0
DA:289,0
DA:295,0
DA:296,0
DA:302,0
DA:307,0
DA:308,0
DA:313,0
DA:319,0
DA:320,0
DA:329,0
DA:330,0
DA:331,0
DA:333,0
DA:335,0
DA:336,0
DA:343,0
DA:348,0
DA:349,0
DA:356,0
DA:361,0
DA:362,0
DA:369,0
DA:374,0
DA:375,0
DA:382,0
DA:383,0
DA:385,0
DA:387,0
DA:393,0
DA:399,0
DA:404,0
DA:406,0
DA:412,0
DA:423,0
DA:424,0
DA:426,0
DA:430,0
DA:433,0
DA:434,0
DA:440,0
DA:450,0
DA:451,0
DA:452,0
DA:454,0
DA:456,0
DA:457,0
DA:464,0
DA:465,0
DA:467,0
DA:469,0
DA:474,0
DA:475,0
DA:476,0
DA:483,0
DA:489,0
DA:494,0
DA:496,0
DA:502,0
DA:513,0
DA:514,0
DA:516,0
DA:520,0
DA:521,0
DA:530,0
DA:531,0
DA:532,0
DA:534,0
DA:535,0
DA:542,0
DA:548,0
DA:553,0
DA:555,0
DA:566,0
DA:567,0
DA:575,2
LF:156
LH:4
BRDA:14,0,0,0
BRDA:14,0,1,0
BRDA:14,1,0,0
BRDA:14,1,1,0
BRDA:14,1,2,0
BRDA:14,1,3,0
BRDA:23,2,0,0
BRDA:23,2,1,0
BRDA:23,3,0,0
BRDA:23,3,1,0
BRDA:30,4,0,0
BRDA:30,4,1,0
BRDA:39,5,0,0
BRDA:39,5,1,0
BRDA:53,6,0,0
BRDA:53,6,1,0
BRDA:61,7,0,0
BRDA:61,7,1,0
BRDA:67,8,0,0
BRDA:67,8,1,0
BRDA:81,9,0,0
BRDA:81,9,1,0
BRDA:89,10,0,0
BRDA:89,10,1,0
BRDA:89,11,0,0
BRDA:89,11,1,0
BRDA:103,12,0,0
BRDA:103,12,1,0
BRDA:121,13,0,0
BRDA:121,13,1,0
BRDA:131,14,0,0
BRDA:131,14,1,0
BRDA:139,15,0,0
BRDA:139,16,0,0
BRDA:142,17,0,0
BRDA:142,17,1,0
BRDA:146,18,0,0
BRDA:146,18,1,0
BRDA:184,19,0,0
BRDA:184,19,1,0
BRDA:215,20,0,0
BRDA:215,20,1,0
BRDA:228,21,0,0
BRDA:228,21,1,0
BRDA:235,22,0,0
BRDA:235,22,1,0
BRDA:247,23,0,0
BRDA:247,23,1,0
BRDA:275,24,0,0
BRDA:275,24,1,0
BRDA:288,25,0,0
BRDA:288,25,1,0
BRDA:295,26,0,0
BRDA:295,26,1,0
BRDA:307,27,0,0
BRDA:307,27,1,0
BRDA:335,28,0,0
BRDA:335,28,1,0
BRDA:348,29,0,0
BRDA:348,29,1,0
BRDA:361,30,0,0
BRDA:361,30,1,0
BRDA:374,31,0,0
BRDA:374,31,1,0
BRDA:433,32,0,0
BRDA:433,32,1,0
BRDA:443,33,0,0
BRDA:443,33,1,0
BRDA:456,34,0,0
BRDA:456,34,1,0
BRDA:474,35,0,0
BRDA:474,35,1,0
BRDA:534,36,0,0
BRDA:534,36,1,0
BRDA:561,37,0,0
BRDA:561,37,1,0
BRF:76
BRH:0
end_of_record
TN:
SF:controllers\community\qaController.js
FN:6,(anonymous_0)
FN:34,(anonymous_1)
FN:62,(anonymous_2)
FN:90,(anonymous_3)
FN:118,(anonymous_4)
FNF:5
FNH:0
FNDA:0,(anonymous_0)
FNDA:0,(anonymous_1)
FNDA:0,(anonymous_2)
FNDA:0,(anonymous_3)
FNDA:0,(anonymous_4)
DA:2,2
DA:4,2
DA:7,0
DA:8,0
DA:9,0
DA:11,0
DA:19,0
DA:21,0
DA:22,0
DA:23,0
DA:26,0
DA:28,0
DA:29,0
DA:31,0
DA:34,0
DA:39,0
DA:41,0
DA:51,0
DA:52,0
DA:53,0
DA:63,0
DA:64,0
DA:65,0
DA:67,0
DA:75,0
DA:77,0
DA:78,0
DA:79,0
DA:82,0
DA:84,0
DA:85,0
DA:87,0
DA:90,0
DA:95,0
DA:97,0
DA:107,0
DA:108,0
DA:109,0
DA:119,0
DA:120,0
DA:121,0
DA:123,0
DA:124,0
DA:130,0
DA:133,0
DA:138,0
DA:139,0
DA:145,0
DA:146,0
DA:152,0
DA:157,0
DA:158,0
DA:163,0
DA:169,0
DA:170,0
DA:178,2
LF:56
LH:3
BRDA:9,0,0,0
BRDA:9,1,0,0
BRDA:21,2,0,0
BRDA:21,2,1,0
BRDA:56,3,0,0
BRDA:56,3,1,0
BRDA:65,4,0,0
BRDA:65,5,0,0
BRDA:77,6,0,0
BRDA:77,6,1,0
BRDA:112,7,0,0
BRDA:112,7,1,0
BRDA:123,8,0,0
BRDA:123,8,1,0
BRDA:138,9,0,0
BRDA:138,9,1,0
BRDA:145,10,0,0
BRDA:145,10,1,0
BRDA:157,11,0,0
BRDA:157,11,1,0
BRF:20
BRH:0
end_of_record
TN:
SF:controllers\community\qaPostController.js
FN:6,(anonymous_0)
FN:60,(anonymous_1)
FN:114,(anonymous_2)
FN:133,(anonymous_3)
FN:157,(anonymous_4)
FNF:5
FNH:0
FNDA:0,(anonymous_0)
FNDA:0,(anonymous_1)
FNDA:0,(anonymous_2)
FNDA:0,(anonymous_3)
FNDA:0,(anonymous_4)
DA:2,2
DA:4,2
DA:7,0
DA:8,0
DA:10,0
DA:13,0
DA:14,0
DA:21,0
DA:26,0
DA:27,0
DA:34,0
DA:39,0
DA:41,0
DA:51,0
DA:52,0
DA:61,0
DA:62,0
DA:64,0
DA:67,0
DA:68,0
DA:75,0
DA:80,0
DA:81,0
DA:88,0
DA:93,0
DA:95,0
DA:105,0
DA:106,0
DA:115,0
DA:116,0
DA:118,0
DA:126,0
DA:128,0
DA:130,0
DA:133,0
DA:138,0
DA:148,0
DA:149,0
DA:158,0
DA:159,0
DA:160,0
DA:162,0
DA:164,0
DA:165,0
DA:172,0
DA:177,0
DA:178,0
DA:184,0
DA:187,0
DA:188,0
DA:195,0
DA:196,0
DA:203,0
DA:209,0
DA:215,0
DA:220,0
DA:221,0
DA:222,0
DA:227,0
DA:233,0
DA:234,0
DA:242,2
LF:62
LH:3
BRDA:13,0,0,0
BRDA:13,0,1,0
BRDA:13,1,0,0
BRDA:13,1,1,0
BRDA:13,1,2,0
BRDA:26,2,0,0
BRDA:26,2,1,0
BRDA:36,3,0,0
BRDA:36,3,1,0
BRDA:67,4,0,0
BRDA:67,4,1,0
BRDA:67,5,0,0
BRDA:67,5,1,0
BRDA:67,5,2,0
BRDA:80,6,0,0
BRDA:80,6,1,0
BRDA:90,7,0,0
BRDA:90,7,1,0
BRDA:116,8,0,0
BRDA:116,9,0,0
BRDA:164,10,0,0
BRDA:164,10,1,0
BRDA:177,11,0,0
BRDA:177,11,1,0
BRDA:187,12,0,0
BRDA:187,12,1,0
BRDA:195,13,0,0
BRDA:195,13,1,0
BRDA:220,14,0,0
BRDA:220,14,1,0
BRF:30
BRH:0
end_of_record
TN:
SF:controllers\community\roomController.js
FN:7,getRoomAdminStatus
FN:58,(anonymous_1)
FN:109,(anonymous_2)
FN:144,(anonymous_3)
FN:198,(anonymous_4)
FN:243,(anonymous_5)
FN:311,(anonymous_6)
FN:440,(anonymous_7)
FN:447,(anonymous_8)
FN:471,(anonymous_9)
FN:533,(anonymous_10)
FN:553,(anonymous_11)
FN:589,(anonymous_12)
FN:620,(anonymous_13)
FN:669,(anonymous_14)
FN:714,(anonymous_15)
FN:750,(anonymous_16)
FN:819,(anonymous_17)
FN:851,(anonymous_18)
FN:856,(anonymous_19)
FN:881,(anonymous_20)
FN:942,(anonymous_21)
FN:976,(anonymous_22)
FN:1026,(anonymous_23)
FN:1054,(anonymous_24)
FN:1089,(anonymous_25)
FN:1137,(anonymous_26)
FNF:27
FNH:0
FNDA:0,getRoomAdminStatus
FNDA:0,(anonymous_1)
FNDA:0,(anonymous_2)
FNDA:0,(anonymous_3)
FNDA:0,(anonymous_4)
FNDA:0,(anonymous_5)
FNDA:0,(anonymous_6)
FNDA:0,(anonymous_7)
FNDA:0,(anonymous_8)
FNDA:0,(anonymous_9)
FNDA:0,(anonymous_10)
FNDA:0,(anonymous_11)
FNDA:0,(anonymous_12)
FNDA:0,(anonymous_13)
FNDA:0,(anonymous_14)
FNDA:0,(anonymous_15)
FNDA:0,(anonymous_16)
FNDA:0,(anonymous_17)
FNDA:0,(anonymous_18)
FNDA:0,(anonymous_19)
FNDA:0,(anonymous_20)
FNDA:0,(anonymous_21)
FNDA:0,(anonymous_22)
FNDA:0,(anonymous_23)
FNDA:0,(anonymous_24)
FNDA:0,(anonymous_25)
FNDA:0,(anonymous_26)
DA:2,2
DA:3,2
DA:4,2
DA:5,2
DA:8,0
DA:13,0
DA:14,0
DA:22,0
DA:23,0
DA:24,0
DA:32,0
DA:33,0
DA:41,0
DA:46,0
DA:48,0
DA:56,2
DA:59,0
DA:60,0
DA:61,0
DA:63,0
DA:64,0
DA:71,0
DA:83,0
DA:96,0
DA:104,0
DA:109,0
DA:110,0
DA:111,0
DA:112,0
DA:116,0
DA:117,0
DA:118,0
DA:121,0
DA:135,0
DA:136,0
DA:145,0
DA:146,0
DA:147,0
DA:149,0
DA:150,0
DA:157,0
DA:158,0
DA:159,0
DA:166,0
DA:168,0
DA:177,0
DA:178,0
DA:184,0
DA:189,0
DA:190,0
DA:199,0
DA:200,0
DA:201,0
DA:203,0
DA:204,0
DA:211,0
DA:213,0
DA:222,0
DA:223,0
DA:229,0
DA:234,0
DA:235,0
DA:244,0
DA:245,0
DA:246,0
DA:248,0
DA:249,0
DA:255,0
DA:256,0
DA:257,0
DA:263,0
DA:265,0
DA:273,0
DA:274,0
DA:281,0
DA:289,0
DA:290,0
DA:297,0
DA:302,0
DA:303,0
DA:312,0
DA:313,0
DA:315,0
DA:318,0
DA:319,0
DA:327,0
DA:328,0
DA:334,0
DA:335,0
DA:342,0
DA:347,0
DA:348,0
DA:355,0
DA:360,0
DA:361,0
DA:368,0
DA:369,0
DA:376,0
DA:377,0
DA:384,0
DA:385,0
DA:392,0
DA:393,0
DA:400,0
DA:410,0
DA:412,0
DA:422,0
DA:425,0
DA:426,0
DA:432,0
DA:441,0
DA:442,0
DA:444,0
DA:447,0
DA:452,0
DA:462,0
DA:463,0
DA:472,0
DA:473,0
DA:474,0
DA:477,0
DA:484,0
DA:485,0
DA:491,0
DA:494,0
DA:497,0
DA:502,0
DA:503,0
DA:505,0
DA:506,0
DA:512,0
DA:513,0
DA:515,0
DA:524,0
DA:525,0
DA:534,0
DA:535,0
DA:537,0
DA:539,0
DA:544,0
DA:545,0
DA:554,0
DA:555,0
DA:556,0
DA:558,0
DA:568,0
DA:570,0
DA:580,0
DA:581,0
DA:590,0
DA:591,0
DA:593,0
DA:606,0
DA:611,0
DA:612,0
DA:621,0
DA:622,0
DA:623,0
DA:625,0
DA:631,0
DA:633,0
DA:634,0
DA:635,0
DA:638,0
DA:639,0
DA:640,0
DA:643,0
DA:644,0
DA:645,0
DA:646,0
DA:647,0
DA:648,0
DA:651,0
DA:653,0
DA:655,0
DA:660,0
DA:661,0
DA:670,0
DA:671,0
DA:672,0
DA:674,0
DA:675,0
DA:681,0
DA:686,0
DA:688,0
DA:689,0
DA:690,0
DA:691,0
DA:692,0
DA:693,0
DA:696,0
DA:698,0
DA:700,0
DA:705,0
DA:706,0
DA:715,0
DA:716,0
DA:717,0
DA:719,0
DA:720,0
DA:726,0
DA:736,0
DA:741,0
DA:742,0
DA:751,0
DA:752,0
DA:753,0
DA:755,0
DA:756,0
DA:762,0
DA:763,0
DA:765,0
DA:766,0
DA:767,0
DA:773,0
DA:774,0
DA:780,0
DA:781,0
DA:787,0
DA:792,0
DA:793,0
DA:799,0
DA:800,0
DA:805,0
DA:810,0
DA:811,0
DA:820,0
DA:821,0
DA:822,0
DA:824,0
DA:825,0
DA:831,0
DA:832,0
DA:834,0
DA:835,0
DA:841,0
DA:842,0
DA:848,0
DA:849,0
DA:850,0
DA:851,0
DA:853,0
DA:854,0
DA:856,0
DA:860,0
DA:862,0
DA:867,0
DA:872,0
DA:873,0
DA:882,0
DA:883,0
DA:884,0
DA:886,0
DA:887,0
DA:893,0
DA:894,0
DA:896,0
DA:897,0
DA:903,0
DA:904,0
DA:910,0
DA:911,0
DA:917,0
DA:918,0
DA:920,0
DA:925,0
DA:933,0
DA:934,0
DA:943,0
DA:944,0
DA:945,0
DA:947,0
DA:948,0
DA:954,0
DA:959,0
DA:967,0
DA:968,0
DA:977,0
DA:978,0
DA:979,0
DA:981,0
DA:982,0
DA:988,0
DA:989,0
DA:990,0
DA:996,0
DA:998,0
DA:1005,0
DA:1006,0
DA:1012,0
DA:1017,0
DA:1018,0
DA:1027,0
DA:1028,0
DA:1029,0
DA:1031,0
DA:1032,0
DA:1038,0
DA:1040,0
DA:1045,0
DA:1046,0
DA:1055,0
DA:1056,0
DA:1057,0
DA:1059,0
DA:1060,0
DA:1066,0
DA:1068,0
DA:1069,0
DA:1074,0
DA:1080,0
DA:1081,0
DA:1090,0
DA:1091,0
DA:1092,0
DA:1094,0
DA:1095,0
DA:1102,0
DA:1107,0
DA:1108,0
DA:1114,0
DA:1115,0
DA:1116,0
DA:1123,0
DA:1128,0
DA:1129,0
DA:1138,0
DA:1139,0
DA:1140,0
DA:1142,0
DA:1144,0
DA:1145,0
DA:1152,0
DA:1157,0
DA:1158,0
DA:1164,0
DA:1167,0
DA:1168,0
DA:1175,0
DA:1181,0
DA:1187,0
DA:1192,0
DA:1193,0
DA:1194,0
DA:1199,0
DA:1205,0
DA:1206,0
DA:1214,2
LF:348
LH:6
BRDA:13,0,0,0
BRDA:13,0,1,0
BRDA:23,1,0,0
BRDA:23,1,1,0
BRDA:32,2,0,0
BRDA:32,2,1,0
BRDA:46,3,0,0
BRDA:46,3,1,0
BRDA:63,4,0,0
BRDA:63,4,1,0
BRDA:116,5,0,0
BRDA:116,5,1,0
BRDA:117,6,0,0
BRDA:117,6,1,0
BRDA:118,7,0,0
BRDA:118,7,1,0
BRDA:127,8,0,0
BRDA:127,8,1,0
BRDA:129,9,0,0
BRDA:129,9,1,0
BRDA:130,10,0,0
BRDA:130,10,1,0
BRDA:149,11,0,0
BRDA:149,11,1,0
BRDA:149,12,0,0
BRDA:149,12,1,0
BRDA:158,13,0,0
BRDA:158,13,1,0
BRDA:158,14,0,0
BRDA:158,14,1,0
BRDA:158,14,2,0
BRDA:177,15,0,0
BRDA:177,15,1,0
BRDA:203,16,0,0
BRDA:203,16,1,0
BRDA:222,17,0,0
BRDA:222,17,1,0
BRDA:248,18,0,0
BRDA:248,18,1,0
BRDA:248,19,0,0
BRDA:248,19,1,0
BRDA:256,20,0,0
BRDA:256,20,1,0
BRDA:263,21,0,0
BRDA:263,21,1,0
BRDA:273,22,0,0
BRDA:273,22,1,0
BRDA:289,23,0,0
BRDA:289,23,1,0
BRDA:299,24,0,0
BRDA:299,24,1,0
BRDA:318,25,0,0
BRDA:318,25,1,0
BRDA:318,26,0,0
BRDA:318,26,1,0
BRDA:318,26,2,0
BRDA:327,27,0,0
BRDA:327,27,1,0
BRDA:327,28,0,0
BRDA:327,28,1,0
BRDA:334,29,0,0
BRDA:334,29,1,0
BRDA:347,30,0,0
BRDA:347,30,1,0
BRDA:360,31,0,0
BRDA:360,31,1,0
BRDA:368,32,0,0
BRDA:368,32,1,0
BRDA:368,33,0,0
BRDA:368,33,1,0
BRDA:368,33,2,0
BRDA:376,34,0,0
BRDA:376,34,1,0
BRDA:376,35,0,0
BRDA:376,35,1,0
BRDA:384,36,0,0
BRDA:384,36,1,0
BRDA:384,37,0,0
BRDA:384,37,1,0
BRDA:392,38,0,0
BRDA:392,38,1,0
BRDA:392,39,0,0
BRDA:392,39,1,0
BRDA:404,40,0,0
BRDA:404,40,1,0
BRDA:405,41,0,0
BRDA:405,41,1,0
BRDA:406,42,0,0
BRDA:406,42,1,0
BRDA:407,43,0,0
BRDA:407,43,1,0
BRDA:425,44,0,0
BRDA:425,44,1,0
BRDA:435,45,0,0
BRDA:435,45,1,0
BRDA:442,46,0,0
BRDA:442,47,0,0
BRDA:484,48,0,0
BRDA:484,48,1,0
BRDA:502,49,0,0
BRDA:502,49,1,0
BRDA:505,50,0,0
BRDA:505,50,1,0
BRDA:568,51,0,0
BRDA:568,51,1,0
BRDA:573,52,0,0
BRDA:573,52,1,0
BRDA:574,53,0,0
BRDA:574,53,1,0
BRDA:575,54,0,0
BRDA:575,54,1,0
BRDA:576,55,0,0
BRDA:576,55,1,0
BRDA:608,56,0,0
BRDA:608,56,1,0
BRDA:633,57,0,0
BRDA:633,57,1,0
BRDA:638,58,0,0
BRDA:638,58,1,0
BRDA:643,59,0,0
BRDA:643,59,1,0
BRDA:645,60,0,0
BRDA:645,60,1,0
BRDA:647,61,0,0
BRDA:647,61,1,0
BRDA:657,62,0,0
BRDA:657,62,1,0
BRDA:672,63,0,0
BRDA:674,64,0,0
BRDA:674,64,1,0
BRDA:688,65,0,0
BRDA:688,65,1,0
BRDA:690,66,0,0
BRDA:690,66,1,0
BRDA:692,67,0,0
BRDA:692,67,1,0
BRDA:702,68,0,0
BRDA:702,68,1,0
BRDA:719,69,0,0
BRDA:719,69,1,0
BRDA:738,70,0,0
BRDA:738,70,1,0
BRDA:755,71,0,0
BRDA:755,71,1,0
BRDA:755,72,0,0
BRDA:755,72,1,0
BRDA:755,72,2,0
BRDA:766,73,0,0
BRDA:766,73,1,0
BRDA:773,74,0,0
BRDA:773,74,1,0
BRDA:780,75,0,0
BRDA:780,75,1,0
BRDA:780,76,0,0
BRDA:780,76,1,0
BRDA:792,77,0,0
BRDA:792,77,1,0
BRDA:799,78,0,0
BRDA:799,78,1,0
BRDA:807,79,0,0
BRDA:807,79,1,0
BRDA:824,80,0,0
BRDA:824,80,1,0
BRDA:834,81,0,0
BRDA:834,81,1,0
BRDA:841,82,0,0
BRDA:841,82,1,0
BRDA:849,83,0,0
BRDA:849,83,1,0
BRDA:851,84,0,0
BRDA:851,84,1,0
BRDA:853,85,0,0
BRDA:853,85,1,0
BRDA:860,86,0,0
BRDA:860,86,1,0
BRDA:886,87,0,0
BRDA:886,87,1,0
BRDA:896,88,0,0
BRDA:896,88,1,0
BRDA:903,89,0,0
BRDA:903,89,1,0
BRDA:910,90,0,0
BRDA:910,90,1,0
BRDA:917,91,0,0
BRDA:917,91,1,0
BRDA:945,92,0,0
BRDA:945,93,0,0
BRDA:947,94,0,0
BRDA:947,94,1,0
BRDA:947,95,0,0
BRDA:947,95,1,0
BRDA:957,96,0,0
BRDA:957,96,1,0
BRDA:981,97,0,0
BRDA:981,97,1,0
BRDA:981,98,0,0
BRDA:981,98,1,0
BRDA:989,99,0,0
BRDA:989,99,1,0
BRDA:996,100,0,0
BRDA:996,100,1,0
BRDA:1005,101,0,0
BRDA:1005,101,1,0
BRDA:1031,102,0,0
BRDA:1031,102,1,0
BRDA:1059,103,0,0
BRDA:1059,103,1,0
BRDA:1068,104,0,0
BRDA:1068,104,1,0
BRDA:1094,105,0,0
BRDA:1094,105,1,0
BRDA:1107,106,0,0
BRDA:1107,106,1,0
BRDA:1115,107,0,0
BRDA:1115,107,1,0
BRDA:1144,108,0,0
BRDA:1144,108,1,0
BRDA:1157,109,0,0
BRDA:1157,109,1,0
BRDA:1167,110,0,0
BRDA:1167,110,1,0
BRDA:1192,111,0,0
BRDA:1192,111,1,0
BRF:223
BRH:0
end_of_record
TN:
SF:controllers\community\taskController.js
FN:7,(anonymous_0)
FN:123,(anonymous_1)
FN:171,(anonymous_2)
FN:216,(anonymous_3)
FN:247,(anonymous_4)
FNF:5
FNH:0
FNDA:0,(anonymous_0)
FNDA:0,(anonymous_1)
FNDA:0,(anonymous_2)
FNDA:0,(anonymous_3)
FNDA:0,(anonymous_4)
DA:3,2
DA:5,2
DA:8,0
DA:9,0
DA:10,0
DA:12,0
DA:15,0
DA:16,0
DA:23,0
DA:28,0
DA:29,0
DA:35,0
DA:36,0
DA:43,0
DA:48,0
DA:49,0
DA:56,0
DA:57,0
DA:64,0
DA:65,0
DA:66,0
DA:68,0
DA:70,0
DA:71,0
DA:77,0
DA:78,0
DA:80,0
DA:88,0
DA:91,0
DA:96,0
DA:98,0
DA:104,0
DA:107,0
DA:108,0
DA:114,0
DA:124,0
DA:125,0
DA:126,0
DA:128,0
DA:146,0
DA:148,0
DA:149,0
DA:150,0
DA:153,0
DA:155,0
DA:157,0
DA:162,0
DA:163,0
DA:172,0
DA:173,0
DA:174,0
DA:176,0
DA:177,0
DA:178,0
DA:184,0
DA:189,0
DA:190,0
DA:195,0
DA:201,0
DA:207,0
DA:208,0
DA:217,0
DA:218,0
DA:219,0
DA:221,0
DA:226,0
DA:227,0
DA:232,0
DA:238,0
DA:239,0
DA:248,0
DA:249,0
DA:251,0
DA:256,0
DA:257,0
DA:262,0
DA:268,0
DA:269,0
DA:277,2
LF:79
LH:3
BRDA:15,0,0,0
BRDA:15,0,1,0
BRDA:15,1,0,0
BRDA:15,1,1,0
BRDA:28,2,0,0
BRDA:28,2,1,0
BRDA:35,3,0,0
BRDA:35,3,1,0
BRDA:48,4,0,0
BRDA:48,4,1,0
BRDA:56,5,0,0
BRDA:56,5,1,0
BRDA:56,6,0,0
BRDA:56,6,1,0
BRDA:65,7,0,0
BRDA:65,7,1,0
BRDA:70,8,0,0
BRDA:70,8,1,0
BRDA:88,9,0,0
BRDA:88,9,1,0
BRDA:93,10,0,0
BRDA:93,10,1,0
BRDA:107,11,0,0
BRDA:107,11,1,0
BRDA:117,12,0,0
BRDA:117,12,1,0
BRDA:148,13,0,0
BRDA:148,13,1,0
BRDA:177,14,0,0
BRDA:177,14,1,0
BRDA:189,15,0,0
BRDA:189,15,1,0
BRDA:198,16,0,0
BRDA:198,16,1,0
BRDA:226,17,0,0
BRDA:226,17,1,0
BRDA:256,18,0,0
BRDA:256,18,1,0
BRF:38
BRH:0
end_of_record
TN:
SF:controllers\community\teamAnalysisController.js
FN:7,(anonymous_0)
FN:49,(anonymous_1)
FN:50,(anonymous_2)
FN:53,(anonymous_3)
FN:62,(anonymous_4)
FN:64,(anonymous_5)
FN:70,(anonymous_6)
FN:72,(anonymous_7)
FN:93,(anonymous_8)
FN:107,(anonymous_9)
FN:113,(anonymous_10)
FN:122,(anonymous_11)
FN:123,(anonymous_12)
FN:124,(anonymous_13)
FN:125,(anonymous_14)
FN:140,(anonymous_15)
FN:229,(anonymous_16)
FN:298,(anonymous_17)
FN:323,(anonymous_18)
FN:324,(anonymous_19)
FN:325,(anonymous_20)
FN:334,(anonymous_21)
FN:344,(anonymous_22)
FN:374,(anonymous_23)
FNF:24
FNH:0
FNDA:0,(anonymous_0)
FNDA:0,(anonymous_1)
FNDA:0,(anonymous_2)
FNDA:0,(anonymous_3)
FNDA:0,(anonymous_4)
FNDA:0,(anonymous_5)
FNDA:0,(anonymous_6)
FNDA:0,(anonymous_7)
FNDA:0,(anonymous_8)
FNDA:0,(anonymous_9)
FNDA:0,(anonymous_10)
FNDA:0,(anonymous_11)
FNDA:0,(anonymous_12)
FNDA:0,(anonymous_13)
FNDA:0,(anonymous_14)
FNDA:0,(anonymous_15)
FNDA:0,(anonymous_16)
FNDA:0,(anonymous_17)
FNDA:0,(anonymous_18)
FNDA:0,(anonymous_19)
FNDA:0,(anonymous_20)
FNDA:0,(anonymous_21)
FNDA:0,(anonymous_22)
FNDA:0,(anonymous_23)
DA:1,2
DA:3,2
DA:8,0
DA:9,0
DA:10,0
DA:13,0
DA:21,0
DA:23,0
DA:26,0
DA:28,0
DA:46,0
DA:49,0
DA:50,0
DA:52,0
DA:53,0
DA:62,0
DA:64,0
DA:65,0
DA:70,0
DA:72,0
DA:73,0
DA:75,0
DA:94,0
DA:98,0
DA:107,0
DA:113,0
DA:116,0
DA:122,0
DA:123,0
DA:124,0
DA:125,0
DA:131,0
DA:132,0
DA:141,0
DA:142,0
DA:143,0
DA:145,0
DA:148,0
DA:154,0
DA:155,0
DA:162,0
DA:163,0
DA:165,0
DA:167,0
DA:168,0
DA:174,0
DA:183,0
DA:186,0
DA:195,0
DA:198,0
DA:200,0
DA:201,0
DA:213,0
DA:220,0
DA:221,0
DA:230,0
DA:231,0
DA:232,0
DA:233,0
DA:235,0
DA:238,0
DA:244,0
DA:245,0
DA:251,0
DA:252,0
DA:259,0
DA:269,0
DA:270,0
DA:282,0
DA:289,0
DA:290,0
DA:299,0
DA:300,0
DA:303,0
DA:315,0
DA:323,0
DA:324,0
DA:325,0
DA:326,0
DA:328,0
DA:334,0
DA:344,0
DA:345,0
DA:347,0
DA:365,0
DA:366,0
DA:377,0
DA:384,2
LF:88
LH:3
BRDA:52,0,0,0
BRDA:52,0,1,0
BRDA:62,1,0,0
BRDA:62,1,1,0
BRDA:65,2,0,0
BRDA:65,2,1,0
BRDA:84,3,0,0
BRDA:84,3,1,0
BRDA:85,4,0,0
BRDA:85,4,1,0
BRDA:89,5,0,0
BRDA:89,5,1,0
BRDA:135,6,0,0
BRDA:135,6,1,0
BRDA:154,7,0,0
BRDA:154,7,1,0
BRDA:154,8,0,0
BRDA:154,8,1,0
BRDA:165,9,0,0
BRDA:165,9,1,0
BRDA:167,10,0,0
BRDA:167,10,1,0
BRDA:167,11,0,0
BRDA:167,11,1,0
BRDA:200,12,0,0
BRDA:200,12,1,0
BRDA:203,13,0,0
BRDA:203,13,1,0
BRDA:207,14,0,0
BRDA:207,14,1,0
BRDA:208,15,0,0
BRDA:208,15,1,0
BRDA:244,16,0,0
BRDA:244,16,1,0
BRDA:244,17,0,0
BRDA:244,17,1,0
BRDA:251,18,0,0
BRDA:251,18,1,0
BRDA:269,19,0,0
BRDA:269,19,1,0
BRDA:333,20,0,0
BRDA:333,20,1,0
BRDA:354,21,0,0
BRDA:354,21,1,0
BRF:44
BRH:0
end_of_record
TN:
SF:controllers\community\teamController.js
FN:8,(anonymous_0)
FN:29,(anonymous_1)
FN:41,(anonymous_2)
FN:49,(anonymous_3)
FN:87,(anonymous_4)
FN:213,(anonymous_5)
FN:225,(anonymous_6)
FN:249,(anonymous_7)
FN:277,(anonymous_8)
FN:301,(anonymous_9)
FN:363,(anonymous_10)
FN:398,(anonymous_11)
FN:454,(anonymous_12)
FN:528,(anonymous_13)
FNF:14
FNH:0
FNDA:0,(anonymous_0)
FNDA:0,(anonymous_1)
FNDA:0,(anonymous_2)
FNDA:0,(anonymous_3)
FNDA:0,(anonymous_4)
FNDA:0,(anonymous_5)
FNDA:0,(anonymous_6)
FNDA:0,(anonymous_7)
FNDA:0,(anonymous_8)
FNDA:0,(anonymous_9)
FNDA:0,(anonymous_10)
FNDA:0,(anonymous_11)
FNDA:0,(anonymous_12)
FNDA:0,(anonymous_13)
DA:2,2
DA:3,2
DA:4,2
DA:6,2
DA:9,0
DA:10,0
DA:13,0
DA:18,0
DA:23,0
DA:28,0
DA:29,0
DA:30,0
DA:32,0
DA:33,0
DA:36,0
DA:37,0
DA:40,0
DA:41,0
DA:44,0
DA:45,0
DA:49,0
DA:50,0
DA:51,0
DA:55,0
DA:60,0
DA:62,0
DA:68,0
DA:77,0
DA:78,0
DA:88,0
DA:89,0
DA:91,0
DA:94,0
DA:95,0
DA:103,0
DA:104,0
DA:110,0
DA:111,0
DA:118,0
DA:123,0
DA:124,0
DA:132,0
DA:133,0
DA:138,0
DA:139,0
DA:148,0
DA:153,0
DA:154,0
DA:161,0
DA:162,0
DA:169,0
DA:179,0
DA:181,0
DA:183,0
DA:193,0
DA:196,0
DA:197,0
DA:204,0
DA:214,0
DA:215,0
DA:216,0
DA:218,0
DA:219,0
DA:222,0
DA:225,0
DA:230,0
DA:240,0
DA:241,0
DA:250,0
DA:251,0
DA:252,0
DA:254,0
DA:256,0
DA:257,0
DA:263,0
DA:266,0
DA:269,0
DA:272,0
DA:275,0
DA:276,0
DA:277,0
DA:281,0
DA:282,0
DA:284,0
DA:292,0
DA:293,0
DA:302,0
DA:303,0
DA:304,0
DA:306,0
DA:307,0
DA:314,0
DA:315,0
DA:316,0
DA:323,0
DA:328,0
DA:329,0
DA:336,0
DA:337,0
DA:339,0
DA:340,0
DA:347,0
DA:349,0
DA:354,0
DA:355,0
DA:364,0
DA:365,0
DA:366,0
DA:368,0
DA:369,0
DA:375,0
DA:377,0
DA:378,0
DA:383,0
DA:389,0
DA:390,0
DA:399,0
DA:400,0
DA:401,0
DA:403,0
DA:404,0
DA:410,0
DA:411,0
DA:412,0
DA:419,0
DA:420,0
DA:426,0
DA:433,0
DA:434,0
DA:439,0
DA:445,0
DA:446,0
DA:455,0
DA:456,0
DA:457,0
DA:459,0
DA:460,0
DA:467,0
DA:472,0
DA:473,0
DA:479,0
DA:482,0
DA:483,0
DA:490,0
DA:496,0
DA:502,0
DA:507,0
DA:508,0
DA:513,0
DA:519,0
DA:520,0
DA:529,0
DA:530,0
DA:532,0
DA:533,0
DA:539,0
DA:541,0
DA:546,0
DA:547,0
DA:555,2
LF:160
LH:5
BRDA:30,0,0,0
BRDA:30,0,1,0
BRDA:36,1,0,0
BRDA:36,1,1,0
BRDA:36,2,0,0
BRDA:36,2,1,0
BRDA:40,3,0,0
BRDA:40,3,1,0
BRDA:40,4,0,0
BRDA:40,4,1,0
BRDA:44,5,0,0
BRDA:44,5,1,0
BRDA:50,6,0,0
BRDA:50,6,1,0
BRDA:50,7,0,0
BRDA:50,7,1,0
BRDA:50,7,2,0
BRDA:81,8,0,0
BRDA:81,8,1,0
BRDA:94,9,0,0
BRDA:94,9,1,0
BRDA:94,10,0,0
BRDA:94,10,1,0
BRDA:94,10,2,0
BRDA:103,11,0,0
BRDA:103,11,1,0
BRDA:103,12,0,0
BRDA:103,12,1,0
BRDA:110,13,0,0
BRDA:110,13,1,0
BRDA:123,14,0,0
BRDA:123,14,1,0
BRDA:132,15,0,0
BRDA:132,15,1,0
BRDA:138,16,0,0
BRDA:138,16,1,0
BRDA:153,17,0,0
BRDA:153,17,1,0
BRDA:161,18,0,0
BRDA:161,18,1,0
BRDA:161,19,0,0
BRDA:161,19,1,0
BRDA:161,19,2,0
BRDA:174,20,0,0
BRDA:174,20,1,0
BRDA:175,21,0,0
BRDA:175,21,1,0
BRDA:196,22,0,0
BRDA:196,22,1,0
BRDA:207,23,0,0
BRDA:207,23,1,0
BRDA:215,24,0,0
BRDA:215,25,0,0
BRDA:218,26,0,0
BRDA:218,26,1,0
BRDA:256,27,0,0
BRDA:256,27,1,0
BRDA:266,28,0,0
BRDA:266,28,1,0
BRDA:269,29,0,0
BRDA:269,29,1,0
BRDA:272,30,0,0
BRDA:272,30,1,0
BRDA:276,31,0,0
BRDA:276,31,1,0
BRDA:276,32,0,0
BRDA:276,32,1,0
BRDA:306,33,0,0
BRDA:306,33,1,0
BRDA:315,34,0,0
BRDA:315,34,1,0
BRDA:328,35,0,0
BRDA:328,35,1,0
BRDA:328,36,0,0
BRDA:328,36,1,0
BRDA:337,37,0,0
BRDA:337,37,1,0
BRDA:339,38,0,0
BRDA:339,38,1,0
BRDA:368,39,0,0
BRDA:368,39,1,0
BRDA:377,40,0,0
BRDA:377,40,1,0
BRDA:403,41,0,0
BRDA:403,41,1,0
BRDA:411,42,0,0
BRDA:411,42,1,0
BRDA:419,43,0,0
BRDA:419,43,1,0
BRDA:433,44,0,0
BRDA:433,44,1,0
BRDA:459,45,0,0
BRDA:459,45,1,0
BRDA:472,46,0,0
BRDA:472,46,1,0
BRDA:482,47,0,0
BRDA:482,47,1,0
BRDA:507,48,0,0
BRDA:507,48,1,0
BRDA:532,49,0,0
BRDA:532,49,1,0
BRF:101
BRH:0
end_of_record
TN:
SF:controllers\coursevideo\videoController.js
FN:8,(anonymous_0)
FN:29,(anonymous_1)
FN:46,(anonymous_2)
FN:69,(anonymous_3)
FN:144,(anonymous_4)
FN:177,(anonymous_5)
FNF:6
FNH:0
FNDA:0,(anonymous_0)
FNDA:0,(anonymous_1)
FNDA:0,(anonymous_2)
FNDA:0,(anonymous_3)
FNDA:0,(anonymous_4)
FNDA:0,(anonymous_5)
DA:2,2
DA:3,2
DA:4,2
DA:9,0
DA:10,0
DA:11,0
DA:13,0
DA:15,0
DA:16,0
DA:19,0
DA:21,0
DA:23,0
DA:24,0
DA:30,0
DA:31,0
DA:32,0
DA:34,0
DA:36,0
DA:38,0
DA:40,0
DA:41,0
DA:47,0
DA:48,0
DA:49,0
DA:51,0
DA:55,0
DA:56,0
DA:59,0
DA:61,0
DA:63,0
DA:64,0
DA:70,0
DA:79,0
DA:81,0
DA:83,0
DA:88,0
DA:89,0
DA:93,0
DA:94,0
DA:95,0
DA:99,0
DA:109,0
DA:110,0
DA:112,0
DA:113,0
DA:123,0
DA:124,0
DA:126,0
DA:131,0
DA:138,0
DA:139,0
DA:145,0
DA:146,0
DA:147,0
DA:149,0
DA:153,0
DA:154,0
DA:158,0
DA:159,0
DA:160,0
DA:164,0
DA:166,0
DA:171,0
DA:172,0
DA:178,0
DA:179,0
DA:180,0
DA:182,0
DA:184,0
DA:186,0
DA:188,0
DA:189,0
DA:194,2
LF:73
LH:4
BRDA:15,0,0,0
BRDA:15,0,1,0
BRDA:48,1,0,0
BRDA:55,2,0,0
BRDA:55,2,1,0
BRDA:55,3,0,0
BRDA:55,3,1,0
BRDA:55,3,2,0
BRDA:75,4,0,0
BRDA:76,5,0,0
BRDA:77,6,0,0
BRDA:78,7,0,0
BRDA:88,8,0,0
BRDA:88,8,1,0
BRDA:88,9,0,0
BRDA:88,9,1,0
BRDA:94,10,0,0
BRDA:94,10,1,0
BRDA:109,11,0,0
BRDA:109,11,1,0
BRDA:146,12,0,0
BRDA:153,13,0,0
BRDA:153,13,1,0
BRDA:153,14,0,0
BRDA:153,14,1,0
BRDA:153,14,2,0
BRDA:159,15,0,0
BRDA:159,15,1,0
BRF:28
BRH:0
end_of_record
TN:
SF:middleware\auth.js
FN:3,(anonymous_0)
FN:88,(anonymous_1)
FN:89,(anonymous_2)
FN:131,(anonymous_3)
FN:132,(anonymous_4)
FNF:5
FNH:1
FNDA:0,(anonymous_0)
FNDA:2,(anonymous_1)
FNDA:0,(anonymous_2)
FNDA:0,(anonymous_3)
FNDA:0,(anonymous_4)
DA:1,2
DA:3,2
DA:4,0
DA:5,0
DA:6,0
DA:9,0
DA:11,0
DA:12,0
DA:13,0
DA:19,0
DA:20,0
DA:24,0
DA:25,0
DA:26,0
DA:27,0
DA:28,0
DA:32,0
DA:33,0
DA:38,0
DA:39,0
DA:40,0
DA:46,0
DA:49,0
DA:56,0
DA:57,0
DA:59,0
DA:61,0
DA:63,0
DA:64,0
DA:71,0
DA:72,0
DA:79,0
DA:88,2
DA:89,2
DA:90,0
DA:91,0
DA:92,0
DA:94,0
DA:95,0
DA:96,0
DA:102,0
DA:105,0
DA:106,0
DA:107,0
DA:108,0
DA:112,0
DA:113,0
DA:114,0
DA:115,0
DA:118,0
DA:119,0
DA:121,0
DA:131,2
DA:132,0
DA:133,0
DA:135,0
DA:136,0
DA:137,0
DA:143,0
DA:145,0
DA:146,0
DA:151,0
DA:152,0
DA:153,0
DA:159,0
DA:160,0
DA:161,0
DA:164,0
DA:165,0
DA:166,0
DA:167,0
DA:171,0
DA:172,0
DA:173,0
DA:174,0
DA:177,0
DA:178,0
DA:180,0
DA:187,0
DA:188,0
DA:197,2
LF:81
LH:6
BRDA:11,0,0,0
BRDA:11,0,1,0
BRDA:11,1,0,0
BRDA:11,1,1,0
BRDA:24,2,0,0
BRDA:24,2,1,0
BRDA:25,3,0,0
BRDA:25,3,1,0
BRDA:35,4,0,0
BRDA:35,4,1,0
BRDA:38,5,0,0
BRDA:38,5,1,0
BRDA:63,6,0,0
BRDA:63,6,1,0
BRDA:71,7,0,0
BRDA:71,7,1,0
BRDA:94,8,0,0
BRDA:94,8,1,0
BRDA:94,9,0,0
BRDA:94,9,1,0
BRDA:105,10,0,0
BRDA:105,10,1,0
BRDA:112,11,0,0
BRDA:112,11,1,0
BRDA:135,12,0,0
BRDA:135,12,1,0
BRDA:135,13,0,0
BRDA:135,13,1,0
BRDA:151,14,0,0
BRDA:151,14,1,0
BRDA:164,15,0,0
BRDA:164,15,1,0
BRDA:171,16,0,0
BRDA:171,16,1,0
BRF:34
BRH:0
end_of_record
TN:
SF:middleware\errorHandler.js
FN:2,(anonymous_0)
FNF:1
FNH:1
FNDA:1,(anonymous_0)
DA:2,2
DA:3,1
DA:6,1
DA:7,1
DA:10,1
DA:11,0
DA:12,0
DA:15,1
DA:16,0
DA:17,0
DA:21,1
DA:22,0
DA:23,0
DA:26,1
DA:27,0
DA:28,0
DA:31,1
DA:38,2
LF:18
LH:10
BRDA:10,0,0,0
BRDA:10,0,1,1
BRDA:15,1,0,0
BRDA:15,1,1,1
BRDA:21,2,0,0
BRDA:21,2,1,1
BRDA:26,3,0,0
BRDA:26,3,1,1
BRDA:31,4,0,1
BRDA:31,4,1,1
BRDA:33,5,0,1
BRDA:33,5,1,0
BRDA:34,6,0,1
BRDA:34,6,1,0
BRF:14
BRH:8
end_of_record
TN:
SF:middleware\upload.js
FN:22,(anonymous_0)
FN:25,(anonymous_1)
FN:36,(anonymous_2)
FN:39,(anonymous_3)
FN:48,(anonymous_4)
FN:78,(anonymous_5)
FN:79,(anonymous_6)
FN:80,(anonymous_7)
FNF:8
FNH:1
FNDA:0,(anonymous_0)
FNDA:0,(anonymous_1)
FNDA:0,(anonymous_2)
FNDA:0,(anonymous_3)
FNDA:0,(anonymous_4)
FNDA:4,(anonymous_5)
FNDA:0,(anonymous_6)
FNDA:0,(anonymous_7)
DA:1,2
DA:2,2
DA:3,2
DA:6,2
DA:7,2
DA:8,2
DA:10,2
DA:11,0
DA:13,2
DA:14,0
DA:16,2
DA:17,0
DA:21,2
DA:23,0
DA:27,0
DA:28,0
DA:29,0
DA:30,0
DA:35,2
DA:37,0
DA:40,0
DA:41,0
DA:42,0
DA:43,0
DA:48,2
DA:50,0
DA:51,0
DA:53,0
DA:58,2
DA:68,2
DA:78,2
DA:79,4
DA:80,0
DA:81,0
DA:82,0
DA:83,0
DA:88,0
DA:89,0
DA:94,0
DA:98,0
DA:99,0
DA:104,0
DA:109,2
LF:43
LH:17
BRDA:10,0,0,0
BRDA:10,0,1,2
BRDA:13,1,0,0
BRDA:13,1,1,2
BRDA:16,2,0,0
BRDA:16,2,1,2
BRDA:40,3,0,0
BRDA:40,3,1,0
BRDA:50,4,0,0
BRDA:50,4,1,0
BRDA:81,5,0,0
BRDA:81,5,1,0
BRDA:82,6,0,0
BRDA:82,6,1,0
BRDA:88,7,0,0
BRDA:88,7,1,0
BRDA:98,8,0,0
BRDA:98,8,1,0
BRF:18
BRH:3
end_of_record
TN:
SF:models\Chapter.js
FN:6,(anonymous_0)
FN:22,(anonymous_1)
FNF:2
FNH:0
FNDA:0,(anonymous_0)
FNDA:0,(anonymous_1)
DA:2,2
DA:7,0
DA:18,0
DA:23,0
DA:37,0
DA:41,2
LF:6
LH:2
BRF:0
BRH:0
end_of_record
TN:
SF:models\Comment.js
FN:5,(anonymous_0)
FN:31,(anonymous_1)
FN:45,(anonymous_2)
FN:63,(anonymous_3)
FNF:4
FNH:0
FNDA:0,(anonymous_0)
FNDA:0,(anonymous_1)
FNDA:0,(anonymous_2)
FNDA:0,(anonymous_3)
DA:1,2
DA:7,0
DA:25,0
DA:27,0
DA:33,0
DA:39,0
DA:41,0
DA:47,0
DA:57,0
DA:59,0
DA:65,0
DA:71,0
DA:76,2
LF:13
LH:2
BRDA:59,0,0,0
BRDA:59,0,1,0
BRF:2
BRH:0
end_of_record
TN:
SF:models\Course.js
FN:6,(anonymous_0)
FN:58,(anonymous_1)
FN:86,(anonymous_2)
FN:114,(anonymous_3)
FN:141,(anonymous_4)
FN:154,(anonymous_5)
FN:175,(anonymous_6)
FN:228,(anonymous_7)
FN:238,(anonymous_8)
FN:268,(anonymous_9)
FN:271,(anonymous_10)
FN:297,(anonymous_11)
FN:300,(anonymous_12)
FNF:13
FNH:0
FNDA:0,(anonymous_0)
FNDA:0,(anonymous_1)
FNDA:0,(anonymous_2)
FNDA:0,(anonymous_3)
FNDA:0,(anonymous_4)
FNDA:0,(anonymous_5)
FNDA:0,(anonymous_6)
FNDA:0,(anonymous_7)
FNDA:0,(anonymous_8)
FNDA:0,(anonymous_9)
FNDA:0,(anonymous_10)
FNDA:0,(anonymous_11)
FNDA:0,(anonymous_12)
DA:2,2
DA:7,0
DA:38,0
DA:39,0
DA:41,0
DA:42,0
DA:44,0
DA:47,0
DA:48,0
DA:50,0
DA:54,0
DA:59,0
DA:82,0
DA:87,0
DA:111,0
DA:115,0
DA:122,0
DA:131,0
DA:132,0
DA:134,0
DA:142,0
DA:149,0
DA:150,0
DA:156,0
DA:163,0
DA:164,0
DA:171,0
DA:177,0
DA:178,0
DA:179,0
DA:180,0
DA:197,0
DA:198,0
DA:201,0
DA:205,0
DA:206,0
DA:207,0
DA:224,0
DA:229,0
DA:234,0
DA:239,0
DA:242,0
DA:243,0
DA:244,0
DA:245,0
DA:262,0
DA:266,0
DA:267,0
DA:268,0
DA:269,0
DA:271,0
DA:272,0
DA:273,0
DA:291,0
DA:295,0
DA:296,0
DA:297,0
DA:298,0
DA:300,0
DA:301,0
DA:302,0
DA:320,0
DA:323,0
DA:327,2
LF:64
LH:2
BRDA:39,0,0,0
BRDA:39,0,1,0
BRDA:42,1,0,0
BRDA:42,1,1,0
BRDA:48,2,0,0
BRDA:48,2,1,0
BRDA:131,3,0,0
BRDA:131,3,1,0
BRDA:132,4,0,0
BRDA:132,4,1,0
BRDA:149,5,0,0
BRDA:149,5,1,0
BRDA:160,6,0,0
BRDA:160,6,1,0
BRDA:163,7,0,0
BRDA:163,7,1,0
BRDA:167,8,0,0
BRDA:167,8,1,0
BRDA:175,9,0,0
BRDA:178,10,0,0
BRDA:178,10,1,0
BRDA:197,11,0,0
BRDA:197,11,1,0
BRDA:205,12,0,0
BRDA:205,12,1,0
BRDA:238,13,0,0
BRDA:242,14,0,0
BRDA:242,14,1,0
BRDA:243,15,0,0
BRDA:243,15,1,0
BRDA:266,16,0,0
BRDA:266,16,1,0
BRDA:295,17,0,0
BRDA:295,17,1,0
BRF:34
BRH:0
end_of_record
TN:
SF:models\categoryModel.js
FN:3,(anonymous_0)
FN:17,(anonymous_1)
FN:32,(anonymous_2)
FN:47,(anonymous_3)
FNF:4
FNH:0
FNDA:0,(anonymous_0)
FNDA:0,(anonymous_1)
FNDA:0,(anonymous_2)
FNDA:0,(anonymous_3)
DA:1,2
DA:3,2
DA:4,0
DA:14,0
DA:17,2
DA:18,0
DA:29,0
DA:32,2
DA:33,0
DA:44,0
DA:47,2
DA:48,0
DA:60,0
DA:63,2
LF:14
LH:6
BRF:0
BRH:0
end_of_record
TN:
SF:models\courseModel.js
FN:3,(anonymous_0)
FN:23,(anonymous_1)
FN:32,(anonymous_2)
FN:53,(anonymous_3)
FN:62,(anonymous_4)
FN:71,(anonymous_5)
FN:92,(anonymous_6)
FN:105,(anonymous_7)
FN:124,(anonymous_8)
FN:143,(anonymous_9)
FN:162,(anonymous_10)
FN:181,(anonymous_11)
FN:188,(anonymous_12)
FNF:13
FNH:0
FNDA:0,(anonymous_0)
FNDA:0,(anonymous_1)
FNDA:0,(anonymous_2)
FNDA:0,(anonymous_3)
FNDA:0,(anonymous_4)
FNDA:0,(anonymous_5)
FNDA:0,(anonymous_6)
FNDA:0,(anonymous_7)
FNDA:0,(anonymous_8)
FNDA:0,(anonymous_9)
FNDA:0,(anonymous_10)
FNDA:0,(anonymous_11)
FNDA:0,(anonymous_12)
DA:1,0
DA:3,0
DA:4,0
DA:20,0
DA:23,0
DA:24,0
DA:29,0
DA:32,0
DA:33,0
DA:50,0
DA:53,0
DA:54,0
DA:59,0
DA:62,0
DA:63,0
DA:68,0
DA:71,0
DA:72,0
DA:89,0
DA:92,0
DA:93,0
DA:102,0
DA:105,0
DA:106,0
DA:121,0
DA:124,0
DA:125,0
DA:140,0
DA:143,0
DA:144,0
DA:159,0
DA:162,0
DA:163,0
DA:178,0
DA:181,0
DA:182,0
DA:188,0
DA:189,0
DA:195,0
LF:39
LH:0
BRF:0
BRH:0
end_of_record
TN:
SF:models\learningTrendModel.js
FN:6,(anonymous_0)
FN:30,(anonymous_1)
FN:54,(anonymous_2)
FNF:3
FNH:0
FNDA:0,(anonymous_0)
FNDA:0,(anonymous_1)
FNDA:0,(anonymous_2)
DA:2,2
DA:7,0
DA:8,0
DA:22,0
DA:24,0
DA:25,0
DA:31,0
DA:32,0
DA:46,0
DA:48,0
DA:49,0
DA:55,0
DA:56,0
DA:69,0
DA:71,0
DA:72,0
DA:77,2
LF:17
LH:2
BRF:0
BRH:0
end_of_record
TN:
SF:models\reviewModel.js
FN:3,(anonymous_0)
FN:19,(anonymous_1)
FN:28,(anonymous_2)
FN:37,(anonymous_3)
FN:46,(anonymous_4)
FN:60,(anonymous_5)
FN:64,(anonymous_6)
FN:85,(anonymous_7)
FN:94,(anonymous_8)
FN:98,(anonymous_9)
FNF:10
FNH:0
FNDA:0,(anonymous_0)
FNDA:0,(anonymous_1)
FNDA:0,(anonymous_2)
FNDA:0,(anonymous_3)
FNDA:0,(anonymous_4)
FNDA:0,(anonymous_5)
FNDA:0,(anonymous_6)
FNDA:0,(anonymous_7)
FNDA:0,(anonymous_8)
FNDA:0,(anonymous_9)
DA:1,0
DA:3,0
DA:4,0
DA:16,0
DA:19,0
DA:20,0
DA:25,0
DA:28,0
DA:29,0
DA:34,0
DA:37,0
DA:38,0
DA:43,0
DA:46,0
DA:47,0
DA:57,0
DA:60,0
DA:61,0
DA:62,0
DA:64,0
DA:65,0
DA:66,0
DA:67,0
DA:71,0
DA:72,0
DA:75,0
DA:77,0
DA:82,0
DA:85,0
DA:86,0
DA:91,0
DA:94,0
DA:95,0
DA:98,0
DA:99,0
DA:106,0
DA:109,0
LF:37
LH:0
BRDA:40,0,0,0
BRDA:40,0,1,0
BRDA:65,1,0,0
BRDA:65,1,1,0
BRDA:71,2,0,0
BRDA:71,2,1,0
BRF:6
BRH:0
end_of_record
TN:
SF:models\teacherModel.js
FN:3,(anonymous_0)
FNF:1
FNH:0
FNDA:0,(anonymous_0)
DA:1,2
DA:3,2
DA:4,0
DA:26,0
DA:29,2
LF:5
LH:3
BRF:0
BRH:0
end_of_record
TN:
SF:models\userCourseModel.js
FN:6,(anonymous_0)
FN:15,(anonymous_1)
FN:36,(anonymous_2)
FN:114,(anonymous_3)
FN:169,(anonymous_4)
FN:193,(anonymous_5)
FN:211,(anonymous_6)
FN:252,(anonymous_7)
FN:303,(anonymous_8)
FN:325,(anonymous_9)
FN:330,(anonymous_10)
FNF:11
FNH:0
FNDA:0,(anonymous_0)
FNDA:0,(anonymous_1)
FNDA:0,(anonymous_2)
FNDA:0,(anonymous_3)
FNDA:0,(anonymous_4)
FNDA:0,(anonymous_5)
FNDA:0,(anonymous_6)
FNDA:0,(anonymous_7)
FNDA:0,(anonymous_8)
FNDA:0,(anonymous_9)
FNDA:0,(anonymous_10)
DA:2,2
DA:7,0
DA:11,0
DA:16,0
DA:17,0
DA:18,0
DA:21,0
DA:27,0
DA:32,0
DA:42,0
DA:44,0
DA:45,0
DA:46,0
DA:48,0
DA:49,0
DA:50,0
DA:51,0
DA:52,0
DA:53,0
DA:56,0
DA:57,0
DA:58,0
DA:62,0
DA:94,0
DA:102,0
DA:120,0
DA:122,0
DA:123,0
DA:125,0
DA:126,0
DA:127,0
DA:130,0
DA:131,0
DA:132,0
DA:136,0
DA:137,0
DA:138,0
DA:141,0
DA:142,0
DA:143,0
DA:146,0
DA:147,0
DA:148,0
DA:151,0
DA:152,0
DA:154,0
DA:155,0
DA:158,0
DA:165,0
DA:171,0
DA:172,0
DA:173,0
DA:175,0
DA:176,0
DA:178,0
DA:182,0
DA:189,0
DA:194,0
DA:199,0
DA:201,0
DA:207,0
DA:212,0
DA:213,0
DA:244,0
DA:246,0
DA:247,0
DA:253,0
DA:267,0
DA:281,0
DA:293,0
DA:304,0
DA:321,0
DA:326,0
DA:331,0
DA:332,0
DA:333,0
DA:335,0
DA:336,0
DA:337,0
DA:340,0
DA:341,0
DA:343,0
DA:344,0
DA:346,0
DA:351,2
LF:85
LH:2
BRDA:17,0,0,0
BRDA:17,0,1,0
BRDA:36,1,0,0
BRDA:38,2,0,0
BRDA:39,3,0,0
BRDA:40,4,0,0
BRDA:41,5,0,0
BRDA:48,6,0,0
BRDA:48,6,1,0
BRDA:50,7,0,0
BRDA:50,7,1,0
BRDA:52,8,0,0
BRDA:52,8,1,0
BRDA:56,9,0,0
BRDA:56,9,1,0
BRDA:105,10,0,0
BRDA:105,10,1,0
BRDA:108,11,0,0
BRDA:108,11,1,0
BRDA:119,12,0,0
BRDA:125,13,0,0
BRDA:125,13,1,0
BRDA:130,14,0,0
BRDA:130,14,1,0
BRDA:136,15,0,0
BRDA:136,15,1,0
BRDA:141,16,0,0
BRDA:141,16,1,0
BRDA:146,17,0,0
BRDA:146,17,1,0
BRDA:154,18,0,0
BRDA:154,18,1,0
BRDA:169,19,0,0
BRDA:171,20,0,0
BRDA:171,20,1,0
BRDA:173,21,0,0
BRDA:173,21,1,0
BRDA:186,22,0,0
BRDA:186,22,1,0
BRDA:199,23,0,0
BRDA:199,23,1,0
BRDA:321,24,0,0
BRDA:321,24,1,0
BRDA:325,25,0,0
BRF:44
BRH:0
end_of_record
TN:
SF:models\userModel.js
FN:5,(anonymous_0)
FN:23,(anonymous_1)
FN:42,(anonymous_2)
FN:78,(anonymous_3)
FN:87,(anonymous_4)
FN:96,(anonymous_5)
FN:105,(anonymous_6)
FN:119,(anonymous_7)
FN:133,(anonymous_8)
FN:152,(anonymous_9)
FN:172,(anonymous_10)
FN:190,(anonymous_11)
FNF:12
FNH:0
FNDA:0,(anonymous_0)
FNDA:0,(anonymous_1)
FNDA:0,(anonymous_2)
FNDA:0,(anonymous_3)
FNDA:0,(anonymous_4)
FNDA:0,(anonymous_5)
FNDA:0,(anonymous_6)
FNDA:0,(anonymous_7)
FNDA:0,(anonymous_8)
FNDA:0,(anonymous_9)
FNDA:0,(anonymous_10)
FNDA:0,(anonymous_11)
DA:1,2
DA:6,0
DA:19,0
DA:24,0
DA:38,0
DA:43,0
DA:44,0
DA:46,0
DA:47,0
DA:48,0
DA:50,0
DA:51,0
DA:52,0
DA:54,0
DA:55,0
DA:56,0
DA:58,0
DA:59,0
DA:60,0
DA:63,0
DA:64,0
DA:67,0
DA:69,0
DA:74,0
DA:79,0
DA:83,0
DA:88,0
DA:92,0
DA:97,0
DA:101,0
DA:106,0
DA:107,0
DA:109,0
DA:110,0
DA:111,0
DA:114,0
DA:115,0
DA:120,0
DA:121,0
DA:123,0
DA:124,0
DA:125,0
DA:128,0
DA:129,0
DA:134,0
DA:148,0
DA:153,0
DA:168,0
DA:173,0
DA:175,0
DA:181,0
DA:191,0
DA:195,0
DA:199,2
LF:54
LH:2
BRDA:46,0,0,0
BRDA:46,0,1,0
BRDA:50,1,0,0
BRDA:50,1,1,0
BRDA:54,2,0,0
BRDA:54,2,1,0
BRDA:58,3,0,0
BRDA:58,3,1,0
BRDA:63,4,0,0
BRDA:63,4,1,0
BRDA:105,5,0,0
BRDA:109,6,0,0
BRDA:109,6,1,0
BRDA:119,7,0,0
BRDA:123,8,0,0
BRDA:123,8,1,0
BRDA:173,9,0,0
BRF:17
BRH:0
end_of_record
TN:
SF:models\centeruser\achievement.model.js
FN:5,(anonymous_0)
FN:22,(anonymous_1)
FN:43,(anonymous_2)
FN:63,(anonymous_3)
FN:72,(anonymous_4)
FN:88,(anonymous_5)
FN:121,(anonymous_6)
FN:186,(anonymous_7)
FNF:8
FNH:0
FNDA:0,(anonymous_0)
FNDA:0,(anonymous_1)
FNDA:0,(anonymous_2)
FNDA:0,(anonymous_3)
FNDA:0,(anonymous_4)
FNDA:0,(anonymous_5)
FNDA:0,(anonymous_6)
FNDA:0,(anonymous_7)
DA:6,0
DA:18,0
DA:23,0
DA:39,0
DA:44,0
DA:59,0
DA:64,0
DA:68,0
DA:73,0
DA:74,0
DA:78,0
DA:80,0
DA:81,0
DA:83,0
DA:89,0
DA:106,0
DA:114,0
DA:122,0
DA:123,0
DA:124,0
DA:126,0
DA:128,0
DA:129,0
DA:131,0
DA:134,0
DA:136,0
DA:137,0
DA:139,0
DA:142,0
DA:143,0
DA:145,0
DA:148,0
DA:149,0
DA:150,0
DA:152,0
DA:153,0
DA:154,0
DA:157,0
DA:160,0
DA:161,0
DA:162,0
DA:164,0
DA:165,0
DA:166,0
DA:169,0
DA:172,0
DA:173,0
DA:174,0
DA:175,0
DA:177,0
DA:182,0
DA:187,0
DA:191,0
DA:196,0
LF:54
LH:0
BRDA:80,0,0,0
BRDA:80,0,1,0
BRDA:116,1,0,0
BRDA:116,1,1,0
BRDA:129,2,0,0
BRDA:129,2,1,0
BRDA:134,3,0,0
BRDA:134,3,1,0
BRDA:134,3,2,0
BRDA:134,3,3,0
BRDA:136,4,0,0
BRDA:136,4,1,0
BRDA:142,5,0,0
BRDA:142,5,1,0
BRDA:148,6,0,0
BRDA:148,6,1,0
BRDA:149,7,0,0
BRDA:149,7,1,0
BRDA:152,8,0,0
BRDA:152,8,1,0
BRDA:153,9,0,0
BRDA:153,9,1,0
BRDA:160,10,0,0
BRDA:160,10,1,0
BRDA:161,11,0,0
BRDA:161,11,1,0
BRDA:164,12,0,0
BRDA:164,12,1,0
BRDA:165,13,0,0
BRDA:165,13,1,0
BRDA:172,14,0,0
BRDA:172,14,1,0
BRDA:199,15,0,0
BRDA:199,15,1,0
BRF:34
BRH:0
end_of_record
TN:
SF:models\centeruser\community.model.js
FN:7,(anonymous_0)
FN:25,(anonymous_1)
FN:46,(anonymous_2)
FN:97,(anonymous_3)
FN:113,(anonymous_4)
FN:132,(anonymous_5)
FN:177,(anonymous_6)
FN:184,(anonymous_7)
FN:200,(anonymous_8)
FN:209,(anonymous_9)
FN:218,(anonymous_10)
FN:234,(anonymous_11)
FN:243,(anonymous_12)
FN:252,(anonymous_13)
FNF:14
FNH:0
FNDA:0,(anonymous_0)
FNDA:0,(anonymous_1)
FNDA:0,(anonymous_2)
FNDA:0,(anonymous_3)
FNDA:0,(anonymous_4)
FNDA:0,(anonymous_5)
FNDA:0,(anonymous_6)
FNDA:0,(anonymous_7)
FNDA:0,(anonymous_8)
FNDA:0,(anonymous_9)
FNDA:0,(anonymous_10)
FNDA:0,(anonymous_11)
FNDA:0,(anonymous_12)
FNDA:0,(anonymous_13)
DA:8,0
DA:21,0
DA:26,0
DA:42,0
DA:47,0
DA:57,0
DA:60,0
DA:74,0
DA:87,0
DA:98,0
DA:109,0
DA:114,0
DA:128,0
DA:133,0
DA:138,0
DA:141,0
DA:155,0
DA:171,0
DA:177,0
DA:185,0
DA:186,0
DA:190,0
DA:192,0
DA:193,0
DA:195,0
DA:201,0
DA:205,0
DA:210,0
DA:214,0
DA:219,0
DA:220,0
DA:224,0
DA:226,0
DA:227,0
DA:229,0
DA:235,0
DA:239,0
DA:244,0
DA:248,0
DA:253,0
DA:257,0
LF:41
LH:0
BRDA:57,0,0,0
BRDA:57,0,1,0
BRDA:138,1,0,0
BRDA:138,1,1,0
BRDA:192,2,0,0
BRDA:192,2,1,0
BRDA:212,3,0,0
BRDA:212,3,1,0
BRDA:226,4,0,0
BRDA:226,4,1,0
BRF:10
BRH:0
end_of_record
TN:
SF:models\centeruser\course.model.js
FN:5,(anonymous_0)
FN:28,(anonymous_1)
FN:48,(anonymous_2)
FN:115,(anonymous_3)
FN:138,(anonymous_4)
FN:155,(anonymous_5)
FN:174,(anonymous_6)
FN:183,(anonymous_7)
FN:192,(anonymous_8)
FN:232,(anonymous_9)
FN:253,(anonymous_10)
FN:276,(anonymous_11)
FNF:12
FNH:0
FNDA:0,(anonymous_0)
FNDA:0,(anonymous_1)
FNDA:0,(anonymous_2)
FNDA:0,(anonymous_3)
FNDA:0,(anonymous_4)
FNDA:0,(anonymous_5)
FNDA:0,(anonymous_6)
FNDA:0,(anonymous_7)
FNDA:0,(anonymous_8)
FNDA:0,(anonymous_9)
FNDA:0,(anonymous_10)
FNDA:0,(anonymous_11)
DA:6,0
DA:24,0
DA:29,0
DA:44,0
DA:49,0
DA:50,0
DA:51,0
DA:54,0
DA:55,0
DA:56,0
DA:59,0
DA:60,0
DA:61,0
DA:64,0
DA:65,0
DA:66,0
DA:69,0
DA:70,0
DA:71,0
DA:72,0
DA:76,0
DA:98,0
DA:105,0
DA:125,0
DA:127,0
DA:134,0
DA:139,0
DA:140,0
DA:142,0
DA:155,0
DA:156,0
DA:157,0
DA:158,0
DA:162,0
DA:164,0
DA:165,0
DA:170,0
DA:175,0
DA:179,0
DA:184,0
DA:188,0
DA:193,0
DA:210,0
DA:211,0
DA:225,0
DA:228,0
DA:233,0
DA:242,0
DA:243,0
DA:249,0
DA:254,0
DA:272,0
DA:277,0
DA:294,0
LF:54
LH:0
BRDA:48,0,0,0
BRDA:48,1,0,0
BRDA:48,2,0,0
BRDA:54,3,0,0
BRDA:54,3,1,0
BRDA:59,4,0,0
BRDA:59,4,1,0
BRDA:64,5,0,0
BRDA:64,5,1,0
BRDA:69,6,0,0
BRDA:69,6,1,0
BRDA:122,7,0,0
BRDA:123,8,0,0
BRDA:124,9,0,0
BRDA:156,10,0,0
BRDA:156,10,1,0
BRDA:162,11,0,0
BRDA:162,11,1,0
BRDA:242,12,0,0
BRDA:242,12,1,0
BRDA:253,13,0,0
BRDA:294,14,0,0
BRDA:294,14,1,0
BRF:23
BRH:0
end_of_record
TN:
SF:models\centeruser\user.model.js
FN:5,(anonymous_0)
FN:33,(anonymous_1)
FN:60,(anonymous_2)
FN:98,(anonymous_3)
FN:108,(anonymous_4)
FN:128,(anonymous_5)
FN:153,(anonymous_6)
FN:154,(anonymous_7)
FN:170,(anonymous_8)
FN:178,(anonymous_9)
FN:192,(anonymous_10)
FNF:11
FNH:0
FNDA:0,(anonymous_0)
FNDA:0,(anonymous_1)
FNDA:0,(anonymous_2)
FNDA:0,(anonymous_3)
FNDA:0,(anonymous_4)
FNDA:0,(anonymous_5)
FNDA:0,(anonymous_6)
FNDA:0,(anonymous_7)
FNDA:0,(anonymous_8)
FNDA:0,(anonymous_9)
FNDA:0,(anonymous_10)
DA:6,0
DA:29,0
DA:34,0
DA:56,0
DA:61,0
DA:64,0
DA:65,0
DA:67,0
DA:69,0
DA:74,0
DA:77,0
DA:78,0
DA:79,0
DA:87,0
DA:88,0
DA:90,0
DA:91,0
DA:93,0
DA:99,0
DA:100,0
DA:102,0
DA:104,0
DA:105,0
DA:107,0
DA:108,0
DA:109,0
DA:110,0
DA:111,0
DA:115,0
DA:116,0
DA:117,0
DA:124,0
DA:125,0
DA:127,0
DA:128,0
DA:129,0
DA:130,0
DA:131,0
DA:135,0
DA:136,0
DA:139,0
DA:144,0
DA:146,0
DA:152,0
DA:153,0
DA:154,0
DA:159,0
DA:160,0
DA:162,0
DA:163,0
DA:165,0
DA:171,0
DA:179,0
DA:180,0
DA:182,0
DA:183,0
DA:184,0
DA:187,0
DA:188,0
DA:193,0
DA:196,0
DA:198,0
DA:199,0
DA:200,0
DA:203,0
DA:204,0
LF:66
LH:0
BRDA:61,0,0,0
BRDA:78,1,0,0
BRDA:78,1,1,0
BRDA:78,2,0,0
BRDA:78,2,1,0
BRDA:78,2,2,0
BRDA:78,2,3,0
BRDA:78,2,4,0
BRDA:78,2,5,0
BRDA:78,2,6,0
BRDA:109,3,0,0
BRDA:109,3,1,0
BRDA:115,4,0,0
BRDA:115,4,1,0
BRDA:129,5,0,0
BRDA:129,5,1,0
BRDA:135,6,0,0
BRDA:135,6,1,0
BRDA:144,7,0,0
BRDA:144,7,1,0
BRDA:178,8,0,0
BRDA:182,9,0,0
BRDA:182,9,1,0
BRDA:192,10,0,0
BRDA:198,11,0,0
BRDA:198,11,1,0
BRF:26
BRH:0
end_of_record
TN:
SF:models\community\CommunityPost.js
FN:5,(anonymous_0)
FN:14,(anonymous_1)
FN:41,(anonymous_2)
FNF:3
FNH:0
FNDA:0,(anonymous_0)
FNDA:0,(anonymous_1)
FNDA:0,(anonymous_2)
DA:1,2
DA:6,0
DA:10,0
DA:15,0
DA:22,0
DA:24,0
DA:25,0
DA:26,0
DA:29,0
DA:30,0
DA:31,0
DA:34,0
DA:36,0
DA:37,0
DA:42,0
DA:49,0
DA:53,2
LF:17
LH:2
BRDA:14,0,0,0
BRDA:24,1,0,0
BRDA:24,1,1,0
BRDA:29,2,0,0
BRDA:29,2,1,0
BRF:5
BRH:0
end_of_record
TN:
SF:models\community\PostComment.js
FN:5,(anonymous_0)
FN:14,(anonymous_1)
FNF:2
FNH:0
FNDA:0,(anonymous_0)
FNDA:0,(anonymous_1)
DA:1,2
DA:6,0
DA:10,0
DA:15,0
DA:21,0
DA:23,0
DA:24,0
DA:25,0
DA:28,0
DA:30,0
DA:31,0
DA:35,2
LF:12
LH:2
BRDA:14,0,0,0
BRDA:23,1,0,0
BRDA:23,1,1,0
BRF:3
BRH:0
end_of_record
TN:
SF:models\community\RoomMember.js
FN:5,(anonymous_0)
FN:14,(anonymous_1)
FN:23,(anonymous_2)
FNF:3
FNH:0
FNDA:0,(anonymous_0)
FNDA:0,(anonymous_1)
FNDA:0,(anonymous_2)
DA:1,2
DA:6,0
DA:10,0
DA:15,0
DA:19,0
DA:24,0
DA:31,0
DA:35,2
LF:8
LH:2
BRF:0
BRH:0
end_of_record
TN:
SF:models\community\StudyRoom.js
FN:5,(anonymous_0)
FN:26,(anonymous_1)
FN:41,(anonymous_2)
FNF:3
FNH:0
FNDA:0,(anonymous_0)
FNDA:0,(anonymous_1)
FNDA:0,(anonymous_2)
DA:1,2
DA:6,0
DA:16,0
DA:18,0
DA:22,0
DA:27,0
DA:37,0
DA:43,0
DA:48,0
DA:49,0
DA:52,0
DA:53,0
DA:57,0
DA:62,0
DA:67,0
DA:70,0
DA:76,0
DA:81,0
DA:85,2
LF:19
LH:2
BRDA:10,0,0,0
BRDA:10,0,1,0
BRDA:11,1,0,0
BRDA:11,1,1,0
BRDA:12,2,0,0
BRDA:12,2,1,0
BRDA:13,3,0,0
BRDA:13,3,1,0
BRDA:48,4,0,0
BRDA:48,4,1,0
BRDA:52,5,0,0
BRDA:52,5,1,0
BRF:12
BRH:0
end_of_record
TN:
SF:models\community\StudyTeam.js
FN:5,(anonymous_0)
FN:14,(anonymous_1)
FN:37,(anonymous_2)
FN:48,(anonymous_3)
FNF:4
FNH:0
FNDA:0,(anonymous_0)
FNDA:0,(anonymous_1)
FNDA:0,(anonymous_2)
FNDA:0,(anonymous_3)
DA:1,2
DA:6,0
DA:10,0
DA:15,0
DA:23,0
DA:25,0
DA:26,0
DA:27,0
DA:30,0
DA:32,0
DA:33,0
DA:38,0
DA:44,0
DA:49,0
DA:53,0
DA:57,2
LF:16
LH:2
BRDA:14,0,0,0
BRDA:25,1,0,0
BRDA:25,1,1,0
BRF:3
BRH:0
end_of_record
TN:
SF:models\community\TeamMember.js
FN:6,(anonymous_0)
FN:15,(anonymous_1)
FN:32,(anonymous_2)
FN:41,(anonymous_3)
FN:50,(anonymous_4)
FN:59,(anonymous_5)
FNF:6
FNH:0
FNDA:0,(anonymous_0)
FNDA:0,(anonymous_1)
FNDA:0,(anonymous_2)
FNDA:0,(anonymous_3)
FNDA:0,(anonymous_4)
FNDA:0,(anonymous_5)
DA:2,2
DA:7,0
DA:11,0
DA:16,0
DA:28,0
DA:33,0
DA:37,0
DA:42,0
DA:46,0
DA:51,0
DA:55,0
DA:60,0
DA:67,0
DA:71,2
LF:14
LH:2
BRDA:6,0,0,0
BRF:1
BRH:0
end_of_record
TN:
SF:models\community\TeamTask.js
FN:6,(anonymous_0)
FN:15,(anonymous_1)
FN:36,(anonymous_2)
FNF:3
FNH:0
FNDA:0,(anonymous_0)
FNDA:0,(anonymous_1)
FNDA:0,(anonymous_2)
DA:2,0
DA:7,0
DA:11,0
DA:16,0
DA:22,0
DA:24,0
DA:25,0
DA:26,0
DA:29,0
DA:31,0
DA:32,0
DA:37,0
DA:41,0
DA:45,0
LF:14
LH:0
BRDA:15,0,0,0
BRDA:24,1,0,0
BRDA:24,1,1,0
BRF:3
BRH:0
end_of_record
TN:
SF:models\coursevideo\Video.js
FN:5,(anonymous_0)
FN:47,(anonymous_1)
FN:76,(anonymous_2)
FN:108,(anonymous_3)
FN:200,(anonymous_4)
FN:236,(anonymous_5)
FN:274,(anonymous_6)
FN:308,(anonymous_7)
FNF:8
FNH:0
FNDA:0,(anonymous_0)
FNDA:0,(anonymous_1)
FNDA:0,(anonymous_2)
FNDA:0,(anonymous_3)
FNDA:0,(anonymous_4)
FNDA:0,(anonymous_5)
FNDA:0,(anonymous_6)
FNDA:0,(anonymous_7)
DA:1,2
DA:6,0
DA:7,0
DA:9,0
DA:31,0
DA:32,0
DA:33,0
DA:36,0
DA:37,0
DA:39,0
DA:41,0
DA:42,0
DA:48,0
DA:49,0
DA:51,0
DA:62,0
DA:63,0
DA:64,0
DA:67,0
DA:69,0
DA:71,0
DA:77,0
DA:78,0
DA:83,0
DA:91,0
DA:93,0
DA:100,0
DA:102,0
DA:103,0
DA:116,0
DA:118,0
DA:122,0
DA:124,0
DA:125,0
DA:126,0
DA:133,0
DA:134,0
DA:136,0
DA:140,0
DA:141,0
DA:142,0
DA:153,0
DA:155,0
DA:160,0
DA:161,0
DA:163,0
DA:166,0
DA:167,0
DA:168,0
DA:175,0
DA:178,0
DA:185,0
DA:187,0
DA:191,0
DA:194,0
DA:195,0
DA:201,0
DA:202,0
DA:213,0
DA:215,0
DA:216,0
DA:217,0
DA:220,0
DA:221,0
DA:222,0
DA:225,0
DA:227,0
DA:228,0
DA:230,0
DA:231,0
DA:237,0
DA:238,0
DA:241,0
DA:245,0
DA:246,0
DA:254,0
DA:256,0
DA:265,0
DA:270,0
DA:275,0
DA:276,0
DA:288,0
DA:296,0
DA:297,0
DA:309,0
DA:310,0
DA:318,0
DA:320,0
DA:321,0
DA:326,2
LF:90
LH:2
BRDA:31,0,0,0
BRDA:31,0,1,0
BRDA:62,1,0,0
BRDA:62,1,1,0
BRDA:76,2,0,0
BRDA:111,3,0,0
BRDA:112,4,0,0
BRDA:113,5,0,0
BRDA:114,6,0,0
BRDA:115,7,0,0
BRDA:140,8,0,0
BRDA:140,8,1,0
BRDA:160,9,0,0
BRDA:160,9,1,0
BRDA:160,10,0,0
BRDA:160,10,1,0
BRDA:160,10,2,0
BRDA:163,11,0,0
BRDA:163,11,1,0
BRDA:167,12,0,0
BRDA:167,12,1,0
BRDA:200,13,0,0
BRDA:200,14,0,0
BRDA:215,15,0,0
BRDA:215,15,1,0
BRDA:220,16,0,0
BRDA:220,16,1,0
BRDA:237,17,0,0
BRDA:237,17,1,0
BRDA:237,18,0,0
BRDA:237,18,1,0
BRDA:249,19,0,0
BRDA:250,20,0,0
BRDA:251,21,0,0
BRDA:252,22,0,0
BRDA:253,23,0,0
BRDA:288,24,0,0
BRDA:288,24,1,0
BRDA:318,25,0,0
BRDA:318,25,1,0
BRF:40
BRH:0
end_of_record
TN:
SF:routes\auth.js
FNF:0
FNH:0
DA:1,2
DA:2,2
DA:3,2
DA:4,2
DA:7,2
DA:8,2
DA:11,2
DA:12,2
DA:13,2
DA:15,2
LF:10
LH:10
BRF:0
BRH:0
end_of_record
TN:
SF:routes\categories.js
FNF:0
FNH:0
DA:1,2
DA:2,2
DA:3,2
DA:6,2
DA:7,2
DA:8,2
DA:10,2
LF:7
LH:7
BRF:0
BRH:0
end_of_record
TN:
SF:routes\commentRoutes.js
FNF:0
FNH:0
DA:1,2
DA:2,2
DA:3,2
DA:4,2
DA:6,2
DA:7,2
DA:8,2
DA:10,2
LF:8
LH:8
BRF:0
BRH:0
end_of_record
TN:
SF:routes\courses copy.js
FNF:0
FNH:0
DA:1,0
DA:2,0
DA:3,0
DA:4,0
DA:7,0
DA:8,0
DA:9,0
DA:10,0
DA:13,0
DA:14,0
DA:17,0
DA:18,0
DA:19,0
DA:20,0
DA:21,0
DA:22,0
DA:24,0
LF:17
LH:0
BRF:0
BRH:0
end_of_record
TN:
SF:routes\courses.js
FNF:0
FNH:0
DA:2,2
DA:3,2
DA:4,2
DA:5,2
DA:6,2
DA:9,2
DA:10,2
DA:11,2
DA:12,2
DA:13,2
DA:14,2
DA:15,2
DA:16,2
DA:17,2
DA:18,2
DA:21,2
DA:22,2
DA:23,2
DA:25,2
DA:27,2
DA:29,2
LF:21
LH:21
BRF:0
BRH:0
end_of_record
TN:
SF:routes\deepseek.js
FN:6,(anonymous_0)
FNF:1
FNH:0
FNDA:0,(anonymous_0)
DA:1,2
DA:2,2
DA:3,2
DA:6,2
DA:7,0
DA:8,0
DA:9,0
DA:10,0
DA:11,0
DA:13,0
DA:17,2
LF:11
LH:5
BRDA:9,0,0,0
BRDA:9,0,1,0
BRF:2
BRH:0
end_of_record
TN:
SF:routes\personalCenter.js
FN:22,(anonymous_0)
FN:103,(anonymous_1)
FN:113,(anonymous_2)
FN:166,(anonymous_3)
FN:247,(anonymous_4)
FN:280,(anonymous_5)
FN:290,(anonymous_6)
FN:369,(anonymous_7)
FN:439,(anonymous_8)
FN:478,(anonymous_9)
FN:510,(anonymous_10)
FN:623,(anonymous_11)
FN:656,(anonymous_12)
FNF:13
FNH:0
FNDA:0,(anonymous_0)
FNDA:0,(anonymous_1)
FNDA:0,(anonymous_2)
FNDA:0,(anonymous_3)
FNDA:0,(anonymous_4)
FNDA:0,(anonymous_5)
FNDA:0,(anonymous_6)
FNDA:0,(anonymous_7)
FNDA:0,(anonymous_8)
FNDA:0,(anonymous_9)
FNDA:0,(anonymous_10)
FNDA:0,(anonymous_11)
FNDA:0,(anonymous_12)
DA:1,2
DA:2,2
DA:3,2
DA:4,2
DA:5,2
DA:8,2
DA:11,2
DA:14,2
DA:17,2
DA:22,2
DA:23,0
DA:24,0
DA:25,0
DA:27,0
DA:30,0
DA:32,0
DA:33,0
DA:35,0
DA:36,0
DA:37,0
DA:38,0
DA:39,0
DA:40,0
DA:43,0
DA:44,0
DA:45,0
DA:48,0
DA:50,0
DA:72,0
DA:80,0
DA:82,0
DA:93,0
DA:94,0
DA:103,2
DA:104,0
DA:105,0
DA:107,0
DA:108,0
DA:113,2
DA:114,0
DA:115,0
DA:117,0
DA:119,0
DA:122,0
DA:146,0
DA:148,0
DA:150,0
DA:156,0
DA:157,0
DA:166,2
DA:167,0
DA:168,0
DA:169,0
DA:170,0
DA:172,0
DA:174,0
DA:177,0
DA:182,0
DA:183,0
DA:190,0
DA:198,0
DA:201,0
DA:203,0
DA:209,0
DA:212,0
DA:213,0
DA:215,0
DA:222,0
DA:225,0
DA:227,0
DA:237,0
DA:238,0
DA:247,2
DA:248,0
DA:249,0
DA:250,0
DA:252,0
DA:254,0
DA:260,0
DA:262,0
DA:271,0
DA:272,0
DA:280,2
DA:281,0
DA:282,0
DA:284,0
DA:285,0
DA:290,2
DA:291,0
DA:292,0
DA:293,0
DA:295,0
DA:297,0
DA:300,0
DA:305,0
DA:306,0
DA:313,0
DA:319,0
DA:321,0
DA:323,0
DA:328,0
DA:329,0
DA:332,0
DA:333,0
DA:334,0
DA:335,0
DA:337,0
DA:343,0
DA:344,0
DA:348,0
DA:350,0
DA:359,0
DA:360,0
DA:369,2
DA:370,0
DA:371,0
DA:372,0
DA:374,0
DA:376,0
DA:379,0
DA:384,0
DA:385,0
DA:392,0
DA:398,0
DA:400,0
DA:401,0
DA:403,0
DA:404,0
DA:405,0
DA:407,0
DA:413,0
DA:414,0
DA:418,0
DA:420,0
DA:429,0
DA:430,0
DA:439,2
DA:440,0
DA:441,0
DA:442,0
DA:444,0
DA:446,0
DA:448,0
DA:454,0
DA:455,0
DA:457,0
DA:459,0
DA:468,0
DA:469,0
DA:478,2
DA:479,0
DA:480,0
DA:481,0
DA:483,0
DA:485,0
DA:490,0
DA:492,0
DA:500,0
DA:501,0
DA:510,2
DA:511,0
DA:512,0
DA:513,0
DA:514,0
DA:516,0
DA:518,0
DA:520,0
DA:525,0
DA:526,0
DA:533,0
DA:539,0
DA:541,0
DA:543,0
DA:545,0
DA:548,0
DA:553,0
DA:554,0
DA:558,0
DA:560,0
DA:562,0
DA:563,0
DA:564,0
DA:566,0
DA:572,0
DA:573,0
DA:575,0
DA:577,0
DA:578,0
DA:580,0
DA:586,0
DA:587,0
DA:591,0
DA:592,0
DA:598,0
DA:602,0
DA:604,0
DA:613,0
DA:614,0
DA:623,2
DA:624,0
DA:625,0
DA:627,0
DA:629,0
DA:631,0
DA:652,0
DA:654,0
DA:656,0
DA:668,0
DA:669,0
DA:677,2
LF:210
LH:22
BRDA:25,0,0,0
BRDA:25,1,0,0
BRDA:25,2,0,0
BRDA:25,3,0,0
BRDA:35,4,0,0
BRDA:35,4,1,0
BRDA:37,5,0,0
BRDA:37,5,1,0
BRDA:39,6,0,0
BRDA:39,6,1,0
BRDA:43,7,0,0
BRDA:43,7,1,0
BRDA:86,8,0,0
BRDA:86,8,1,0
BRDA:89,9,0,0
BRDA:89,9,1,0
BRDA:182,10,0,0
BRDA:182,10,1,0
BRDA:198,11,0,0
BRDA:198,11,1,0
BRDA:212,12,0,0
BRDA:212,12,1,0
BRDA:213,13,0,0
BRDA:213,13,1,0
BRDA:219,14,0,0
BRDA:219,14,1,0
BRDA:222,15,0,0
BRDA:222,15,1,0
BRDA:225,16,0,0
BRDA:225,16,1,0
BRDA:233,17,0,0
BRDA:233,17,1,0
BRDA:233,18,0,0
BRDA:233,18,1,0
BRDA:260,19,0,0
BRDA:260,19,1,0
BRDA:285,20,0,0
BRDA:285,20,1,0
BRDA:305,21,0,0
BRDA:305,21,1,0
BRDA:321,22,0,0
BRDA:321,22,1,0
BRDA:332,23,0,0
BRDA:332,23,1,0
BRDA:333,24,0,0
BRDA:333,24,1,0
BRDA:384,25,0,0
BRDA:384,25,1,0
BRDA:400,26,0,0
BRDA:400,26,1,0
BRDA:403,27,0,0
BRDA:403,27,1,0
BRDA:404,28,0,0
BRDA:404,28,1,0
BRDA:454,29,0,0
BRDA:454,29,1,0
BRDA:454,30,0,0
BRDA:454,30,1,0
BRDA:455,31,0,0
BRDA:455,31,1,0
BRDA:455,32,0,0
BRDA:455,32,1,0
BRDA:457,33,0,0
BRDA:457,33,1,0
BRDA:457,34,0,0
BRDA:457,34,1,0
BRDA:490,35,0,0
BRDA:490,35,1,0
BRDA:490,36,0,0
BRDA:490,36,1,0
BRDA:516,37,0,0
BRDA:516,37,1,0
BRDA:525,38,0,0
BRDA:525,38,1,0
BRDA:541,39,0,0
BRDA:541,39,1,0
BRDA:543,40,0,0
BRDA:543,40,1,0
BRDA:558,41,0,0
BRDA:558,41,1,0
BRDA:560,42,0,0
BRDA:560,42,1,0
BRDA:562,43,0,0
BRDA:562,43,1,0
BRDA:575,44,0,0
BRDA:575,44,1,0
BRDA:577,45,0,0
BRDA:577,45,1,0
BRDA:596,46,0,0
BRDA:596,46,1,0
BRDA:598,47,0,0
BRDA:598,47,1,0
BRDA:661,48,0,0
BRDA:661,48,1,0
BRF:94
BRH:0
end_of_record
TN:
SF:routes\reviews.js
FNF:0
FNH:0
DA:1,2
DA:2,2
DA:3,2
DA:4,2
DA:7,2
DA:10,2
DA:11,2
DA:12,2
DA:14,2
LF:9
LH:9
BRF:0
BRH:0
end_of_record
TN:
SF:routes\studentBehaviorRoutes.js
FNF:0
FNH:0
DA:1,2
DA:2,2
DA:3,2
DA:4,2
DA:7,2
DA:10,2
DA:13,2
DA:16,2
DA:19,2
DA:22,2
DA:25,2
DA:30,2
DA:33,2
DA:36,2
DA:39,2
DA:42,2
DA:44,2
LF:17
LH:17
BRF:0
BRH:0
end_of_record
TN:
SF:routes\teacherCenter.js
FNF:0
FNH:0
DA:1,2
DA:2,2
DA:3,2
DA:4,2
DA:5,2
DA:6,2
DA:9,2
DA:13,2
DA:16,2
DA:19,2
DA:22,2
DA:26,2
DA:30,2
DA:33,2
DA:36,2
DA:39,2
DA:43,2
DA:47,2
DA:50,2
DA:53,2
DA:56,2
DA:57,2
LF:22
LH:22
BRF:0
BRH:0
end_of_record
TN:
SF:routes\teachers.js
FNF:0
FNH:0
DA:1,2
DA:2,2
DA:3,2
DA:6,2
DA:8,2
LF:5
LH:5
BRF:0
BRH:0
end_of_record
TN:
SF:routes\userCourses.js
FNF:0
FNH:0
DA:2,2
DA:3,2
DA:4,2
DA:5,2
DA:8,2
DA:9,2
DA:10,2
DA:13,2
DA:14,2
DA:15,2
DA:16,2
DA:17,2
DA:20,2
DA:21,2
DA:24,2
DA:26,2
LF:16
LH:16
BRF:0
BRH:0
end_of_record
TN:
SF:routes\community\commentRoutes.js
FNF:0
FNH:0
DA:2,2
DA:3,2
DA:4,2
DA:7,2
DA:8,2
DA:9,2
DA:10,2
DA:11,2
DA:12,2
DA:13,2
DA:15,2
LF:11
LH:11
BRF:0
BRH:0
end_of_record
TN:
SF:routes\community\index.js
FNF:0
FNH:0
DA:2,2
DA:3,2
DA:5,2
DA:6,2
DA:7,2
DA:8,2
DA:9,2
DA:10,2
DA:11,2
DA:12,2
DA:14,2
DA:15,2
DA:16,2
DA:17,2
DA:18,2
DA:19,2
DA:20,2
DA:21,2
DA:23,2
LF:19
LH:19
BRF:0
BRH:0
end_of_record
TN:
SF:routes\community\messageRoutes.js
FNF:0
FNH:0
DA:2,2
DA:3,2
DA:4,2
DA:7,2
DA:8,2
DA:9,2
DA:11,2
LF:7
LH:7
BRF:0
BRH:0
end_of_record
TN:
SF:routes\community\postRoutes.js
FNF:0
FNH:0
DA:2,2
DA:3,2
DA:4,2
DA:7,2
DA:8,2
DA:9,2
DA:10,2
DA:11,2
DA:13,2
DA:14,2
DA:15,2
DA:17,2
LF:12
LH:12
BRF:0
BRH:0
end_of_record
TN:
SF:routes\community\qaPostRoutes.js
FNF:0
FNH:0
DA:2,2
DA:3,2
DA:4,2
DA:7,2
DA:8,2
DA:9,2
DA:10,2
DA:12,2
LF:8
LH:8
BRF:0
BRH:0
end_of_record
TN:
SF:routes\community\qaRoutes.js
FNF:0
FNH:0
DA:2,2
DA:3,2
DA:4,2
DA:7,2
DA:8,2
DA:9,2
DA:11,2
LF:7
LH:7
BRF:0
BRH:0
end_of_record
TN:
SF:routes\community\roomRoutes.js
FNF:0
FNH:0
DA:2,2
DA:3,2
DA:4,2
DA:5,2
DA:6,2
DA:14,2
DA:15,2
DA:16,2
DA:17,2
DA:18,2
DA:19,2
DA:20,2
DA:21,2
DA:22,2
DA:23,2
DA:24,2
DA:26,2
DA:27,2
DA:28,2
DA:29,2
DA:32,2
DA:33,2
DA:34,2
DA:35,2
DA:36,2
DA:37,2
DA:38,2
DA:41,2
DA:42,2
DA:43,2
DA:45,2
LF:31
LH:31
BRF:0
BRH:0
end_of_record
TN:
SF:routes\community\taskRoutes.js
FNF:0
FNH:0
DA:2,2
DA:3,2
DA:4,2
DA:5,2
DA:8,2
DA:9,2
DA:10,2
DA:11,2
DA:12,2
DA:15,2
DA:16,2
DA:19,2
DA:21,2
LF:13
LH:13
BRF:0
BRH:0
end_of_record
TN:
SF:routes\community\teamRoutes.js
FNF:0
FNH:0
DA:2,2
DA:3,2
DA:4,2
DA:5,2
DA:6,2
DA:9,2
DA:10,2
DA:11,2
DA:12,2
DA:13,2
DA:14,2
DA:15,2
DA:16,2
DA:17,2
DA:20,2
DA:21,2
DA:27,2
DA:28,2
DA:30,2
LF:19
LH:19
BRF:0
BRH:0
end_of_record
TN:
SF:services\deepseekService.js
FN:6,getClient
FN:22,askDeepSeek
FNF:2
FNH:0
FNDA:0,getClient
FNDA:0,askDeepSeek
DA:1,2
DA:2,2
DA:5,2
DA:7,0
DA:8,0
DA:14,0
DA:23,0
DA:24,0
DA:29,0
DA:32,0
DA:36,2
LF:11
LH:4
BRDA:7,0,0,0
BRDA:7,0,1,0
BRDA:22,1,0,0
BRDA:32,2,0,0
BRDA:32,2,1,0
BRF:5
BRH:0
end_of_record
TN:
SF:services\studentService.js
FN:5,(anonymous_0)
FN:48,(anonymous_1)
FN:94,(anonymous_2)
FN:120,(anonymous_3)
FN:149,(anonymous_4)
FN:183,(anonymous_5)
FN:207,(anonymous_6)
FNF:7
FNH:0
FNDA:0,(anonymous_0)
FNDA:0,(anonymous_1)
FNDA:0,(anonymous_2)
FNDA:0,(anonymous_3)
FNDA:0,(anonymous_4)
FNDA:0,(anonymous_5)
FNDA:0,(anonymous_6)
DA:1,0
DA:7,0
DA:18,0
DA:27,0
DA:30,0
DA:39,0
DA:49,0
DA:72,0
DA:74,0
DA:75,0
DA:80,0
DA:81,0
DA:87,0
DA:89,0
DA:90,0
DA:95,0
DA:96,0
DA:112,0
DA:115,0
DA:121,0
DA:123,0
DA:128,0
DA:130,0
DA:134,0
DA:137,0
DA:141,0
DA:144,0
DA:151,0
DA:156,0
DA:157,0
DA:161,0
DA:166,0
DA:167,0
DA:171,0
DA:176,0
DA:184,0
DA:185,0
DA:199,0
DA:202,0
DA:208,0
DA:226,0
DA:230,0
LF:42
LH:0
BRDA:41,0,0,0
BRDA:41,0,1,0
BRDA:42,1,0,0
BRDA:42,1,1,0
BRDA:43,2,0,0
BRDA:43,2,1,0
BRDA:48,3,0,0
BRDA:74,4,0,0
BRDA:74,4,1,0
BRDA:80,5,0,0
BRDA:80,5,1,0
BRDA:128,6,0,0
BRDA:128,6,1,0
BRDA:156,7,0,0
BRDA:156,7,1,0
BRDA:166,8,0,0
BRDA:166,8,1,0
BRDA:207,9,0,0
BRF:18
BRH:0
end_of_record
TN:
SF:utils\response.js
FN:2,(anonymous_0)
FN:10,(anonymous_1)
FN:17,(anonymous_2)
FNF:3
FNH:2
FNDA:8,(anonymous_0)
FNDA:0,(anonymous_1)
FNDA:2,(anonymous_2)
DA:2,3
DA:3,8
DA:10,3
DA:11,0
DA:17,3
DA:18,2
DA:24,3
LF:7
LH:6
BRDA:2,0,0,8
BRDA:10,1,0,0
BRDA:17,2,0,0
BRF:3
BRH:1
end_of_record
